Name                                              Stmts   Miss  Cover   Missing
-------------------------------------------------------------------------------
converter/__init__.py                                 0      0   100%
converter/behaviors/__init__.py                       2      0   100%
converter/behaviors/hold_tap.py                      47      0   100%
converter/behaviors/macro.py                         38     14    63%   44, 52-66, 72-93
converter/behaviors/sticky_key.py                    28     13    54%   22-23, 30-46, 54-69, 74, 83
converter/behaviors/unicode.py                       23      0   100%
converter/dts/__init__.py                             0      0   100%
converter/dts/ast.py                                 59      8    86%   24, 80-84, 95, 146, 156
converter/dts/error_handler.py                       67     18    73%   44, 94, 104-106, 110-133, 141-143, 147-170
converter/dts/extractor.py                          376    131    65%   64-89, 109-113, 117-121, 125-134, 153, 172, 197-198, 208, 219-223, 231, 242, 257-261, 266-269, 274-279, 285-286, 289-293, 310, 321-325, 330-335, 340-344, 356-359, 363-367, 396, 402, 424, 494-495, 516, 522-534, 548-550, 559-561, 584-606, 609-613, 618-620, 623-634, 638-640, 647-653, 660-664
converter/dts/parser.py                             391     92    76%   93-98, 118, 127-157, 160-188, 216-218, 242-245, 260-263, 282-284, 298-299, 310, 358, 374-376, 424-425, 447-449, 483-489, 495-499, 510, 559-563, 578, 585-591, 595-596, 639-644, 662-682, 693, 701-706, 726-730
converter/dts/preprocessor.py                       122     27    78%   64, 84-90, 151-152, 177, 201-207, 221-222, 275, 289, 302-303, 319-333
converter/error_handling/error_manager.py            40     13    68%   51, 55, 63, 67, 75, 83-92
converter/kanata_converter.py                        38     11    71%   137-155
converter/model/__init__.py                           0      0   100%
converter/model/behavior_base.py                      7      1    86%   13
converter/model/keymap_model.py                     194     20    90%   58, 60, 62, 64, 68, 72, 81, 85, 88-93, 119, 128, 161, 171, 198, 218
converter/models.py                                 157     15    90%   19, 56-58, 163, 187, 206-217, 262
converter/transformer/__init__.py                     0      0   100%
converter/transformer/holdtap_transformer.py         51      6    88%   73, 140, 159, 163, 205, 209
converter/transformer/kanata_transformer.py         355    101    72%   66, 83, 114, 118, 129, 132, 139, 151-163, 175-188, 249-255, 283-295, 303, 305, 325-333, 347-348, 355, 364-367, 463, 479, 483, 487-488, 492-493, 498, 502-508, 512-514, 522-544, 556-561, 565-571, 584, 599, 614-621, 627, 631-632, 649, 656-662
converter/transformer/keycode_map.py                 64     17    73%   189, 206-207, 228, 231, 240, 244-256, 259-261, 263-265, 278
converter/transformer/macro_transformer.py           73      1    99%   370
converter/transformer/sticky_key_transformer.py      63     36    43%   35-37, 40-45, 57-63, 86, 89, 92-103, 108-126, 130-140
tests/__init__.py                                     0      0   100%
tests/dts/test_ast.py                                64      0   100%
tests/dts/test_end_to_end.py                        111      0   100%
tests/dts/test_extractor.py                          66      0   100%
tests/dts/test_integration.py                        92      0   100%
tests/dts/test_parser.py                            188      0   100%
tests/dts/test_performance.py                        78      0   100%
tests/dts/test_preprocessor.py                      125      3    98%   40-59
tests/test_dts_parser.py                            116      0   100%
tests/test_dts_preprocessor.py                       43      0   100%
tests/test_hold_tap_behavior.py                      80      0   100%
tests/test_holdtap_transformer.py                    73      0   100%
tests/test_kanata_converter.py                      157      0   100%
tests/test_keymap_model.py                          113      0   100%
tests/test_macro_transformer.py                      52      0   100%
tests/test_main.py                                   75      0   100%
tests/test_models.py                                100      3    97%   14, 157-158
tests/test_regression_real_world.py                  50      9    82%   19-21, 58-62, 88
tests/test_sticky_key_transformer.py                 32      2    94%   12, 14
tests/test_unicode_behavior.py                       35      0   100%
-------------------------------------------------------------------------------
TOTAL                                              3845    541    86%
