Name                                              Stmts   Miss  Cover   Missing
-------------------------------------------------------------------------------
converter/__init__.py                                 0      0   100%
converter/behaviors/__init__.py                       2      0   100%
converter/behaviors/hold_tap.py                      80      0   100%
converter/behaviors/macro.py                         38     14    63%   44, 52-66, 72-93
converter/behaviors/sticky_key.py                    28     13    54%   22-23, 30-46, 54-69, 74, 83
converter/behaviors/unicode.py                       23      0   100%
converter/dts/__init__.py                             0      0   100%
converter/dts/ast.py                                 59      8    86%   24, 80-84, 95, 146, 156
converter/dts/error_handler.py                       67     18    73%   44, 94, 104-106, 110-133, 141-143, 147-170
converter/dts/extractor.py                          348    117    66%   64-89, 109-113, 117-121, 125-134, 153, 172, 197-198, 208, 219-223, 231, 242, 257-261, 266-269, 274-279, 285-286, 289-293, 310, 321-325, 330-335, 340-344, 356-359, 363-367, 396, 402, 424, 494, 516, 522-534, 549-551, 561-563, 568-572, 578-580, 583-594, 598-600, 607-613, 620-624
converter/dts/parser.py                             391     92    76%   93-98, 118, 127-157, 160-188, 216-218, 242-245, 260-263, 282-284, 298-299, 310, 358, 374-376, 424-425, 447-449, 483-489, 495-499, 510, 559-563, 578, 585-591, 595-596, 639-644, 662-682, 693, 701-706, 726-730
converter/dts/preprocessor.py                       122     27    78%   64, 84-90, 151-152, 177, 201-207, 221-222, 275, 289, 302-303, 319-333
converter/error_handling/error_manager.py            40     18    55%   42-55, 63, 67, 75, 83-92
converter/kanata_converter.py                        49     17    65%   68-74, 143-161
converter/model/__init__.py                           0      0   100%
converter/model/keymap_model.py                     154     12    92%   54, 58, 61-66, 92, 110, 137, 146
converter/models.py                                 198    112    43%   17, 33-38, 54-56, 61-80, 86-142, 146-158, 170, 212, 237, 263-269, 287-293, 312-317, 336-347, 366-392, 412
converter/transformer/__init__.py                     0      0   100%
converter/transformer/holdtap_transformer.py         52      4    92%   160, 164, 206, 210
converter/transformer/kanata_transformer.py         364    102    72%   72, 103, 107, 115, 118, 122, 132-146, 176, 178-180, 182-184, 195-199, 203-204, 234-240, 263-269, 281-288, 317-318, 325, 334-337, 433, 449, 453, 457-458, 462-463, 468, 472-478, 482-484, 492-514, 526-531, 535-541, 554, 569, 578-587, 604, 611-617
converter/transformer/keycode_map.py                 28      3    89%   189, 206-207
converter/transformer/macro_transformer.py           73     39    47%   313-315, 317-319, 321-323, 326-329, 337-363, 370
converter/transformer/sticky_key_transformer.py      63     54    14%   24-142
tests/__init__.py                                     0      0   100%
tests/dts/test_ast.py                                64      0   100%
tests/dts/test_end_to_end.py                        111      0   100%
tests/dts/test_extractor.py                          65      0   100%
tests/dts/test_integration.py                        92      0   100%
tests/dts/test_parser.py                            188      0   100%
tests/dts/test_performance.py                        78      0   100%
tests/dts/test_preprocessor.py                      125      3    98%   40-59
tests/test_dts_parser.py                            116      0   100%
tests/test_dts_preprocessor.py                       43      0   100%
tests/test_hold_tap_behavior.py                      74      0   100%
tests/test_holdtap_transformer.py                    79      0   100%
tests/test_kanata_converter.py                      157      0   100%
tests/test_keymap_model.py                          113      0   100%
tests/test_main.py                                   75      0   100%
tests/test_regression_real_world.py                  50      9    82%   19-21, 58-62, 88
tests/test_unicode_behavior.py                       35      0   100%
-------------------------------------------------------------------------------
TOTAL                                              3644    662    82%
