============================= test session starts ==============================
platform darwin -- Python 3.10.16, pytest-8.3.5, pluggy-1.5.0 -- /Volumes/FlashGordon/Dropbox/code/nicktokatana/.venv/bin/python3
cachedir: .pytest_cache
rootdir: /Volumes/FlashGordon/Dropbox/code/nicktokatana
configfile: pyproject.toml
collecting ... collected 17 items

tests/test_sticky_key_transformer.py::test_sticky_key_transformer_init PASSED [  5%]
tests/test_sticky_key_transformer.py::test_transform_binding_valid PASSED [ 11%]
tests/test_sticky_key_transformer.py::test_transform_binding_missing_params PASSED [ 17%]
tests/test_sticky_key_transformer.py::test_transform_binding_unknown_flavor PASSED [ 23%]
tests/test_sticky_key_transformer.py::test_transform_binding_params_modifier PASSED [ 29%]
tests/test_sticky_key_transformer.py::test_transform_binding_params_function_key PASSED [ 35%]
tests/test_sticky_key_transformer.py::test_transform_binding_params_layer_switch PASSED [ 41%]
tests/test_sticky_key_transformer.py::test_transform_binding_params_regular_key PASSED [ 47%]
tests/test_sticky_key_transformer.py::test_transform_binding_params_special_key PASSED [ 52%]
tests/test_sticky_key_transformer.py::test_transform_binding_params_unknown_key PASSED [ 58%]
tests/test_sticky_key_transformer.py::test_transform_binding_params_empty_key PASSED [ 64%]
tests/test_sticky_key_transformer.py::test_transform_binding_params_nonstring_key PASSED [ 70%]
tests/test_sticky_key_transformer.py::test_transform_binding_stickykeybinding_with_timeout PASSED [ 76%]
tests/test_sticky_key_transformer.py::test_transform_binding_stickykeybinding_invalid_timeout PASSED [ 82%]
tests/test_sticky_key_transformer.py::test_transform_binding_with_key_attr_and_timeout PASSED [ 88%]
tests/test_sticky_key_transformer.py::test_transform_binding_with_key_obj PASSED [ 94%]
tests/test_sticky_key_transformer.py::test_transform_binding_invalid_type PASSED [100%]

============================== 17 passed in 0.02s ==============================
