============================= test session starts ==============================
platform darwin -- Python 3.10.16, pytest-8.3.5, pluggy-1.5.0 -- /Volumes/FlashGordon/Dropbox/code/nicktokatana/.venv/bin/python3
cachedir: .pytest_cache
rootdir: /Volumes/FlashGordon/Dropbox/code/nicktokatana
configfile: pyproject.toml
collecting ... collected 5 items

tests/test_macro_transformer.py::test_transform_macro_string_bindings PASSED [ 20%]
tests/test_macro_transformer.py::test_transform_macro_object_bindings PASSED [ 40%]
tests/test_macro_transformer.py::test_transform_macro_mixed_and_unknown PASSED [ 60%]
tests/test_macro_transformer.py::test_transform_macro_empty_and_missing_params PASSED [ 80%]
tests/test_macro_transformer.py::test_convert_key_mapped_and_unmapped PASSED [100%]

============================== 5 passed in 0.01s ===============================
