============================= test session starts ==============================
platform darwin -- Python 3.10.16, pytest-8.3.5, pluggy-1.5.0 -- /Volumes/FlashGordon/Dropbox/code/nicktokatana/.venv/bin/python3
cachedir: .pytest_cache
rootdir: /Volumes/FlashGordon/Dropbox/code/nicktokatana
configfile: pyproject.toml
collecting ... collected 6 items

tests/test_regression_real_world.py::test_golden_regression[tests/fixtures/real_world/card.keymap] SKIPPED [ 16%]
tests/test_regression_real_world.py::test_golden_regression[tests/fixtures/real_world/piano.keymap] SKIPPED [ 33%]
tests/test_regression_real_world.py::test_no_unsupported_features[tests/fixtures/real_world/card.keymap] PASSED [ 50%]
tests/test_regression_real_world.py::test_no_unsupported_features[tests/fixtures/real_world/piano.keymap] PASSED [ 66%]
tests/test_regression_real_world.py::test_no_long_lines_in_kanata_outputs[tests/fixtures/real_world/card.keymap] PASSED [ 83%]
tests/test_regression_real_world.py::test_no_long_lines_in_kanata_outputs[tests/fixtures/real_world/piano.keymap] PASSED [100%]

========================= 4 passed, 2 skipped in 0.17s =========================
