============================= test session starts ==============================
platform darwin -- Python 3.10.16, pytest-8.3.5, pluggy-1.5.0 -- /Volumes/FlashGordon/Dropbox/code/nicktokatana/.venv/bin/python3
cachedir: .pytest_cache
rootdir: /Volumes/FlashGordon/Dropbox/code/nicktokatana
configfile: pyproject.toml
collecting ... collected 9 items

tests/test_models.py::test_keymapping_from_zmk_valid PASSED              [ 11%]
tests/test_models.py::test_keymapping_from_zmk_invalid PASSED            [ 22%]
tests/test_models.py::test_keymapping_to_kanata_and_dict PASSED          [ 33%]
tests/test_models.py::test_binding_to_dict_error PASSED                  [ 44%]
tests/test_models.py::test_layer_to_dict_error PASSED                    [ 55%]
tests/test_models.py::test_combo_to_dict_error PASSED                    [ 66%]
tests/test_models.py::test_keymapconfig_to_dict_error PASSED             [ 77%]
tests/test_models.py::test_kanataconfig_to_dict PASSED                   [ 88%]
tests/test_models.py::test_macrobehavior_init_and_to_dict PASSED         [100%]

============================== 9 passed in 0.02s ===============================
