============================= test session starts ==============================
platform darwin -- Python 3.10.16, pytest-8.3.4, pluggy-1.5.0 -- /Users/malpern/.pyenv/versions/3.10.16/bin/python3.10
cachedir: .pytest_cache
rootdir: /Volumes/FlashGordon/Dropbox/code/nicktokatana
configfile: pyproject.toml
testpaths: tests
plugins: anyio-4.7.0
collecting ... collected 72 items

tests/dts/test_ast.py::test_dts_property_creation PASSED                 [  1%]
tests/dts/test_ast.py::test_dts_node_creation PASSED                     [  2%]
tests/dts/test_ast.py::test_dts_node_find PASSED                         [  4%]
tests/dts/test_ast.py::test_dts_root_creation PASSED                     [  5%]
tests/dts/test_ast.py::test_dts_root_label_map PASSED                    [  6%]
tests/dts/test_end_to_end.py::test_simple_keymap PASSED                  [  8%]
tests/dts/test_end_to_end.py::test_complex_keymap_with_behaviors PASSED  [  9%]
tests/dts/test_end_to_end.py::test_keymap_with_unicode PASSED            [ 11%]
tests/dts/test_end_to_end.py::test_error_handling PASSED                 [ 12%]
tests/dts/test_end_to_end.py::test_keymap_with_combos PASSED             [ 13%]
tests/dts/test_end_to_end.py::test_keymap_with_conditional_layers PASSED [ 15%]
tests/dts/test_extractor.py::test_extract_simple_keymap PASSED           [ 16%]
tests/dts/test_extractor.py::test_extract_with_behaviors PASSED          [ 18%]
tests/dts/test_extractor.py::test_extract_multiple_layers PASSED         [ 19%]
tests/dts/test_extractor.py::test_extract_complex_bindings PASSED        [ 20%]
tests/dts/test_extractor.py::test_extract_invalid_content PASSED         [ 22%]
tests/dts/test_integration.py::test_full_pipeline_simple_keymap PASSED   [ 23%]
tests/dts/test_integration.py::test_full_pipeline_with_behaviors PASSED  [ 25%]
tests/dts/test_integration.py::test_full_pipeline_multiple_layers PASSED [ 26%]
tests/dts/test_integration.py::test_full_pipeline_complex_bindings PASSED [ 27%]
tests/dts/test_integration.py::test_full_pipeline_error_handling FAILED  [ 29%]
tests/dts/test_parser.py::test_parse_simple_dts PASSED                   [ 30%]
tests/dts/test_parser.py::test_parse_with_labels PASSED                  [ 31%]
tests/dts/test_parser.py::test_parse_with_references PASSED              [ 33%]
tests/dts/test_parser.py::test_parse_error_handling PASSED               [ 34%]
tests/dts/test_parser.py::test_parse_complex_dts PASSED                  [ 36%]
tests/dts/test_parser.py::test_parse_nested_nodes PASSED                 [ 37%]
tests/dts/test_parser.py::test_parse_multiple_labels PASSED              [ 38%]
tests/dts/test_parser.py::test_parse_complex_arrays PASSED               [ 40%]
tests/dts/test_parser.py::test_parse_boolean_properties PASSED           [ 41%]
tests/dts/test_parser.py::test_parse_empty_nodes_and_properties PASSED   [ 43%]
tests/dts/test_parser.py::test_parse_comments PASSED                     [ 44%]
tests/dts/test_parser.py::test_parse_zmk_specific_constructs PASSED      [ 45%]
tests/dts/test_parser.py::test_parse_array_with_mixed_cell_types_and_references PASSED [ 47%]
tests/dts/test_performance.py::test_preprocessor_performance PASSED      [ 48%]
tests/dts/test_performance.py::test_parser_performance PASSED            [ 50%]
tests/dts/test_performance.py::test_extractor_performance PASSED         [ 51%]
tests/dts/test_performance.py::test_full_pipeline_performance FAILED     [ 52%]
tests/dts/test_preprocessor.py::test_preprocessor_initialization PASSED  [ 54%]
tests/dts/test_preprocessor.py::test_preprocess_simple_file PASSED       [ 55%]
tests/dts/test_preprocessor.py::test_preprocess_with_matrix PASSED       [ 56%]
tests/dts/test_preprocessor.py::test_preprocess_with_includes PASSED     [ 58%]
tests/dts/test_preprocessor.py::test_preprocess_invalid_file PASSED      [ 59%]
tests/dts/test_preprocessor.py::test_preprocess_invalid_cpp_command PASSED [ 61%]
tests/dts/test_preprocessor.py::test_matrix_size_extraction PASSED       [ 62%]
tests/dts/test_preprocessor.py::test_preprocess_simple_keymap PASSED     [ 63%]
tests/dts/test_preprocessor.py::test_preprocess_with_include_paths PASSED [ 65%]
tests/dts/test_preprocessor.py::test_matrix_size_detection PASSED        [ 66%]
tests/dts/test_preprocessor.py::test_matrix_size_detection_no_matrix PASSED [ 68%]
tests/test_dts_parser.py::test_parse_simple_keymap PASSED                [ 69%]
tests/test_dts_parser.py::test_parse_large_keymap PASSED                 [ 70%]
tests/test_dts_parser.py::test_parse_simple_dts PASSED                   [ 72%]
tests/test_dts_parser.py::test_parse_with_labels PASSED                  [ 73%]
tests/test_dts_parser.py::test_parse_complex_bindings PASSED             [ 75%]
tests/test_dts_parser.py::test_parse_error_handling PASSED               [ 76%]
tests/test_dts_parser.py::test_parse_invalid_content PASSED              [ 77%]
tests/test_dts_parser.py::test_find_node PASSED                          [ 79%]
tests/test_dts_preprocessor.py::test_preprocessor PASSED                 [ 80%]
tests/test_dts_preprocessor.py::test_preprocessor_large_matrix PASSED    [ 81%]
tests/test_dts_preprocessor.py::test_preprocessor_error_handling PASSED  [ 83%]
tests/test_kanata_converter.py::test_convert_simple_keymap PASSED        [ 84%]
tests/test_kanata_converter.py::test_convert_large_keymap PASSED         [ 86%]
tests/test_kanata_converter.py::test_convert_multiple_layers PASSED      [ 87%]
tests/test_kanata_converter.py::test_convert_invalid_key_code PASSED     [ 88%]
tests/test_kanata_converter.py::test_convert_invalid_key_type PASSED     [ 90%]
tests/test_main.py::test_main_simple_conversion_stdout PASSED            [ 91%]
tests/test_main.py::test_main_simple_conversion_outfile PASSED           [ 93%]
tests/test_main.py::test_main_with_include PASSED                        [ 94%]
tests/test_main.py::test_main_input_file_not_found PASSED                [ 95%]
tests/test_main.py::test_main_invalid_dts PASSED                         [ 97%]
tests/test_main.py::test_main_no_args PASSED                             [ 98%]
tests/test_main.py::test_main_help PASSED                                [100%]

=================================== FAILURES ===================================
______________________ test_full_pipeline_error_handling _______________________

    def test_full_pipeline_error_handling():
        """Test error handling in the full pipeline."""
        # Test missing root node
        content = "node1 { };"
        parser = DtsParser()
        with pytest.raises(DtsParseError, match="DTS must start with root node"):
            parser.parse(content)
    
        # Test invalid property assignment
        content = """
        / {
            node1 {
                prop1 = value1
            };
        };
        """
        with pytest.raises(DtsParseError, match="Invalid property value"):
            parser.parse(content)
    
        # Test invalid node
        content = """
        / {
            node1;
        };
        """
>       with pytest.raises(DtsParseError, match="Invalid node declaration"):
E       Failed: DID NOT RAISE <class 'converter.dts.error_handler.DtsParseError'>

tests/dts/test_integration.py:232: Failed
________________________ test_full_pipeline_performance ________________________

sample_keymap_path = '/Volumes/FlashGordon/Dropbox/code/nicktokatana/tests/fixtures/dts/complex_keymap.zmk'

    def test_full_pipeline_performance(sample_keymap_path):
        """Test the performance of the full conversion pipeline."""
        preprocessor = DtsPreprocessor(
            include_paths=[
                str(Path(__file__).parent.parent / "fixtures" / "dts" / "include")
            ]
        )
        parser = DtsParser()
        extractor = KeymapExtractor()
        transformer = KanataTransformer()
    
        def run_pipeline():
            content = preprocessor.preprocess(sample_keymap_path)
            ast = parser.parse(content)
            config = extractor.extract(ast)
            return transformer.transform(config)
    
        # Run multiple times to get stable measurements
        times = []
        for _ in range(10):
>           _, duration = measure_time(run_pipeline)

tests/dts/test_performance.py:138: 
_ _ _ _ _ _ _ _ _ _ _ _ _ _ _ _ _ _ _ _ _ _ _ _ _ _ _ _ _ _ _ _ _ _ _ _ _ _ _ _ 
tests/dts/test_performance.py:16: in measure_time
    result = func(*args, **kwargs)
tests/dts/test_performance.py:133: in run_pipeline
    return transformer.transform(config)
converter/transformer/kanata_transformer.py:68: in transform
    self.holdtap_transformer.transform_behavior(
_ _ _ _ _ _ _ _ _ _ _ _ _ _ _ _ _ _ _ _ _ _ _ _ _ _ _ _ _ _ _ _ _ _ _ _ _ _ _ _ 

self = <converter.transformer.holdtap_transformer.HoldTapTransformer object at 0x103c7c160>
behavior = HoldTap(name='mt', type='hold-tap'), hold_param = 'LSHIFT'
tap_param = '4'

    def transform_behavior(
        self, behavior: HoldTap, hold_param: str, tap_param: str
    ) -> tuple[str, str]:
        """Transform a HoldTap behavior into a Kanata alias definition.
    
        Args:
            behavior: The HoldTap behavior to transform
            hold_param: The hold key/action (e.g., 'LCTRL', '1' for layer)
            tap_param: The tap key/action
    
        Returns:
            A tuple of (alias_definition, alias_name) where:
            - alias_definition is the full Kanata alias definition string
            - alias_name is the name of the alias for reference
        """
        # Convert the hold and tap params to Kanata format
        hold_key = self.modifier_map.get(hold_param.upper(), hold_param.lower())
        tap_key = tap_param.lower()
    
        # Determine the tap-hold variant based on behavior properties
        tap_hold_type = self.flavor_map.get(behavior.flavor, "tap-hold")
    
        # Build the tap-hold configuration
        config_parts = [
            tap_hold_type,
            str(behavior.tapping_term_ms),
            str(behavior.hold_time_ms or behavior.tapping_term_ms),
            tap_key,
            hold_key,
        ]
    
        # Add optional parameters if present
        if behavior.quick_tap_ms is not None and behavior.quick_tap_ms > 0:
            config_parts.append(str(behavior.quick_tap_ms))
>       if behavior.tap_hold_wait_ms is not None:
E       AttributeError: 'HoldTap' object has no attribute 'tap_hold_wait_ms'

converter/transformer/holdtap_transformer.py:204: AttributeError
----------------------------- Captured stdout call -----------------------------
[DtsPreprocessor] ENVIRONMENT:
  MallocNanoZone=0
  USER=malpern
  SECURITYSESSIONID=186a3
  COMMAND_MODE=unix2003
  __CFBundleIdentifier=com.todesktop.230313mzl4w4u92
  PATH=/Users/malpern/.curs....cache/lm-studio/bin
  LOGNAME=malpern
  SSH_AUTH_SOCK=/private/tmp/com.app...x1qskoux7b/Listeners
  HOME=/Users/malpern
  SHELL=/bin/zsh
  TMPDIR=/var/folders/0s/42v7...1cdnx0vrvyr0000gn/T/
  LaunchInstanceID=BFD4BF06-15BD-4F76-8D8A-1AEC50E6795A
  __CF_USER_TEXT_ENCODING=0x1F5:0x0:0x0
  XPC_SERVICE_NAME=0
  XPC_FLAGS=0x0
  ORIGINAL_XDG_CURRENT_DESKTOP=undefined
  CURSOR_TRACE_ID=f5e099fd466543c5a0d391e03a641e89
  SHLVL=1
  PWD=/Volumes/FlashGordon...ox/code/nicktokatana
  OLDPWD=/Volumes/FlashGordon...ox/code/nicktokatana
  HOMEBREW_PREFIX=/opt/homebrew
  HOMEBREW_CELLAR=/opt/homebrew/Cellar
  HOMEBREW_REPOSITORY=/opt/homebrew
  INFOPATH=/opt/homebrew/share/...homebrew/share/info:
  YOUR_CONSUMER_KEY=ah6HAffNJRCv4xNrV4OZcVIrQ
  YOUR_CONSUMER_SECRET=EXM9IzH9IEdE2yJf0t5F...DPuFXLk55DwB8pLRswR5
  YOUR_ACCESS_TOKEN=1483-5UbadNrxZUkJpAp...JSXPVSxtsPwJyrUrZvcO
  YOUR_ACCESS_TOKEN_SECRET=jeyyEWPHAgoS0ebKus4t...0jH2T3gRCIz3dsYXQwqS
  YOUR_BEARER_TOKEN=AAAAAAAAAAAAAAAAAAAA...8YVAWCOQu6Pyu4yhuY0a
  OPENAI_API_KEY=sk-qVQDNdwpfPhrAvFr9...ob362AQbhWVa3p95yD28
  ANTHROPIC_API_KEY=sk-ant-api03-Tq7nYRm...SCuUoAfwIQg-NWFWuAAA
  TAVILY_API_KEY=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
  BING_SUBSCRIPTION_KEY=bec8ded0f34a421ba60cc3bd4626825e
  EDITOR=vi
  ZSH=/Users/malpern/.oh-my-zsh
  PAGER=head -n 10000 | cat
  LESS=-R
  LSCOLORS=Gxfxcxdxbxegedabagacad
  LS_COLORS=di=1;36:ln=35:so=32:...46:tw=30;42:ow=30;43
  PYENV_ROOT=/Users/malpern/.pyenv
  PYENV_SHELL=zsh
  DISABLE_AUTO_UPDATE=true
  TERM_PROGRAM=vscode
  TERM_PROGRAM_VERSION=0.50.1
  LANG=en_US.UTF-8
  COLORTERM=truecolor
  GIT_ASKPASS=/Applications/Cursor.../git/dist/askpass.sh
  VSCODE_GIT_ASKPASS_NODE=/Applications/Cursor...rsor Helper (Plugin)
  VSCODE_GIT_ASKPASS_EXTRA_ARGS=
  VSCODE_GIT_ASKPASS_MAIN=/Applications/Cursor...dist/askpass-main.js
  VSCODE_GIT_IPC_HANDLE=/var/folders/0s/42v7...-git-14a5ce3e7f.sock
  PYENV_VERSION=3.10.16
  PYENV_DIR=/
  VIRTUAL_ENV=/Volumes/Flash Gordo...e/nicktokatana/.venv
  PYENV_HOOK_PATH=/Users/malpern/.pyen.../usr/lib/pyenv/hooks
  VIRTUAL_ENV_PROMPT=.venv
  VSCODE_INJECTION=1
  ZDOTDIR=/Users/malpern
  USER_ZDOTDIR=/Users/malpern
  TERM=xterm-256color
  PS1=.venv%(?:%{[01;32m%...} $(git_prompt_info)
  PYTHONPATH=.
  _=/Users/malpern/.pyen...s/3.10.16/bin/pytest
  PYTEST_VERSION=8.3.4
  PYTEST_CURRENT_TEST=tests/dts/test_perfo...e_performance (call)
[DtsPreprocessor] Temp file: /var/folders/0s/42v7yl697hn0l1cdnx0vrvyr0000gn/T/tmp1d3uun4z.dts
[DtsPreprocessor] Temp file contents:
#include <dt-bindings/zmk/matrix_transform.h>

/ {
    chosen {
        zmk,matrix_transform = &default_transform;
    };

    default_transform: matrix_transform {
        compatible = "zmk,matrix-transform";
        rows = <4>;
        columns = <12>;
        map = <
            RC(0,0)  RC(0,1)  RC(0,2)  RC(0,3)  RC(0,4)  RC(0,5)  RC(0,6)  RC(0,7)  RC(0,8)  RC(0,9)  RC(0,10) RC(0,11)
            RC(1,0)  RC(1,1)  RC(1,2)  RC(1,3)  RC(1,4)  RC(1,5)  RC(1,6)  RC(1,7)  RC(1,8)  RC(1,9)  RC(1,10) RC(1,11)
            RC(2,0)  RC(2,1)  RC(2,2)  RC(2,3)  RC(2,4)  RC(2,5)  RC(2,6)  RC(2,7)  RC(2,8)  RC(2,9)  RC(2,10) RC(2,11)
            RC(3,0)  RC(3,1)  RC(3,2)  RC(3,3)  RC(3,4)  RC(3,5)  RC(3,6)  RC(3,7)  RC(3,8)  RC(3,9)  RC(3,10) RC(3,11)
        >;
    };

    behaviors {
        mt: mod_tap {
            compatible = "zmk,behavior-hold-tap";
            tapping-term-ms = <200>;
            #binding-cells = <2>;
        };
        
        lt: layer_tap {
            compatible = "zmk,behavior-hold-tap";
            tapping-term-ms = <200>;
            #binding-cells = <2>;
        };
        
        macro_a: macro_a {
            compatible = "zmk,behavior-macro";
            #binding-cells = <0>;
            bindings = <&kp A &kp B>;
        };
        
        macro_b: macro_b {
            compatible = "zmk,behavior-macro";
            #binding-cells = <0>;
            bindings = <&kp C &kp D>;
        };
        
        unicode: unicode {
            compatible = "zmk,behavior-unicode";
            #binding-cells = <1>;
        };
        
        uc_string: unicode_string {
            compatible = "zmk,behavior-unicode-string";
            #binding-cells = <1>;
            strings = <
                "smile" "😊"
                "heart" "❤️"
            >;
        };
    };

    keymap {
        compatible = "zmk,keymap";
        
        default_layer {
            bindings = <
                &mt LSHIFT A  &kp B        &macro_a     &kp D         &lt 1 E      &kp F
                &kp G         &kp H        &kp I        &kp J         &kp K        &kp L
                &kp M         &kp N        &kp O        &kp P         &kp Q        &kp R
                &kp S         &kp T        &kp U        &kp V         &kp W        &kp X
            >;
        };
        
        lower_layer {
            bindings = <
                &kp N1        &kp N2       &kp N3       &kp N4        &kp N5       &kp N6
                &kp N7        &kp N8       &kp N9       &kp N0        &kp MINUS    &kp EQUAL
                &kp F1        &kp F2       &kp F3       &kp F4        &kp F5       &kp F6
                &kp F7        &kp F8       &kp F9       &kp F10       &kp F11      &kp F12
            >;
        };
        
        raise_layer {
            bindings = <
                &kp EXCLAMATION &kp AT     &kp HASH     &kp DOLLAR    &kp PERCENT  &kp CARET
                &kp AMPERSAND   &kp STAR   &kp LPAR     &kp RPAR      &kp UNDER    &kp PLUS
                &kp F1          &kp F2     &kp F3       &kp F4        &kp F5       &kp F6
                &kp F7          &kp F8     &kp F9       &kp F10       &kp F11      &kp F12
            >;
        };
        
        adjust_layer {
            bindings = <
                &kp RESET      &kp BOOTLOADER &kp NONE  &kp NONE      &kp NONE     &kp NONE
                &kp NONE       &kp NONE       &kp NONE  &kp NONE      &kp NONE     &kp NONE
                &kp NONE       &kp NONE       &kp NONE  &kp NONE      &kp NONE     &kp NONE
                &kp NONE       &kp NONE       &kp NONE  &kp NONE      &kp NONE     &kp NONE
            >;
        };
    };

    combos {
        compatible = "zmk,combos";
        
        combo_esc {
            timeout-ms = <50>;
            key-positions = <0 1>;
            bindings = <&kp ESC>;
        };
        
        combo_tab {
            timeout-ms = <50>;
            key-positions = <1 2>;
            bindings = <&kp TAB>;
        };
        
        combo_enter {
            timeout-ms = <50>;
            key-positions = <2 3>;
            bindings = <&kp ENTER>;
        };
    };

    conditional_layers {
        compatible = "zmk,conditional-layers";
        
        tri_layer {
            if-layers = <1 2>;
            then-layer = <3>;
        };
    };
}; 
[DtsPreprocessor] cpp command: ['/usr/bin/clang', '-E', '-nostdinc', '-undef', '-x', 'assembler-with-cpp', '-I', '/Volumes/FlashGordon/Dropbox/code/nicktokatana/tests/fixtures/dts/include', '/var/folders/0s/42v7yl697hn0l1cdnx0vrvyr0000gn/T/tmp1d3uun4z.dts']
[DEBUG] i=186, char='0', depth=1, snippet=<0
[DEBUG] i=187, char='x', depth=1, snippet=<0x
[DEBUG] i=188, char='2', depth=1, snippet=<0x2
[DEBUG] i=189, char='1', depth=1, snippet=<0x21
[DEBUG] i=190, char=' ', depth=1, snippet=<0x21 
[DEBUG] i=191, char='>', depth=1, snippet=<0x21 >
[DEBUG] i=213, char='1', depth=1, snippet=<1
[DEBUG] i=214, char='2', depth=1, snippet=<12
[DEBUG] i=215, char='>', depth=1, snippet=<12>
[DEBUG] i=233, char='\n', depth=1, snippet=<

[DEBUG] i=234, char=' ', depth=1, snippet=<
 
[DEBUG] i=235, char=' ', depth=1, snippet=<
  
[DEBUG] i=236, char=' ', depth=1, snippet=<
   
[DEBUG] i=237, char=' ', depth=1, snippet=<
    
[DEBUG] i=238, char=' ', depth=1, snippet=<
     
[DEBUG] i=239, char=' ', depth=1, snippet=<
      
[DEBUG] i=240, char=' ', depth=1, snippet=<
       
[DEBUG] i=241, char=' ', depth=1, snippet=<
        
[DEBUG] i=242, char=' ', depth=1, snippet=<
         
[DEBUG] i=243, char=' ', depth=1, snippet=<
          
[DEBUG] i=244, char=' ', depth=1, snippet=<
           
[DEBUG] i=245, char=' ', depth=1, snippet=<
            
[DEBUG] i=246, char='(', depth=1, snippet=<
            (
[DEBUG] i=247, char='(', depth=1, snippet=<
            ((
[DEBUG] i=248, char='0', depth=1, snippet=<
            ((0
[DEBUG] i=249, char=')', depth=1, snippet=<
            ((0)
[DEBUG] i=250, char=' ', depth=1, snippet=<
            ((0) 
[DEBUG] i=253, char=' ', depth=1, snippet=<
            ((0) << 
[DEBUG] i=254, char='0', depth=1, snippet=<
            ((0) << 0
[DEBUG] i=255, char='x', depth=1, snippet=<
            ((0) << 0x
[DEBUG] i=256, char='2', depth=1, snippet=<
            ((0) << 0x2
[DEBUG] i=257, char='5', depth=1, snippet=<
            ((0) << 0x25
[DEBUG] i=258, char=' ', depth=1, snippet=<
            ((0) << 0x25 
[DEBUG] i=259, char=' ', depth=1, snippet=<
            ((0) << 0x25  
[DEBUG] i=260, char='|', depth=1, snippet=<
            ((0) << 0x25  |
[DEBUG] i=261, char=' ', depth=1, snippet=<
            ((0) << 0x25  | 
[DEBUG] i=262, char='(', depth=1, snippet=<
            ((0) << 0x25  | (
[DEBUG] i=263, char='0', depth=1, snippet=<
            ((0) << 0x25  | (0
[DEBUG] i=264, char=')', depth=1, snippet=<
            ((0) << 0x25  | (0)
[DEBUG] i=265, char=')', depth=1, snippet=<
            ((0) << 0x25  | (0))
[DEBUG] i=266, char=' ', depth=1, snippet=<
            ((0) << 0x25  | (0)) 
[DEBUG] i=267, char='(', depth=1, snippet=<
            ((0) << 0x25  | (0)) (
[DEBUG] i=268, char='(', depth=1, snippet=<
            ((0) << 0x25  | (0)) ((
[DEBUG] i=269, char='0', depth=1, snippet=<
            ((0) << 0x25  | (0)) ((0
[DEBUG] i=270, char=')', depth=1, snippet=<
            ((0) << 0x25  | (0)) ((0)
[DEBUG] i=271, char=' ', depth=1, snippet=<
            ((0) << 0x25  | (0)) ((0) 
[DEBUG] i=274, char=' ', depth=1, snippet=<
            ((0) << 0x25  | (0)) ((0) << 
[DEBUG] i=275, char='0', depth=1, snippet=<
            ((0) << 0x25  | (0)) ((0) << 0
[DEBUG] i=276, char='x', depth=1, snippet=<
            ((0) << 0x25  | (0)) ((0) << 0x
[DEBUG] i=277, char='2', depth=1, snippet=<
            ((0) << 0x25  | (0)) ((0) << 0x2
[DEBUG] i=278, char='5', depth=1, snippet=<
            ((0) << 0x25  | (0)) ((0) << 0x25
[DEBUG] i=279, char=' ', depth=1, snippet=<
            ((0) << 0x25  | (0)) ((0) << 0x25 
[DEBUG] i=280, char=' ', depth=1, snippet=<
            ((0) << 0x25  | (0)) ((0) << 0x25  
[DEBUG] i=281, char='|', depth=1, snippet=<
            ((0) << 0x25  | (0)) ((0) << 0x25  |
[DEBUG] i=282, char=' ', depth=1, snippet=<
            ((0) << 0x25  | (0)) ((0) << 0x25  | 
[DEBUG] i=283, char='(', depth=1, snippet=<
            ((0) << 0x25  | (0)) ((0) << 0x25  | (
[DEBUG] i=284, char='1', depth=1, snippet=<
            ((0) << 0x25  | (0)) ((0) << 0x25  | (1
[DEBUG] i=285, char=')', depth=1, snippet=<
            ((0) << 0x25  | (0)) ((0) << 0x25  | (1)
[DEBUG] i=286, char=')', depth=1, snippet=<
            ((0) << 0x25  | (0)) ((0) << 0x25  | (1))
[DEBUG] i=287, char=' ', depth=1, snippet=<
            ((0) << 0x25  | (0)) ((0) << 0x25  | (1)) 
[DEBUG] i=288, char='(', depth=1, snippet=<
            ((0) << 0x25  | (0)) ((0) << 0x25  | (1)) (
[DEBUG] i=289, char='(', depth=1, snippet=<
            ((0) << 0x25  | (0)) ((0) << 0x25  | (1)) ((
[DEBUG] i=290, char='0', depth=1, snippet=<
            ((0) << 0x25  | (0)) ((0) << 0x25  | (1)) ((0
[DEBUG] i=291, char=')', depth=1, snippet=<
            ((0) << 0x25  | (0)) ((0) << 0x25  | (1)) ((0)
[DEBUG] i=292, char=' ', depth=1, snippet=<
            ((0) << 0x25  | (0)) ((0) << 0x25  | (1)) ((0) 
[DEBUG] i=295, char=' ', depth=1, snippet=<
            ((0) << 0x25  | (0)) ((0) << 0x25  | (1)) ((0) << 
[DEBUG] i=296, char='0', depth=1, snippet=<
            ((0) << 0x25  | (0)) ((0) << 0x25  | (1)) ((0) << 0
[DEBUG] i=297, char='x', depth=1, snippet=<
            ((0) << 0x25  | (0)) ((0) << 0x25  | (1)) ((0) << 0x
[DEBUG] i=298, char='2', depth=1, snippet=<
            ((0) << 0x25  | (0)) ((0) << 0x25  | (1)) ((0) << 0x2
[DEBUG] i=299, char='5', depth=1, snippet=<
            ((0) << 0x25  | (0)) ((0) << 0x25  | (1)) ((0) << 0x25
[DEBUG] i=300, char=' ', depth=1, snippet=<
            ((0) << 0x25  | (0)) ((0) << 0x25  | (1)) ((0) << 0x25 
[DEBUG] i=301, char=' ', depth=1, snippet=<
            ((0) << 0x25  | (0)) ((0) << 0x25  | (1)) ((0) << 0x25  
[DEBUG] i=302, char='|', depth=1, snippet=<
            ((0) << 0x25  | (0)) ((0) << 0x25  | (1)) ((0) << 0x25  |
[DEBUG] i=303, char=' ', depth=1, snippet=<
            ((0) << 0x25  | (0)) ((0) << 0x25  | (1)) ((0) << 0x25  | 
[DEBUG] i=304, char='(', depth=1, snippet=<
            ((0) << 0x25  | (0)) ((0) << 0x25  | (1)) ((0) << 0x25  | (
[DEBUG] i=305, char='2', depth=1, snippet=<
            ((0) << 0x25  | (0)) ((0) << 0x25  | (1)) ((0) << 0x25  | (2
[DEBUG] i=306, char=')', depth=1, snippet=<
            ((0) << 0x25  | (0)) ((0) << 0x25  | (1)) ((0) << 0x25  | (2)
[DEBUG] i=307, char=')', depth=1, snippet=<
            ((0) << 0x25  | (0)) ((0) << 0x25  | (1)) ((0) << 0x25  | (2))
[DEBUG] i=308, char=' ', depth=1, snippet=<
            ((0) << 0x25  | (0)) ((0) << 0x25  | (1)) ((0) << 0x25  | (2)) 
[DEBUG] i=309, char='(', depth=1, snippet=<
            ((0) << 0x25  | (0)) ((0) << 0x25  | (1)) ((0) << 0x25  | (2)) (
[DEBUG] i=310, char='(', depth=1, snippet=<
            ((0) << 0x25  | (0)) ((0) << 0x25  | (1)) ((0) << 0x25  | (2)) ((
[DEBUG] i=311, char='0', depth=1, snippet=<
            ((0) << 0x25  | (0)) ((0) << 0x25  | (1)) ((0) << 0x25  | (2)) ((0
[DEBUG] i=312, char=')', depth=1, snippet=<
            ((0) << 0x25  | (0)) ((0) << 0x25  | (1)) ((0) << 0x25  | (2)) ((0)
[DEBUG] i=313, char=' ', depth=1, snippet=<
            ((0) << 0x25  | (0)) ((0) << 0x25  | (1)) ((0) << 0x25  | (2)) ((0) 
[DEBUG] i=316, char=' ', depth=1, snippet=<
            ((0) << 0x25  | (0)) ((0) << 0x25  | (1)) ((0) << 0x25  | (2)) ((0) << 
[DEBUG] i=317, char='0', depth=1, snippet=<
            ((0) << 0x25  | (0)) ((0) << 0x25  | (1)) ((0) << 0x25  | (2)) ((0) << 0
[DEBUG] i=318, char='x', depth=1, snippet=<
            ((0) << 0x25  | (0)) ((0) << 0x25  | (1)) ((0) << 0x25  | (2)) ((0) << 0x
[DEBUG] i=319, char='2', depth=1, snippet=<
            ((0) << 0x25  | (0)) ((0) << 0x25  | (1)) ((0) << 0x25  | (2)) ((0) << 0x2
[DEBUG] i=320, char='5', depth=1, snippet=<
            ((0) << 0x25  | (0)) ((0) << 0x25  | (1)) ((0) << 0x25  | (2)) ((0) << 0x25
[DEBUG] i=321, char=' ', depth=1, snippet=<
            ((0) << 0x25  | (0)) ((0) << 0x25  | (1)) ((0) << 0x25  | (2)) ((0) << 0x25 
[DEBUG] i=322, char=' ', depth=1, snippet=<
            ((0) << 0x25  | (0)) ((0) << 0x25  | (1)) ((0) << 0x25  | (2)) ((0) << 0x25  
[DEBUG] i=323, char='|', depth=1, snippet=<
            ((0) << 0x25  | (0)) ((0) << 0x25  | (1)) ((0) << 0x25  | (2)) ((0) << 0x25  |
[DEBUG] i=324, char=' ', depth=1, snippet=<
            ((0) << 0x25  | (0)) ((0) << 0x25  | (1)) ((0) << 0x25  | (2)) ((0) << 0x25  | 
[DEBUG] i=325, char='(', depth=1, snippet=<
            ((0) << 0x25  | (0)) ((0) << 0x25  | (1)) ((0) << 0x25  | (2)) ((0) << 0x25  | (
[DEBUG] i=326, char='3', depth=1, snippet=<
            ((0) << 0x25  | (0)) ((0) << 0x25  | (1)) ((0) << 0x25  | (2)) ((0) << 0x25  | (3
[DEBUG] i=327, char=')', depth=1, snippet=<
            ((0) << 0x25  | (0)) ((0) << 0x25  | (1)) ((0) << 0x25  | (2)) ((0) << 0x25  | (3)
[DEBUG] i=328, char=')', depth=1, snippet=<
            ((0) << 0x25  | (0)) ((0) << 0x25  | (1)) ((0) << 0x25  | (2)) ((0) << 0x25  | (3))
[DEBUG] i=329, char=' ', depth=1, snippet=<
            ((0) << 0x25  | (0)) ((0) << 0x25  | (1)) ((0) << 0x25  | (2)) ((0) << 0x25  | (3)) 
[DEBUG] i=330, char='(', depth=1, snippet=<
            ((0) << 0x25  | (0)) ((0) << 0x25  | (1)) ((0) << 0x25  | (2)) ((0) << 0x25  | (3)) (
[DEBUG] i=331, char='(', depth=1, snippet=<
            ((0) << 0x25  | (0)) ((0) << 0x25  | (1)) ((0) << 0x25  | (2)) ((0) << 0x25  | (3)) ((
[DEBUG] i=1436, char='2', depth=1, snippet=<2
[DEBUG] i=1437, char='0', depth=1, snippet=<20
[DEBUG] i=1438, char='0', depth=1, snippet=<200
[DEBUG] i=1439, char='>', depth=1, snippet=<200>
[DEBUG] i=1472, char='0', depth=1, snippet=<0
[DEBUG] i=1473, char='x', depth=1, snippet=<0x
[DEBUG] i=1474, char='1', depth=1, snippet=<0x1
[DEBUG] i=1475, char='F', depth=1, snippet=<0x1F
[DEBUG] i=1476, char=' ', depth=1, snippet=<0x1F 
[DEBUG] i=1477, char='>', depth=1, snippet=<0x1F >
[DEBUG] i=1597, char='2', depth=1, snippet=<2
[DEBUG] i=1598, char='0', depth=1, snippet=<20
[DEBUG] i=1599, char='0', depth=1, snippet=<200
[DEBUG] i=1600, char='>', depth=1, snippet=<200>
[DEBUG] i=1633, char='0', depth=1, snippet=<0
[DEBUG] i=1634, char='x', depth=1, snippet=<0x
[DEBUG] i=1635, char='1', depth=1, snippet=<0x1
[DEBUG] i=1636, char='F', depth=1, snippet=<0x1F
[DEBUG] i=1637, char=' ', depth=1, snippet=<0x1F 
[DEBUG] i=1638, char='>', depth=1, snippet=<0x1F >
[DEBUG] i=1757, char='0', depth=1, snippet=<0
[DEBUG] i=1758, char='x', depth=1, snippet=<0x
[DEBUG] i=1759, char='2', depth=1, snippet=<0x2
[DEBUG] i=1760, char='7', depth=1, snippet=<0x27
[DEBUG] i=1761, char=' ', depth=1, snippet=<0x27 
[DEBUG] i=1762, char='>', depth=1, snippet=<0x27 >
[DEBUG] i=1789, char='&', depth=1, snippet=<&
[DEBUG] i=1790, char='k', depth=1, snippet=<&k
[DEBUG] i=1791, char='p', depth=1, snippet=<&kp
[DEBUG] i=1792, char=' ', depth=1, snippet=<&kp 
[DEBUG] i=1793, char='0', depth=1, snippet=<&kp 0
[DEBUG] i=1794, char='x', depth=1, snippet=<&kp 0x
[DEBUG] i=1795, char='0', depth=1, snippet=<&kp 0x0
[DEBUG] i=1796, char='4', depth=1, snippet=<&kp 0x04
[DEBUG] i=1797, char=' ', depth=1, snippet=<&kp 0x04 
[DEBUG] i=1798, char=' ', depth=1, snippet=<&kp 0x04  
[DEBUG] i=1799, char='*', depth=1, snippet=<&kp 0x04  *
[DEBUG] i=1800, char='/', depth=1, snippet=<&kp 0x04  */
[DEBUG] i=1801, char=' ', depth=1, snippet=<&kp 0x04  */ 
[DEBUG] i=1802, char='&', depth=1, snippet=<&kp 0x04  */ &
[DEBUG] i=1803, char='k', depth=1, snippet=<&kp 0x04  */ &k
[DEBUG] i=1804, char='p', depth=1, snippet=<&kp 0x04  */ &kp
[DEBUG] i=1805, char=' ', depth=1, snippet=<&kp 0x04  */ &kp 
[DEBUG] i=1806, char='0', depth=1, snippet=<&kp 0x04  */ &kp 0
[DEBUG] i=1807, char='x', depth=1, snippet=<&kp 0x04  */ &kp 0x
[DEBUG] i=1808, char='0', depth=1, snippet=<&kp 0x04  */ &kp 0x0
[DEBUG] i=1809, char='5', depth=1, snippet=<&kp 0x04  */ &kp 0x05
[DEBUG] i=1810, char=' ', depth=1, snippet=<&kp 0x04  */ &kp 0x05 
[DEBUG] i=1811, char=' ', depth=1, snippet=<&kp 0x04  */ &kp 0x05  
[DEBUG] i=1812, char='*', depth=1, snippet=<&kp 0x04  */ &kp 0x05  *
[DEBUG] i=1813, char='/', depth=1, snippet=<&kp 0x04  */ &kp 0x05  */
[DEBUG] i=1814, char='>', depth=1, snippet=<&kp 0x04  */ &kp 0x05  */>
[DEBUG] i=1933, char='0', depth=1, snippet=<0
[DEBUG] i=1934, char='x', depth=1, snippet=<0x
[DEBUG] i=1935, char='2', depth=1, snippet=<0x2
[DEBUG] i=1936, char='7', depth=1, snippet=<0x27
[DEBUG] i=1937, char=' ', depth=1, snippet=<0x27 
[DEBUG] i=1938, char='>', depth=1, snippet=<0x27 >
[DEBUG] i=1965, char='&', depth=1, snippet=<&
[DEBUG] i=1966, char='k', depth=1, snippet=<&k
[DEBUG] i=1967, char='p', depth=1, snippet=<&kp
[DEBUG] i=1968, char=' ', depth=1, snippet=<&kp 
[DEBUG] i=1969, char='0', depth=1, snippet=<&kp 0
[DEBUG] i=1970, char='x', depth=1, snippet=<&kp 0x
[DEBUG] i=1971, char='0', depth=1, snippet=<&kp 0x0
[DEBUG] i=1972, char='6', depth=1, snippet=<&kp 0x06
[DEBUG] i=1973, char=' ', depth=1, snippet=<&kp 0x06 
[DEBUG] i=1974, char=' ', depth=1, snippet=<&kp 0x06  
[DEBUG] i=1975, char='*', depth=1, snippet=<&kp 0x06  *
[DEBUG] i=1976, char='/', depth=1, snippet=<&kp 0x06  */
[DEBUG] i=1977, char=' ', depth=1, snippet=<&kp 0x06  */ 
[DEBUG] i=1978, char='&', depth=1, snippet=<&kp 0x06  */ &
[DEBUG] i=1979, char='k', depth=1, snippet=<&kp 0x06  */ &k
[DEBUG] i=1980, char='p', depth=1, snippet=<&kp 0x06  */ &kp
[DEBUG] i=1981, char=' ', depth=1, snippet=<&kp 0x06  */ &kp 
[DEBUG] i=1982, char='0', depth=1, snippet=<&kp 0x06  */ &kp 0
[DEBUG] i=1983, char='x', depth=1, snippet=<&kp 0x06  */ &kp 0x
[DEBUG] i=1984, char='0', depth=1, snippet=<&kp 0x06  */ &kp 0x0
[DEBUG] i=1985, char='7', depth=1, snippet=<&kp 0x06  */ &kp 0x07
[DEBUG] i=1986, char=' ', depth=1, snippet=<&kp 0x06  */ &kp 0x07 
[DEBUG] i=1987, char=' ', depth=1, snippet=<&kp 0x06  */ &kp 0x07  
[DEBUG] i=1988, char='*', depth=1, snippet=<&kp 0x06  */ &kp 0x07  *
[DEBUG] i=1989, char='/', depth=1, snippet=<&kp 0x06  */ &kp 0x07  */
[DEBUG] i=1990, char='>', depth=1, snippet=<&kp 0x06  */ &kp 0x07  */>
[DEBUG] i=2111, char='0', depth=1, snippet=<0
[DEBUG] i=2112, char='x', depth=1, snippet=<0x
[DEBUG] i=2113, char='1', depth=1, snippet=<0x1
[DEBUG] i=2114, char='E', depth=1, snippet=<0x1E
[DEBUG] i=2115, char=' ', depth=1, snippet=<0x1E 
[DEBUG] i=2116, char='>', depth=1, snippet=<0x1E >
[DEBUG] i=2253, char='0', depth=1, snippet=<0
[DEBUG] i=2254, char='x', depth=1, snippet=<0x
[DEBUG] i=2255, char='1', depth=1, snippet=<0x1
[DEBUG] i=2256, char='E', depth=1, snippet=<0x1E
[DEBUG] i=2257, char=' ', depth=1, snippet=<0x1E 
[DEBUG] i=2258, char='>', depth=1, snippet=<0x1E >
[DEBUG] i=2284, char='\n', depth=1, snippet=<

[DEBUG] i=2285, char=' ', depth=1, snippet=<
 
[DEBUG] i=2286, char=' ', depth=1, snippet=<
  
[DEBUG] i=2287, char=' ', depth=1, snippet=<
   
[DEBUG] i=2288, char=' ', depth=1, snippet=<
    
[DEBUG] i=2289, char=' ', depth=1, snippet=<
     
[DEBUG] i=2290, char=' ', depth=1, snippet=<
      
[DEBUG] i=2291, char=' ', depth=1, snippet=<
       
[DEBUG] i=2292, char=' ', depth=1, snippet=<
        
[DEBUG] i=2293, char=' ', depth=1, snippet=<
         
[DEBUG] i=2294, char=' ', depth=1, snippet=<
          
[DEBUG] i=2295, char=' ', depth=1, snippet=<
           
[DEBUG] i=2296, char=' ', depth=1, snippet=<
            
[DEBUG] i=2297, char=' ', depth=1, snippet=<
             
[DEBUG] i=2298, char=' ', depth=1, snippet=<
              
[DEBUG] i=2299, char=' ', depth=1, snippet=<
               
[DEBUG] i=2300, char=' ', depth=1, snippet=<
                
[DEBUG] i=2301, char='"', depth=1, snippet=<
                "
[DEBUG] i=2302, char='s', depth=1, snippet=<
                "s
[DEBUG] i=2303, char='m', depth=1, snippet=<
                "sm
[DEBUG] i=2304, char='i', depth=1, snippet=<
                "smi
[DEBUG] i=2305, char='l', depth=1, snippet=<
                "smil
[DEBUG] i=2306, char='e', depth=1, snippet=<
                "smile
[DEBUG] i=2307, char='"', depth=1, snippet=<
                "smile"
[DEBUG] i=2308, char=' ', depth=1, snippet=<
                "smile" 
[DEBUG] i=2309, char='"', depth=1, snippet=<
                "smile" "
[DEBUG] i=2310, char='😊', depth=1, snippet=<
                "smile" "😊
[DEBUG] i=2311, char='"', depth=1, snippet=<
                "smile" "😊"
[DEBUG] i=2312, char='\n', depth=1, snippet=<
                "smile" "😊"

[DEBUG] i=2313, char=' ', depth=1, snippet=<
                "smile" "😊"
 
[DEBUG] i=2314, char=' ', depth=1, snippet=<
                "smile" "😊"
  
[DEBUG] i=2315, char=' ', depth=1, snippet=<
                "smile" "😊"
   
[DEBUG] i=2316, char=' ', depth=1, snippet=<
                "smile" "😊"
    
[DEBUG] i=2317, char=' ', depth=1, snippet=<
                "smile" "😊"
     
[DEBUG] i=2318, char=' ', depth=1, snippet=<
                "smile" "😊"
      
[DEBUG] i=2319, char=' ', depth=1, snippet=<
                "smile" "😊"
       
[DEBUG] i=2320, char=' ', depth=1, snippet=<
                "smile" "😊"
        
[DEBUG] i=2321, char=' ', depth=1, snippet=<
                "smile" "😊"
         
[DEBUG] i=2322, char=' ', depth=1, snippet=<
                "smile" "😊"
          
[DEBUG] i=2323, char=' ', depth=1, snippet=<
                "smile" "😊"
           
[DEBUG] i=2324, char=' ', depth=1, snippet=<
                "smile" "😊"
            
[DEBUG] i=2325, char=' ', depth=1, snippet=<
                "smile" "😊"
             
[DEBUG] i=2326, char=' ', depth=1, snippet=<
                "smile" "😊"
              
[DEBUG] i=2327, char=' ', depth=1, snippet=<
                "smile" "😊"
               
[DEBUG] i=2328, char=' ', depth=1, snippet=<
                "smile" "😊"
                
[DEBUG] i=2329, char='"', depth=1, snippet=<
                "smile" "😊"
                "
[DEBUG] i=2330, char='h', depth=1, snippet=<
                "smile" "😊"
                "h
[DEBUG] i=2331, char='e', depth=1, snippet=<
                "smile" "😊"
                "he
[DEBUG] i=2332, char='a', depth=1, snippet=<
                "smile" "😊"
                "hea
[DEBUG] i=2333, char='r', depth=1, snippet=<
                "smile" "😊"
                "hear
[DEBUG] i=2334, char='t', depth=1, snippet=<
                "smile" "😊"
                "heart
[DEBUG] i=2335, char='"', depth=1, snippet=<
                "smile" "😊"
                "heart"
[DEBUG] i=2336, char=' ', depth=1, snippet=<
                "smile" "😊"
                "heart" 
[DEBUG] i=2337, char='"', depth=1, snippet=<
                "smile" "😊"
                "heart" "
[DEBUG] i=2338, char='❤', depth=1, snippet=<
                "smile" "😊"
                "heart" "❤
[DEBUG] i=2339, char='️', depth=1, snippet=<
                "smile" "😊"
                "heart" "❤️
[DEBUG] i=2340, char='"', depth=1, snippet=<
                "smile" "😊"
                "heart" "❤️"
[DEBUG] i=2341, char='\n', depth=1, snippet=<
                "smile" "😊"
                "heart" "❤️"

[DEBUG] i=2342, char=' ', depth=1, snippet=<
                "smile" "😊"
                "heart" "❤️"
 
[DEBUG] i=2343, char=' ', depth=1, snippet=<
                "smile" "😊"
                "heart" "❤️"
  
[DEBUG] i=2344, char=' ', depth=1, snippet=<
                "smile" "😊"
                "heart" "❤️"
   
[DEBUG] i=2345, char=' ', depth=1, snippet=<
                "smile" "😊"
                "heart" "❤️"
    
[DEBUG] i=2346, char=' ', depth=1, snippet=<
                "smile" "😊"
                "heart" "❤️"
     
[DEBUG] i=2347, char=' ', depth=1, snippet=<
                "smile" "😊"
                "heart" "❤️"
      
[DEBUG] i=2348, char=' ', depth=1, snippet=<
                "smile" "😊"
                "heart" "❤️"
       
[DEBUG] i=2349, char=' ', depth=1, snippet=<
                "smile" "😊"
                "heart" "❤️"
        
[DEBUG] i=2350, char=' ', depth=1, snippet=<
                "smile" "😊"
                "heart" "❤️"
         
[DEBUG] i=2351, char=' ', depth=1, snippet=<
                "smile" "😊"
                "heart" "❤️"
          
[DEBUG] i=2352, char=' ', depth=1, snippet=<
                "smile" "😊"
                "heart" "❤️"
           
[DEBUG] i=2353, char=' ', depth=1, snippet=<
                "smile" "😊"
                "heart" "❤️"
            
[DEBUG] i=2354, char='>', depth=1, snippet=<
                "smile" "😊"
                "heart" "❤️"
            >
[DEBUG] i=2473, char='\n', depth=1, snippet=<

[DEBUG] i=2474, char=' ', depth=1, snippet=<
 
[DEBUG] i=2475, char=' ', depth=1, snippet=<
  
[DEBUG] i=2476, char=' ', depth=1, snippet=<
   
[DEBUG] i=2477, char=' ', depth=1, snippet=<
    
[DEBUG] i=2478, char=' ', depth=1, snippet=<
     
[DEBUG] i=2479, char=' ', depth=1, snippet=<
      
[DEBUG] i=2480, char=' ', depth=1, snippet=<
       
[DEBUG] i=2481, char=' ', depth=1, snippet=<
        
[DEBUG] i=2482, char=' ', depth=1, snippet=<
         
[DEBUG] i=2483, char=' ', depth=1, snippet=<
          
[DEBUG] i=2484, char=' ', depth=1, snippet=<
           
[DEBUG] i=2485, char=' ', depth=1, snippet=<
            
[DEBUG] i=2486, char=' ', depth=1, snippet=<
             
[DEBUG] i=2487, char=' ', depth=1, snippet=<
              
[DEBUG] i=2488, char=' ', depth=1, snippet=<
               
[DEBUG] i=2489, char=' ', depth=1, snippet=<
                
[DEBUG] i=2490, char='&', depth=1, snippet=<
                &
[DEBUG] i=2491, char='m', depth=1, snippet=<
                &m
[DEBUG] i=2492, char='t', depth=1, snippet=<
                &mt
[DEBUG] i=2493, char=' ', depth=1, snippet=<
                &mt 
[DEBUG] i=2494, char='L', depth=1, snippet=<
                &mt L
[DEBUG] i=2495, char='S', depth=1, snippet=<
                &mt LS
[DEBUG] i=2496, char='H', depth=1, snippet=<
                &mt LSH
[DEBUG] i=2497, char='I', depth=1, snippet=<
                &mt LSHI
[DEBUG] i=2498, char='F', depth=1, snippet=<
                &mt LSHIF
[DEBUG] i=2499, char='T', depth=1, snippet=<
                &mt LSHIFT
[DEBUG] i=2500, char=' ', depth=1, snippet=<
                &mt LSHIFT 
[DEBUG] i=2501, char='0', depth=1, snippet=<
                &mt LSHIFT 0
[DEBUG] i=2502, char='x', depth=1, snippet=<
                &mt LSHIFT 0x
[DEBUG] i=2503, char='0', depth=1, snippet=<
                &mt LSHIFT 0x0
[DEBUG] i=2504, char='4', depth=1, snippet=<
                &mt LSHIFT 0x04
[DEBUG] i=2505, char=' ', depth=1, snippet=<
                &mt LSHIFT 0x04 
[DEBUG] i=2506, char=' ', depth=1, snippet=<
                &mt LSHIFT 0x04  
[DEBUG] i=2507, char='&', depth=1, snippet=<
                &mt LSHIFT 0x04  &
[DEBUG] i=2508, char='k', depth=1, snippet=<
                &mt LSHIFT 0x04  &k
[DEBUG] i=2509, char='p', depth=1, snippet=<
                &mt LSHIFT 0x04  &kp
[DEBUG] i=2510, char=' ', depth=1, snippet=<
                &mt LSHIFT 0x04  &kp 
[DEBUG] i=2511, char='0', depth=1, snippet=<
                &mt LSHIFT 0x04  &kp 0
[DEBUG] i=2512, char='x', depth=1, snippet=<
                &mt LSHIFT 0x04  &kp 0x
[DEBUG] i=2513, char='0', depth=1, snippet=<
                &mt LSHIFT 0x04  &kp 0x0
[DEBUG] i=2514, char='5', depth=1, snippet=<
                &mt LSHIFT 0x04  &kp 0x05
[DEBUG] i=2515, char=' ', depth=1, snippet=<
                &mt LSHIFT 0x04  &kp 0x05 
[DEBUG] i=2516, char=' ', depth=1, snippet=<
                &mt LSHIFT 0x04  &kp 0x05  
[DEBUG] i=2517, char='*', depth=1, snippet=<
                &mt LSHIFT 0x04  &kp 0x05  *
[DEBUG] i=2518, char='/', depth=1, snippet=<
                &mt LSHIFT 0x04  &kp 0x05  */
[DEBUG] i=2519, char=' ', depth=1, snippet=<
                &mt LSHIFT 0x04  &kp 0x05  */ 
[DEBUG] i=2520, char='&', depth=1, snippet=<
                &mt LSHIFT 0x04  &kp 0x05  */ &
[DEBUG] i=2521, char='m', depth=1, snippet=<
                &mt LSHIFT 0x04  &kp 0x05  */ &m
[DEBUG] i=2522, char='a', depth=1, snippet=<
                &mt LSHIFT 0x04  &kp 0x05  */ &ma
[DEBUG] i=2523, char='c', depth=1, snippet=<
                &mt LSHIFT 0x04  &kp 0x05  */ &mac
[DEBUG] i=2524, char='r', depth=1, snippet=<
                &mt LSHIFT 0x04  &kp 0x05  */ &macr
[DEBUG] i=2525, char='o', depth=1, snippet=<
                &mt LSHIFT 0x04  &kp 0x05  */ &macro
[DEBUG] i=2526, char='_', depth=1, snippet=<
                &mt LSHIFT 0x04  &kp 0x05  */ &macro_
[DEBUG] i=2527, char='a', depth=1, snippet=<
                &mt LSHIFT 0x04  &kp 0x05  */ &macro_a
[DEBUG] i=2528, char=' ', depth=1, snippet=<
                &mt LSHIFT 0x04  &kp 0x05  */ &macro_a 
[DEBUG] i=2529, char='&', depth=1, snippet=<
                &mt LSHIFT 0x04  &kp 0x05  */ &macro_a &
[DEBUG] i=2530, char='k', depth=1, snippet=<
                &mt LSHIFT 0x04  &kp 0x05  */ &macro_a &k
[DEBUG] i=2531, char='p', depth=1, snippet=<
                &mt LSHIFT 0x04  &kp 0x05  */ &macro_a &kp
[DEBUG] i=2532, char=' ', depth=1, snippet=<
                &mt LSHIFT 0x04  &kp 0x05  */ &macro_a &kp 
[DEBUG] i=2533, char='0', depth=1, snippet=<
                &mt LSHIFT 0x04  &kp 0x05  */ &macro_a &kp 0
[DEBUG] i=2534, char='x', depth=1, snippet=<
                &mt LSHIFT 0x04  &kp 0x05  */ &macro_a &kp 0x
[DEBUG] i=2535, char='0', depth=1, snippet=<
                &mt LSHIFT 0x04  &kp 0x05  */ &macro_a &kp 0x0
[DEBUG] i=2536, char='7', depth=1, snippet=<
                &mt LSHIFT 0x04  &kp 0x05  */ &macro_a &kp 0x07
[DEBUG] i=2537, char=' ', depth=1, snippet=<
                &mt LSHIFT 0x04  &kp 0x05  */ &macro_a &kp 0x07 
[DEBUG] i=2538, char=' ', depth=1, snippet=<
                &mt LSHIFT 0x04  &kp 0x05  */ &macro_a &kp 0x07  
[DEBUG] i=2539, char='*', depth=1, snippet=<
                &mt LSHIFT 0x04  &kp 0x05  */ &macro_a &kp 0x07  *
[DEBUG] i=2540, char='/', depth=1, snippet=<
                &mt LSHIFT 0x04  &kp 0x05  */ &macro_a &kp 0x07  */
[DEBUG] i=2541, char=' ', depth=1, snippet=<
                &mt LSHIFT 0x04  &kp 0x05  */ &macro_a &kp 0x07  */ 
[DEBUG] i=2542, char='&', depth=1, snippet=<
                &mt LSHIFT 0x04  &kp 0x05  */ &macro_a &kp 0x07  */ &
[DEBUG] i=2543, char='l', depth=1, snippet=<
                &mt LSHIFT 0x04  &kp 0x05  */ &macro_a &kp 0x07  */ &l
[DEBUG] i=2544, char='t', depth=1, snippet=<
                &mt LSHIFT 0x04  &kp 0x05  */ &macro_a &kp 0x07  */ &lt
[DEBUG] i=2545, char=' ', depth=1, snippet=<
                &mt LSHIFT 0x04  &kp 0x05  */ &macro_a &kp 0x07  */ &lt 
[DEBUG] i=2546, char='0', depth=1, snippet=<
                &mt LSHIFT 0x04  &kp 0x05  */ &macro_a &kp 0x07  */ &lt 0
[DEBUG] i=2547, char='x', depth=1, snippet=<
                &mt LSHIFT 0x04  &kp 0x05  */ &macro_a &kp 0x07  */ &lt 0x
[DEBUG] i=2548, char='1', depth=1, snippet=<
                &mt LSHIFT 0x04  &kp 0x05  */ &macro_a &kp 0x07  */ &lt 0x1
[DEBUG] i=2549, char='E', depth=1, snippet=<
                &mt LSHIFT 0x04  &kp 0x05  */ &macro_a &kp 0x07  */ &lt 0x1E
[DEBUG] i=2550, char=' ', depth=1, snippet=<
                &mt LSHIFT 0x04  &kp 0x05  */ &macro_a &kp 0x07  */ &lt 0x1E 
[DEBUG] i=2551, char=' ', depth=1, snippet=<
                &mt LSHIFT 0x04  &kp 0x05  */ &macro_a &kp 0x07  */ &lt 0x1E  
[DEBUG] i=2552, char='0', depth=1, snippet=<
                &mt LSHIFT 0x04  &kp 0x05  */ &macro_a &kp 0x07  */ &lt 0x1E  0
[DEBUG] i=2553, char='x', depth=1, snippet=<
                &mt LSHIFT 0x04  &kp 0x05  */ &macro_a &kp 0x07  */ &lt 0x1E  0x
[DEBUG] i=2554, char='0', depth=1, snippet=<
                &mt LSHIFT 0x04  &kp 0x05  */ &macro_a &kp 0x07  */ &lt 0x1E  0x0
[DEBUG] i=2555, char='8', depth=1, snippet=<
                &mt LSHIFT 0x04  &kp 0x05  */ &macro_a &kp 0x07  */ &lt 0x1E  0x08
[DEBUG] i=2556, char=' ', depth=1, snippet=<
                &mt LSHIFT 0x04  &kp 0x05  */ &macro_a &kp 0x07  */ &lt 0x1E  0x08 
[DEBUG] i=2557, char=' ', depth=1, snippet=<
                &mt LSHIFT 0x04  &kp 0x05  */ &macro_a &kp 0x07  */ &lt 0x1E  0x08  
[DEBUG] i=2558, char='&', depth=1, snippet=<
                &mt LSHIFT 0x04  &kp 0x05  */ &macro_a &kp 0x07  */ &lt 0x1E  0x08  &
[DEBUG] i=2559, char='k', depth=1, snippet=<
                &mt LSHIFT 0x04  &kp 0x05  */ &macro_a &kp 0x07  */ &lt 0x1E  0x08  &k
[DEBUG] i=2560, char='p', depth=1, snippet=<
                &mt LSHIFT 0x04  &kp 0x05  */ &macro_a &kp 0x07  */ &lt 0x1E  0x08  &kp
[DEBUG] i=2561, char=' ', depth=1, snippet=<
                &mt LSHIFT 0x04  &kp 0x05  */ &macro_a &kp 0x07  */ &lt 0x1E  0x08  &kp 
[DEBUG] i=2562, char='0', depth=1, snippet=<
                &mt LSHIFT 0x04  &kp 0x05  */ &macro_a &kp 0x07  */ &lt 0x1E  0x08  &kp 0
[DEBUG] i=2563, char='x', depth=1, snippet=<
                &mt LSHIFT 0x04  &kp 0x05  */ &macro_a &kp 0x07  */ &lt 0x1E  0x08  &kp 0x
[DEBUG] i=2564, char='0', depth=1, snippet=<
                &mt LSHIFT 0x04  &kp 0x05  */ &macro_a &kp 0x07  */ &lt 0x1E  0x08  &kp 0x0
[DEBUG] i=2565, char='9', depth=1, snippet=<
                &mt LSHIFT 0x04  &kp 0x05  */ &macro_a &kp 0x07  */ &lt 0x1E  0x08  &kp 0x09
[DEBUG] i=2566, char=' ', depth=1, snippet=<
                &mt LSHIFT 0x04  &kp 0x05  */ &macro_a &kp 0x07  */ &lt 0x1E  0x08  &kp 0x09 
[DEBUG] i=2567, char=' ', depth=1, snippet=<
                &mt LSHIFT 0x04  &kp 0x05  */ &macro_a &kp 0x07  */ &lt 0x1E  0x08  &kp 0x09  
[DEBUG] i=2568, char='*', depth=1, snippet=<
                &mt LSHIFT 0x04  &kp 0x05  */ &macro_a &kp 0x07  */ &lt 0x1E  0x08  &kp 0x09  *
[DEBUG] i=2569, char='/', depth=1, snippet=<
                &mt LSHIFT 0x04  &kp 0x05  */ &macro_a &kp 0x07  */ &lt 0x1E  0x08  &kp 0x09  */
[DEBUG] i=2570, char='\n', depth=1, snippet=<
                &mt LSHIFT 0x04  &kp 0x05  */ &macro_a &kp 0x07  */ &lt 0x1E  0x08  &kp 0x09  */

[DEBUG] i=2571, char=' ', depth=1, snippet=<
                &mt LSHIFT 0x04  &kp 0x05  */ &macro_a &kp 0x07  */ &lt 0x1E  0x08  &kp 0x09  */
 
[DEBUG] i=2926, char='\n', depth=1, snippet=<

[DEBUG] i=2927, char=' ', depth=1, snippet=<
 
[DEBUG] i=2928, char=' ', depth=1, snippet=<
  
[DEBUG] i=2929, char=' ', depth=1, snippet=<
   
[DEBUG] i=2930, char=' ', depth=1, snippet=<
    
[DEBUG] i=2931, char=' ', depth=1, snippet=<
     
[DEBUG] i=2932, char=' ', depth=1, snippet=<
      
[DEBUG] i=2933, char=' ', depth=1, snippet=<
       
[DEBUG] i=2934, char=' ', depth=1, snippet=<
        
[DEBUG] i=2935, char=' ', depth=1, snippet=<
         
[DEBUG] i=2936, char=' ', depth=1, snippet=<
          
[DEBUG] i=2937, char=' ', depth=1, snippet=<
           
[DEBUG] i=2938, char=' ', depth=1, snippet=<
            
[DEBUG] i=2939, char=' ', depth=1, snippet=<
             
[DEBUG] i=2940, char=' ', depth=1, snippet=<
              
[DEBUG] i=2941, char=' ', depth=1, snippet=<
               
[DEBUG] i=2942, char=' ', depth=1, snippet=<
                
[DEBUG] i=2943, char='&', depth=1, snippet=<
                &
[DEBUG] i=2944, char='k', depth=1, snippet=<
                &k
[DEBUG] i=2945, char='p', depth=1, snippet=<
                &kp
[DEBUG] i=2946, char=' ', depth=1, snippet=<
                &kp 
[DEBUG] i=2947, char='N', depth=1, snippet=<
                &kp N
[DEBUG] i=2948, char='1', depth=1, snippet=<
                &kp N1
[DEBUG] i=2949, char=' ', depth=1, snippet=<
                &kp N1 
[DEBUG] i=2950, char='&', depth=1, snippet=<
                &kp N1 &
[DEBUG] i=2951, char='k', depth=1, snippet=<
                &kp N1 &k
[DEBUG] i=2952, char='p', depth=1, snippet=<
                &kp N1 &kp
[DEBUG] i=2953, char=' ', depth=1, snippet=<
                &kp N1 &kp 
[DEBUG] i=2954, char='N', depth=1, snippet=<
                &kp N1 &kp N
[DEBUG] i=2955, char='2', depth=1, snippet=<
                &kp N1 &kp N2
[DEBUG] i=2956, char=' ', depth=1, snippet=<
                &kp N1 &kp N2 
[DEBUG] i=2957, char='&', depth=1, snippet=<
                &kp N1 &kp N2 &
[DEBUG] i=2958, char='k', depth=1, snippet=<
                &kp N1 &kp N2 &k
[DEBUG] i=2959, char='p', depth=1, snippet=<
                &kp N1 &kp N2 &kp
[DEBUG] i=2960, char=' ', depth=1, snippet=<
                &kp N1 &kp N2 &kp 
[DEBUG] i=2961, char='N', depth=1, snippet=<
                &kp N1 &kp N2 &kp N
[DEBUG] i=2962, char='3', depth=1, snippet=<
                &kp N1 &kp N2 &kp N3
[DEBUG] i=2963, char=' ', depth=1, snippet=<
                &kp N1 &kp N2 &kp N3 
[DEBUG] i=2964, char='&', depth=1, snippet=<
                &kp N1 &kp N2 &kp N3 &
[DEBUG] i=2965, char='k', depth=1, snippet=<
                &kp N1 &kp N2 &kp N3 &k
[DEBUG] i=2966, char='p', depth=1, snippet=<
                &kp N1 &kp N2 &kp N3 &kp
[DEBUG] i=2967, char=' ', depth=1, snippet=<
                &kp N1 &kp N2 &kp N3 &kp 
[DEBUG] i=2968, char='N', depth=1, snippet=<
                &kp N1 &kp N2 &kp N3 &kp N
[DEBUG] i=2969, char='4', depth=1, snippet=<
                &kp N1 &kp N2 &kp N3 &kp N4
[DEBUG] i=2970, char=' ', depth=1, snippet=<
                &kp N1 &kp N2 &kp N3 &kp N4 
[DEBUG] i=2971, char='&', depth=1, snippet=<
                &kp N1 &kp N2 &kp N3 &kp N4 &
[DEBUG] i=2972, char='k', depth=1, snippet=<
                &kp N1 &kp N2 &kp N3 &kp N4 &k
[DEBUG] i=2973, char='p', depth=1, snippet=<
                &kp N1 &kp N2 &kp N3 &kp N4 &kp
[DEBUG] i=2974, char=' ', depth=1, snippet=<
                &kp N1 &kp N2 &kp N3 &kp N4 &kp 
[DEBUG] i=2975, char='N', depth=1, snippet=<
                &kp N1 &kp N2 &kp N3 &kp N4 &kp N
[DEBUG] i=2976, char='5', depth=1, snippet=<
                &kp N1 &kp N2 &kp N3 &kp N4 &kp N5
[DEBUG] i=2977, char=' ', depth=1, snippet=<
                &kp N1 &kp N2 &kp N3 &kp N4 &kp N5 
[DEBUG] i=2978, char='&', depth=1, snippet=<
                &kp N1 &kp N2 &kp N3 &kp N4 &kp N5 &
[DEBUG] i=2979, char='k', depth=1, snippet=<
                &kp N1 &kp N2 &kp N3 &kp N4 &kp N5 &k
[DEBUG] i=2980, char='p', depth=1, snippet=<
                &kp N1 &kp N2 &kp N3 &kp N4 &kp N5 &kp
[DEBUG] i=2981, char=' ', depth=1, snippet=<
                &kp N1 &kp N2 &kp N3 &kp N4 &kp N5 &kp 
[DEBUG] i=2982, char='N', depth=1, snippet=<
                &kp N1 &kp N2 &kp N3 &kp N4 &kp N5 &kp N
[DEBUG] i=2983, char='6', depth=1, snippet=<
                &kp N1 &kp N2 &kp N3 &kp N4 &kp N5 &kp N6
[DEBUG] i=2984, char='\n', depth=1, snippet=<
                &kp N1 &kp N2 &kp N3 &kp N4 &kp N5 &kp N6

[DEBUG] i=2985, char=' ', depth=1, snippet=<
                &kp N1 &kp N2 &kp N3 &kp N4 &kp N5 &kp N6
 
[DEBUG] i=2986, char=' ', depth=1, snippet=<
                &kp N1 &kp N2 &kp N3 &kp N4 &kp N5 &kp N6
  
[DEBUG] i=2987, char=' ', depth=1, snippet=<
                &kp N1 &kp N2 &kp N3 &kp N4 &kp N5 &kp N6
   
[DEBUG] i=2988, char=' ', depth=1, snippet=<
                &kp N1 &kp N2 &kp N3 &kp N4 &kp N5 &kp N6
    
[DEBUG] i=2989, char=' ', depth=1, snippet=<
                &kp N1 &kp N2 &kp N3 &kp N4 &kp N5 &kp N6
     
[DEBUG] i=2990, char=' ', depth=1, snippet=<
                &kp N1 &kp N2 &kp N3 &kp N4 &kp N5 &kp N6
      
[DEBUG] i=2991, char=' ', depth=1, snippet=<
                &kp N1 &kp N2 &kp N3 &kp N4 &kp N5 &kp N6
       
[DEBUG] i=2992, char=' ', depth=1, snippet=<
                &kp N1 &kp N2 &kp N3 &kp N4 &kp N5 &kp N6
        
[DEBUG] i=2993, char=' ', depth=1, snippet=<
                &kp N1 &kp N2 &kp N3 &kp N4 &kp N5 &kp N6
         
[DEBUG] i=2994, char=' ', depth=1, snippet=<
                &kp N1 &kp N2 &kp N3 &kp N4 &kp N5 &kp N6
          
[DEBUG] i=2995, char=' ', depth=1, snippet=<
                &kp N1 &kp N2 &kp N3 &kp N4 &kp N5 &kp N6
           
[DEBUG] i=2996, char=' ', depth=1, snippet=<
                &kp N1 &kp N2 &kp N3 &kp N4 &kp N5 &kp N6
            
[DEBUG] i=2997, char=' ', depth=1, snippet=<
                &kp N1 &kp N2 &kp N3 &kp N4 &kp N5 &kp N6
             
[DEBUG] i=2998, char=' ', depth=1, snippet=<
                &kp N1 &kp N2 &kp N3 &kp N4 &kp N5 &kp N6
              
[DEBUG] i=2999, char=' ', depth=1, snippet=<
                &kp N1 &kp N2 &kp N3 &kp N4 &kp N5 &kp N6
               
[DEBUG] i=3000, char=' ', depth=1, snippet=<
                &kp N1 &kp N2 &kp N3 &kp N4 &kp N5 &kp N6
                
[DEBUG] i=3001, char='&', depth=1, snippet=<
                &kp N1 &kp N2 &kp N3 &kp N4 &kp N5 &kp N6
                &
[DEBUG] i=3002, char='k', depth=1, snippet=<
                &kp N1 &kp N2 &kp N3 &kp N4 &kp N5 &kp N6
                &k
[DEBUG] i=3003, char='p', depth=1, snippet=<
                &kp N1 &kp N2 &kp N3 &kp N4 &kp N5 &kp N6
                &kp
[DEBUG] i=3004, char=' ', depth=1, snippet=<
                &kp N1 &kp N2 &kp N3 &kp N4 &kp N5 &kp N6
                &kp 
[DEBUG] i=3005, char='N', depth=1, snippet=<
                &kp N1 &kp N2 &kp N3 &kp N4 &kp N5 &kp N6
                &kp N
[DEBUG] i=3006, char='7', depth=1, snippet=<
                &kp N1 &kp N2 &kp N3 &kp N4 &kp N5 &kp N6
                &kp N7
[DEBUG] i=3007, char=' ', depth=1, snippet=<
                &kp N1 &kp N2 &kp N3 &kp N4 &kp N5 &kp N6
                &kp N7 
[DEBUG] i=3008, char='&', depth=1, snippet=<
                &kp N1 &kp N2 &kp N3 &kp N4 &kp N5 &kp N6
                &kp N7 &
[DEBUG] i=3009, char='k', depth=1, snippet=<
                &kp N1 &kp N2 &kp N3 &kp N4 &kp N5 &kp N6
                &kp N7 &k
[DEBUG] i=3010, char='p', depth=1, snippet=<
                &kp N1 &kp N2 &kp N3 &kp N4 &kp N5 &kp N6
                &kp N7 &kp
[DEBUG] i=3011, char=' ', depth=1, snippet=<
                &kp N1 &kp N2 &kp N3 &kp N4 &kp N5 &kp N6
                &kp N7 &kp 
[DEBUG] i=3012, char='N', depth=1, snippet=<
                &kp N1 &kp N2 &kp N3 &kp N4 &kp N5 &kp N6
                &kp N7 &kp N
[DEBUG] i=3013, char='8', depth=1, snippet=<
                &kp N1 &kp N2 &kp N3 &kp N4 &kp N5 &kp N6
                &kp N7 &kp N8
[DEBUG] i=3014, char=' ', depth=1, snippet=<
                &kp N1 &kp N2 &kp N3 &kp N4 &kp N5 &kp N6
                &kp N7 &kp N8 
[DEBUG] i=3015, char='&', depth=1, snippet=<
                &kp N1 &kp N2 &kp N3 &kp N4 &kp N5 &kp N6
                &kp N7 &kp N8 &
[DEBUG] i=3016, char='k', depth=1, snippet=<
                &kp N1 &kp N2 &kp N3 &kp N4 &kp N5 &kp N6
                &kp N7 &kp N8 &k
[DEBUG] i=3017, char='p', depth=1, snippet=<
                &kp N1 &kp N2 &kp N3 &kp N4 &kp N5 &kp N6
                &kp N7 &kp N8 &kp
[DEBUG] i=3018, char=' ', depth=1, snippet=<
                &kp N1 &kp N2 &kp N3 &kp N4 &kp N5 &kp N6
                &kp N7 &kp N8 &kp 
[DEBUG] i=3019, char='N', depth=1, snippet=<
                &kp N1 &kp N2 &kp N3 &kp N4 &kp N5 &kp N6
                &kp N7 &kp N8 &kp N
[DEBUG] i=3020, char='9', depth=1, snippet=<
                &kp N1 &kp N2 &kp N3 &kp N4 &kp N5 &kp N6
                &kp N7 &kp N8 &kp N9
[DEBUG] i=3021, char=' ', depth=1, snippet=<
                &kp N1 &kp N2 &kp N3 &kp N4 &kp N5 &kp N6
                &kp N7 &kp N8 &kp N9 
[DEBUG] i=3022, char='&', depth=1, snippet=<
                &kp N1 &kp N2 &kp N3 &kp N4 &kp N5 &kp N6
                &kp N7 &kp N8 &kp N9 &
[DEBUG] i=3023, char='k', depth=1, snippet=<
                &kp N1 &kp N2 &kp N3 &kp N4 &kp N5 &kp N6
                &kp N7 &kp N8 &kp N9 &k
[DEBUG] i=3024, char='p', depth=1, snippet=<
                &kp N1 &kp N2 &kp N3 &kp N4 &kp N5 &kp N6
                &kp N7 &kp N8 &kp N9 &kp
[DEBUG] i=3241, char='\n', depth=1, snippet=<

[DEBUG] i=3242, char=' ', depth=1, snippet=<
 
[DEBUG] i=3243, char=' ', depth=1, snippet=<
  
[DEBUG] i=3244, char=' ', depth=1, snippet=<
   
[DEBUG] i=3245, char=' ', depth=1, snippet=<
    
[DEBUG] i=3246, char=' ', depth=1, snippet=<
     
[DEBUG] i=3247, char=' ', depth=1, snippet=<
      
[DEBUG] i=3248, char=' ', depth=1, snippet=<
       
[DEBUG] i=3249, char=' ', depth=1, snippet=<
        
[DEBUG] i=3250, char=' ', depth=1, snippet=<
         
[DEBUG] i=3251, char=' ', depth=1, snippet=<
          
[DEBUG] i=3252, char=' ', depth=1, snippet=<
           
[DEBUG] i=3253, char=' ', depth=1, snippet=<
            
[DEBUG] i=3254, char=' ', depth=1, snippet=<
             
[DEBUG] i=3255, char=' ', depth=1, snippet=<
              
[DEBUG] i=3256, char=' ', depth=1, snippet=<
               
[DEBUG] i=3257, char=' ', depth=1, snippet=<
                
[DEBUG] i=3258, char='&', depth=1, snippet=<
                &
[DEBUG] i=3259, char='k', depth=1, snippet=<
                &k
[DEBUG] i=3260, char='p', depth=1, snippet=<
                &kp
[DEBUG] i=3261, char=' ', depth=1, snippet=<
                &kp 
[DEBUG] i=3262, char='E', depth=1, snippet=<
                &kp E
[DEBUG] i=3263, char='X', depth=1, snippet=<
                &kp EX
[DEBUG] i=3264, char='C', depth=1, snippet=<
                &kp EXC
[DEBUG] i=3265, char='L', depth=1, snippet=<
                &kp EXCL
[DEBUG] i=3266, char='A', depth=1, snippet=<
                &kp EXCLA
[DEBUG] i=3267, char='M', depth=1, snippet=<
                &kp EXCLAM
[DEBUG] i=3268, char='A', depth=1, snippet=<
                &kp EXCLAMA
[DEBUG] i=3269, char='T', depth=1, snippet=<
                &kp EXCLAMAT
[DEBUG] i=3270, char='I', depth=1, snippet=<
                &kp EXCLAMATI
[DEBUG] i=3271, char='O', depth=1, snippet=<
                &kp EXCLAMATIO
[DEBUG] i=3272, char='N', depth=1, snippet=<
                &kp EXCLAMATION
[DEBUG] i=3273, char=' ', depth=1, snippet=<
                &kp EXCLAMATION 
[DEBUG] i=3274, char='&', depth=1, snippet=<
                &kp EXCLAMATION &
[DEBUG] i=3275, char='k', depth=1, snippet=<
                &kp EXCLAMATION &k
[DEBUG] i=3276, char='p', depth=1, snippet=<
                &kp EXCLAMATION &kp
[DEBUG] i=3277, char=' ', depth=1, snippet=<
                &kp EXCLAMATION &kp 
[DEBUG] i=3278, char='A', depth=1, snippet=<
                &kp EXCLAMATION &kp A
[DEBUG] i=3279, char='T', depth=1, snippet=<
                &kp EXCLAMATION &kp AT
[DEBUG] i=3280, char=' ', depth=1, snippet=<
                &kp EXCLAMATION &kp AT 
[DEBUG] i=3281, char='&', depth=1, snippet=<
                &kp EXCLAMATION &kp AT &
[DEBUG] i=3282, char='k', depth=1, snippet=<
                &kp EXCLAMATION &kp AT &k
[DEBUG] i=3283, char='p', depth=1, snippet=<
                &kp EXCLAMATION &kp AT &kp
[DEBUG] i=3284, char=' ', depth=1, snippet=<
                &kp EXCLAMATION &kp AT &kp 
[DEBUG] i=3285, char='H', depth=1, snippet=<
                &kp EXCLAMATION &kp AT &kp H
[DEBUG] i=3286, char='A', depth=1, snippet=<
                &kp EXCLAMATION &kp AT &kp HA
[DEBUG] i=3287, char='S', depth=1, snippet=<
                &kp EXCLAMATION &kp AT &kp HAS
[DEBUG] i=3288, char='H', depth=1, snippet=<
                &kp EXCLAMATION &kp AT &kp HASH
[DEBUG] i=3289, char=' ', depth=1, snippet=<
                &kp EXCLAMATION &kp AT &kp HASH 
[DEBUG] i=3290, char='&', depth=1, snippet=<
                &kp EXCLAMATION &kp AT &kp HASH &
[DEBUG] i=3291, char='k', depth=1, snippet=<
                &kp EXCLAMATION &kp AT &kp HASH &k
[DEBUG] i=3292, char='p', depth=1, snippet=<
                &kp EXCLAMATION &kp AT &kp HASH &kp
[DEBUG] i=3293, char=' ', depth=1, snippet=<
                &kp EXCLAMATION &kp AT &kp HASH &kp 
[DEBUG] i=3294, char='D', depth=1, snippet=<
                &kp EXCLAMATION &kp AT &kp HASH &kp D
[DEBUG] i=3295, char='O', depth=1, snippet=<
                &kp EXCLAMATION &kp AT &kp HASH &kp DO
[DEBUG] i=3296, char='L', depth=1, snippet=<
                &kp EXCLAMATION &kp AT &kp HASH &kp DOL
[DEBUG] i=3297, char='L', depth=1, snippet=<
                &kp EXCLAMATION &kp AT &kp HASH &kp DOLL
[DEBUG] i=3298, char='A', depth=1, snippet=<
                &kp EXCLAMATION &kp AT &kp HASH &kp DOLLA
[DEBUG] i=3299, char='R', depth=1, snippet=<
                &kp EXCLAMATION &kp AT &kp HASH &kp DOLLAR
[DEBUG] i=3300, char=' ', depth=1, snippet=<
                &kp EXCLAMATION &kp AT &kp HASH &kp DOLLAR 
[DEBUG] i=3301, char='&', depth=1, snippet=<
                &kp EXCLAMATION &kp AT &kp HASH &kp DOLLAR &
[DEBUG] i=3302, char='k', depth=1, snippet=<
                &kp EXCLAMATION &kp AT &kp HASH &kp DOLLAR &k
[DEBUG] i=3303, char='p', depth=1, snippet=<
                &kp EXCLAMATION &kp AT &kp HASH &kp DOLLAR &kp
[DEBUG] i=3304, char=' ', depth=1, snippet=<
                &kp EXCLAMATION &kp AT &kp HASH &kp DOLLAR &kp 
[DEBUG] i=3305, char='P', depth=1, snippet=<
                &kp EXCLAMATION &kp AT &kp HASH &kp DOLLAR &kp P
[DEBUG] i=3306, char='E', depth=1, snippet=<
                &kp EXCLAMATION &kp AT &kp HASH &kp DOLLAR &kp PE
[DEBUG] i=3307, char='R', depth=1, snippet=<
                &kp EXCLAMATION &kp AT &kp HASH &kp DOLLAR &kp PER
[DEBUG] i=3308, char='C', depth=1, snippet=<
                &kp EXCLAMATION &kp AT &kp HASH &kp DOLLAR &kp PERC
[DEBUG] i=3309, char='E', depth=1, snippet=<
                &kp EXCLAMATION &kp AT &kp HASH &kp DOLLAR &kp PERCE
[DEBUG] i=3310, char='N', depth=1, snippet=<
                &kp EXCLAMATION &kp AT &kp HASH &kp DOLLAR &kp PERCEN
[DEBUG] i=3311, char='T', depth=1, snippet=<
                &kp EXCLAMATION &kp AT &kp HASH &kp DOLLAR &kp PERCENT
[DEBUG] i=3312, char=' ', depth=1, snippet=<
                &kp EXCLAMATION &kp AT &kp HASH &kp DOLLAR &kp PERCENT 
[DEBUG] i=3313, char='&', depth=1, snippet=<
                &kp EXCLAMATION &kp AT &kp HASH &kp DOLLAR &kp PERCENT &
[DEBUG] i=3314, char='k', depth=1, snippet=<
                &kp EXCLAMATION &kp AT &kp HASH &kp DOLLAR &kp PERCENT &k
[DEBUG] i=3315, char='p', depth=1, snippet=<
                &kp EXCLAMATION &kp AT &kp HASH &kp DOLLAR &kp PERCENT &kp
[DEBUG] i=3316, char=' ', depth=1, snippet=<
                &kp EXCLAMATION &kp AT &kp HASH &kp DOLLAR &kp PERCENT &kp 
[DEBUG] i=3317, char='C', depth=1, snippet=<
                &kp EXCLAMATION &kp AT &kp HASH &kp DOLLAR &kp PERCENT &kp C
[DEBUG] i=3318, char='A', depth=1, snippet=<
                &kp EXCLAMATION &kp AT &kp HASH &kp DOLLAR &kp PERCENT &kp CA
[DEBUG] i=3319, char='R', depth=1, snippet=<
                &kp EXCLAMATION &kp AT &kp HASH &kp DOLLAR &kp PERCENT &kp CAR
[DEBUG] i=3320, char='E', depth=1, snippet=<
                &kp EXCLAMATION &kp AT &kp HASH &kp DOLLAR &kp PERCENT &kp CARE
[DEBUG] i=3321, char='T', depth=1, snippet=<
                &kp EXCLAMATION &kp AT &kp HASH &kp DOLLAR &kp PERCENT &kp CARET
[DEBUG] i=3322, char='\n', depth=1, snippet=<
                &kp EXCLAMATION &kp AT &kp HASH &kp DOLLAR &kp PERCENT &kp CARET

[DEBUG] i=3323, char=' ', depth=1, snippet=<
                &kp EXCLAMATION &kp AT &kp HASH &kp DOLLAR &kp PERCENT &kp CARET
 
[DEBUG] i=3324, char=' ', depth=1, snippet=<
                &kp EXCLAMATION &kp AT &kp HASH &kp DOLLAR &kp PERCENT &kp CARET
  
[DEBUG] i=3325, char=' ', depth=1, snippet=<
                &kp EXCLAMATION &kp AT &kp HASH &kp DOLLAR &kp PERCENT &kp CARET
   
[DEBUG] i=3326, char=' ', depth=1, snippet=<
                &kp EXCLAMATION &kp AT &kp HASH &kp DOLLAR &kp PERCENT &kp CARET
    
[DEBUG] i=3327, char=' ', depth=1, snippet=<
                &kp EXCLAMATION &kp AT &kp HASH &kp DOLLAR &kp PERCENT &kp CARET
     
[DEBUG] i=3328, char=' ', depth=1, snippet=<
                &kp EXCLAMATION &kp AT &kp HASH &kp DOLLAR &kp PERCENT &kp CARET
      
[DEBUG] i=3329, char=' ', depth=1, snippet=<
                &kp EXCLAMATION &kp AT &kp HASH &kp DOLLAR &kp PERCENT &kp CARET
       
[DEBUG] i=3330, char=' ', depth=1, snippet=<
                &kp EXCLAMATION &kp AT &kp HASH &kp DOLLAR &kp PERCENT &kp CARET
        
[DEBUG] i=3331, char=' ', depth=1, snippet=<
                &kp EXCLAMATION &kp AT &kp HASH &kp DOLLAR &kp PERCENT &kp CARET
         
[DEBUG] i=3332, char=' ', depth=1, snippet=<
                &kp EXCLAMATION &kp AT &kp HASH &kp DOLLAR &kp PERCENT &kp CARET
          
[DEBUG] i=3333, char=' ', depth=1, snippet=<
                &kp EXCLAMATION &kp AT &kp HASH &kp DOLLAR &kp PERCENT &kp CARET
           
[DEBUG] i=3334, char=' ', depth=1, snippet=<
                &kp EXCLAMATION &kp AT &kp HASH &kp DOLLAR &kp PERCENT &kp CARET
            
[DEBUG] i=3335, char=' ', depth=1, snippet=<
                &kp EXCLAMATION &kp AT &kp HASH &kp DOLLAR &kp PERCENT &kp CARET
             
[DEBUG] i=3336, char=' ', depth=1, snippet=<
                &kp EXCLAMATION &kp AT &kp HASH &kp DOLLAR &kp PERCENT &kp CARET
              
[DEBUG] i=3337, char=' ', depth=1, snippet=<
                &kp EXCLAMATION &kp AT &kp HASH &kp DOLLAR &kp PERCENT &kp CARET
               
[DEBUG] i=3338, char=' ', depth=1, snippet=<
                &kp EXCLAMATION &kp AT &kp HASH &kp DOLLAR &kp PERCENT &kp CARET
                
[DEBUG] i=3339, char='&', depth=1, snippet=<
                &kp EXCLAMATION &kp AT &kp HASH &kp DOLLAR &kp PERCENT &kp CARET
                &
[DEBUG] i=3592, char='\n', depth=1, snippet=<

[DEBUG] i=3593, char=' ', depth=1, snippet=<
 
[DEBUG] i=3594, char=' ', depth=1, snippet=<
  
[DEBUG] i=3595, char=' ', depth=1, snippet=<
   
[DEBUG] i=3596, char=' ', depth=1, snippet=<
    
[DEBUG] i=3597, char=' ', depth=1, snippet=<
     
[DEBUG] i=3598, char=' ', depth=1, snippet=<
      
[DEBUG] i=3599, char=' ', depth=1, snippet=<
       
[DEBUG] i=3600, char=' ', depth=1, snippet=<
        
[DEBUG] i=3601, char=' ', depth=1, snippet=<
         
[DEBUG] i=3602, char=' ', depth=1, snippet=<
          
[DEBUG] i=3603, char=' ', depth=1, snippet=<
           
[DEBUG] i=3604, char=' ', depth=1, snippet=<
            
[DEBUG] i=3605, char=' ', depth=1, snippet=<
             
[DEBUG] i=3606, char=' ', depth=1, snippet=<
              
[DEBUG] i=3607, char=' ', depth=1, snippet=<
               
[DEBUG] i=3608, char=' ', depth=1, snippet=<
                
[DEBUG] i=3609, char='&', depth=1, snippet=<
                &
[DEBUG] i=3610, char='k', depth=1, snippet=<
                &k
[DEBUG] i=3611, char='p', depth=1, snippet=<
                &kp
[DEBUG] i=3612, char=' ', depth=1, snippet=<
                &kp 
[DEBUG] i=3613, char='R', depth=1, snippet=<
                &kp R
[DEBUG] i=3614, char='E', depth=1, snippet=<
                &kp RE
[DEBUG] i=3615, char='S', depth=1, snippet=<
                &kp RES
[DEBUG] i=3616, char='E', depth=1, snippet=<
                &kp RESE
[DEBUG] i=3617, char='T', depth=1, snippet=<
                &kp RESET
[DEBUG] i=3618, char=' ', depth=1, snippet=<
                &kp RESET 
[DEBUG] i=3619, char='&', depth=1, snippet=<
                &kp RESET &
[DEBUG] i=3620, char='k', depth=1, snippet=<
                &kp RESET &k
[DEBUG] i=3621, char='p', depth=1, snippet=<
                &kp RESET &kp
[DEBUG] i=3622, char=' ', depth=1, snippet=<
                &kp RESET &kp 
[DEBUG] i=3623, char='B', depth=1, snippet=<
                &kp RESET &kp B
[DEBUG] i=3624, char='O', depth=1, snippet=<
                &kp RESET &kp BO
[DEBUG] i=3625, char='O', depth=1, snippet=<
                &kp RESET &kp BOO
[DEBUG] i=3626, char='T', depth=1, snippet=<
                &kp RESET &kp BOOT
[DEBUG] i=3627, char='L', depth=1, snippet=<
                &kp RESET &kp BOOTL
[DEBUG] i=3628, char='O', depth=1, snippet=<
                &kp RESET &kp BOOTLO
[DEBUG] i=3629, char='A', depth=1, snippet=<
                &kp RESET &kp BOOTLOA
[DEBUG] i=3630, char='D', depth=1, snippet=<
                &kp RESET &kp BOOTLOAD
[DEBUG] i=3631, char='E', depth=1, snippet=<
                &kp RESET &kp BOOTLOADE
[DEBUG] i=3632, char='R', depth=1, snippet=<
                &kp RESET &kp BOOTLOADER
[DEBUG] i=3633, char=' ', depth=1, snippet=<
                &kp RESET &kp BOOTLOADER 
[DEBUG] i=3634, char='&', depth=1, snippet=<
                &kp RESET &kp BOOTLOADER &
[DEBUG] i=3635, char='k', depth=1, snippet=<
                &kp RESET &kp BOOTLOADER &k
[DEBUG] i=3636, char='p', depth=1, snippet=<
                &kp RESET &kp BOOTLOADER &kp
[DEBUG] i=3637, char=' ', depth=1, snippet=<
                &kp RESET &kp BOOTLOADER &kp 
[DEBUG] i=3638, char='N', depth=1, snippet=<
                &kp RESET &kp BOOTLOADER &kp N
[DEBUG] i=3639, char='O', depth=1, snippet=<
                &kp RESET &kp BOOTLOADER &kp NO
[DEBUG] i=3640, char='N', depth=1, snippet=<
                &kp RESET &kp BOOTLOADER &kp NON
[DEBUG] i=3641, char='E', depth=1, snippet=<
                &kp RESET &kp BOOTLOADER &kp NONE
[DEBUG] i=3642, char=' ', depth=1, snippet=<
                &kp RESET &kp BOOTLOADER &kp NONE 
[DEBUG] i=3643, char='&', depth=1, snippet=<
                &kp RESET &kp BOOTLOADER &kp NONE &
[DEBUG] i=3644, char='k', depth=1, snippet=<
                &kp RESET &kp BOOTLOADER &kp NONE &k
[DEBUG] i=3645, char='p', depth=1, snippet=<
                &kp RESET &kp BOOTLOADER &kp NONE &kp
[DEBUG] i=3646, char=' ', depth=1, snippet=<
                &kp RESET &kp BOOTLOADER &kp NONE &kp 
[DEBUG] i=3647, char='N', depth=1, snippet=<
                &kp RESET &kp BOOTLOADER &kp NONE &kp N
[DEBUG] i=3648, char='O', depth=1, snippet=<
                &kp RESET &kp BOOTLOADER &kp NONE &kp NO
[DEBUG] i=3649, char='N', depth=1, snippet=<
                &kp RESET &kp BOOTLOADER &kp NONE &kp NON
[DEBUG] i=3650, char='E', depth=1, snippet=<
                &kp RESET &kp BOOTLOADER &kp NONE &kp NONE
[DEBUG] i=3651, char=' ', depth=1, snippet=<
                &kp RESET &kp BOOTLOADER &kp NONE &kp NONE 
[DEBUG] i=3652, char='&', depth=1, snippet=<
                &kp RESET &kp BOOTLOADER &kp NONE &kp NONE &
[DEBUG] i=3653, char='k', depth=1, snippet=<
                &kp RESET &kp BOOTLOADER &kp NONE &kp NONE &k
[DEBUG] i=3654, char='p', depth=1, snippet=<
                &kp RESET &kp BOOTLOADER &kp NONE &kp NONE &kp
[DEBUG] i=3655, char=' ', depth=1, snippet=<
                &kp RESET &kp BOOTLOADER &kp NONE &kp NONE &kp 
[DEBUG] i=3656, char='N', depth=1, snippet=<
                &kp RESET &kp BOOTLOADER &kp NONE &kp NONE &kp N
[DEBUG] i=3657, char='O', depth=1, snippet=<
                &kp RESET &kp BOOTLOADER &kp NONE &kp NONE &kp NO
[DEBUG] i=3658, char='N', depth=1, snippet=<
                &kp RESET &kp BOOTLOADER &kp NONE &kp NONE &kp NON
[DEBUG] i=3659, char='E', depth=1, snippet=<
                &kp RESET &kp BOOTLOADER &kp NONE &kp NONE &kp NONE
[DEBUG] i=3660, char=' ', depth=1, snippet=<
                &kp RESET &kp BOOTLOADER &kp NONE &kp NONE &kp NONE 
[DEBUG] i=3661, char='&', depth=1, snippet=<
                &kp RESET &kp BOOTLOADER &kp NONE &kp NONE &kp NONE &
[DEBUG] i=3662, char='k', depth=1, snippet=<
                &kp RESET &kp BOOTLOADER &kp NONE &kp NONE &kp NONE &k
[DEBUG] i=3663, char='p', depth=1, snippet=<
                &kp RESET &kp BOOTLOADER &kp NONE &kp NONE &kp NONE &kp
[DEBUG] i=3664, char=' ', depth=1, snippet=<
                &kp RESET &kp BOOTLOADER &kp NONE &kp NONE &kp NONE &kp 
[DEBUG] i=3665, char='N', depth=1, snippet=<
                &kp RESET &kp BOOTLOADER &kp NONE &kp NONE &kp NONE &kp N
[DEBUG] i=3666, char='O', depth=1, snippet=<
                &kp RESET &kp BOOTLOADER &kp NONE &kp NONE &kp NONE &kp NO
[DEBUG] i=3667, char='N', depth=1, snippet=<
                &kp RESET &kp BOOTLOADER &kp NONE &kp NONE &kp NONE &kp NON
[DEBUG] i=3668, char='E', depth=1, snippet=<
                &kp RESET &kp BOOTLOADER &kp NONE &kp NONE &kp NONE &kp NONE
[DEBUG] i=3669, char='\n', depth=1, snippet=<
                &kp RESET &kp BOOTLOADER &kp NONE &kp NONE &kp NONE &kp NONE

[DEBUG] i=3670, char=' ', depth=1, snippet=<
                &kp RESET &kp BOOTLOADER &kp NONE &kp NONE &kp NONE &kp NONE
 
[DEBUG] i=3671, char=' ', depth=1, snippet=<
                &kp RESET &kp BOOTLOADER &kp NONE &kp NONE &kp NONE &kp NONE
  
[DEBUG] i=3672, char=' ', depth=1, snippet=<
                &kp RESET &kp BOOTLOADER &kp NONE &kp NONE &kp NONE &kp NONE
   
[DEBUG] i=3673, char=' ', depth=1, snippet=<
                &kp RESET &kp BOOTLOADER &kp NONE &kp NONE &kp NONE &kp NONE
    
[DEBUG] i=3674, char=' ', depth=1, snippet=<
                &kp RESET &kp BOOTLOADER &kp NONE &kp NONE &kp NONE &kp NONE
     
[DEBUG] i=3675, char=' ', depth=1, snippet=<
                &kp RESET &kp BOOTLOADER &kp NONE &kp NONE &kp NONE &kp NONE
      
[DEBUG] i=3676, char=' ', depth=1, snippet=<
                &kp RESET &kp BOOTLOADER &kp NONE &kp NONE &kp NONE &kp NONE
       
[DEBUG] i=3677, char=' ', depth=1, snippet=<
                &kp RESET &kp BOOTLOADER &kp NONE &kp NONE &kp NONE &kp NONE
        
[DEBUG] i=3678, char=' ', depth=1, snippet=<
                &kp RESET &kp BOOTLOADER &kp NONE &kp NONE &kp NONE &kp NONE
         
[DEBUG] i=3679, char=' ', depth=1, snippet=<
                &kp RESET &kp BOOTLOADER &kp NONE &kp NONE &kp NONE &kp NONE
          
[DEBUG] i=3680, char=' ', depth=1, snippet=<
                &kp RESET &kp BOOTLOADER &kp NONE &kp NONE &kp NONE &kp NONE
           
[DEBUG] i=3681, char=' ', depth=1, snippet=<
                &kp RESET &kp BOOTLOADER &kp NONE &kp NONE &kp NONE &kp NONE
            
[DEBUG] i=3682, char=' ', depth=1, snippet=<
                &kp RESET &kp BOOTLOADER &kp NONE &kp NONE &kp NONE &kp NONE
             
[DEBUG] i=3683, char=' ', depth=1, snippet=<
                &kp RESET &kp BOOTLOADER &kp NONE &kp NONE &kp NONE &kp NONE
              
[DEBUG] i=3684, char=' ', depth=1, snippet=<
                &kp RESET &kp BOOTLOADER &kp NONE &kp NONE &kp NONE &kp NONE
               
[DEBUG] i=3685, char=' ', depth=1, snippet=<
                &kp RESET &kp BOOTLOADER &kp NONE &kp NONE &kp NONE &kp NONE
                
[DEBUG] i=3686, char='&', depth=1, snippet=<
                &kp RESET &kp BOOTLOADER &kp NONE &kp NONE &kp NONE &kp NONE
                &
[DEBUG] i=3687, char='k', depth=1, snippet=<
                &kp RESET &kp BOOTLOADER &kp NONE &kp NONE &kp NONE &kp NONE
                &k
[DEBUG] i=3688, char='p', depth=1, snippet=<
                &kp RESET &kp BOOTLOADER &kp NONE &kp NONE &kp NONE &kp NONE
                &kp
[DEBUG] i=3689, char=' ', depth=1, snippet=<
                &kp RESET &kp BOOTLOADER &kp NONE &kp NONE &kp NONE &kp NONE
                &kp 
[DEBUG] i=3690, char='N', depth=1, snippet=<
                &kp RESET &kp BOOTLOADER &kp NONE &kp NONE &kp NONE &kp NONE
                &kp N
[DEBUG] i=4009, char='5', depth=1, snippet=<5
[DEBUG] i=4010, char='0', depth=1, snippet=<50
[DEBUG] i=4011, char='>', depth=1, snippet=<50>
[DEBUG] i=4043, char='0', depth=1, snippet=<0
[DEBUG] i=4044, char='x', depth=1, snippet=<0x
[DEBUG] i=4045, char='2', depth=1, snippet=<0x2
[DEBUG] i=4046, char='7', depth=1, snippet=<0x27
[DEBUG] i=4047, char=' ', depth=1, snippet=<0x27 
[DEBUG] i=4048, char=' ', depth=1, snippet=<0x27  
[DEBUG] i=4049, char='0', depth=1, snippet=<0x27  0
[DEBUG] i=4050, char='x', depth=1, snippet=<0x27  0x
[DEBUG] i=4051, char='1', depth=1, snippet=<0x27  0x1
[DEBUG] i=4052, char='E', depth=1, snippet=<0x27  0x1E
[DEBUG] i=4053, char=' ', depth=1, snippet=<0x27  0x1E 
[DEBUG] i=4054, char='>', depth=1, snippet=<0x27  0x1E >
[DEBUG] i=4081, char='&', depth=1, snippet=<&
[DEBUG] i=4082, char='k', depth=1, snippet=<&k
[DEBUG] i=4083, char='p', depth=1, snippet=<&kp
[DEBUG] i=4084, char=' ', depth=1, snippet=<&kp 
[DEBUG] i=4085, char='E', depth=1, snippet=<&kp E
[DEBUG] i=4086, char='S', depth=1, snippet=<&kp ES
[DEBUG] i=4087, char='C', depth=1, snippet=<&kp ESC
[DEBUG] i=4088, char='>', depth=1, snippet=<&kp ESC>
[DEBUG] i=4149, char='5', depth=1, snippet=<5
[DEBUG] i=4150, char='0', depth=1, snippet=<50
[DEBUG] i=4151, char='>', depth=1, snippet=<50>
[DEBUG] i=4183, char='0', depth=1, snippet=<0
[DEBUG] i=4184, char='x', depth=1, snippet=<0x
[DEBUG] i=4185, char='1', depth=1, snippet=<0x1
[DEBUG] i=4186, char='E', depth=1, snippet=<0x1E
[DEBUG] i=4187, char=' ', depth=1, snippet=<0x1E 
[DEBUG] i=4188, char=' ', depth=1, snippet=<0x1E  
[DEBUG] i=4189, char='0', depth=1, snippet=<0x1E  0
[DEBUG] i=4190, char='x', depth=1, snippet=<0x1E  0x
[DEBUG] i=4191, char='1', depth=1, snippet=<0x1E  0x1
[DEBUG] i=4192, char='F', depth=1, snippet=<0x1E  0x1F
[DEBUG] i=4193, char=' ', depth=1, snippet=<0x1E  0x1F 
[DEBUG] i=4194, char='>', depth=1, snippet=<0x1E  0x1F >
[DEBUG] i=4221, char='&', depth=1, snippet=<&
[DEBUG] i=4222, char='k', depth=1, snippet=<&k
[DEBUG] i=4223, char='p', depth=1, snippet=<&kp
[DEBUG] i=4224, char=' ', depth=1, snippet=<&kp 
[DEBUG] i=4225, char='T', depth=1, snippet=<&kp T
[DEBUG] i=4226, char='A', depth=1, snippet=<&kp TA
[DEBUG] i=4227, char='B', depth=1, snippet=<&kp TAB
[DEBUG] i=4228, char='>', depth=1, snippet=<&kp TAB>
[DEBUG] i=4291, char='5', depth=1, snippet=<5
[DEBUG] i=4292, char='0', depth=1, snippet=<50
[DEBUG] i=4293, char='>', depth=1, snippet=<50>
[DEBUG] i=4325, char='0', depth=1, snippet=<0
[DEBUG] i=4326, char='x', depth=1, snippet=<0x
[DEBUG] i=4327, char='1', depth=1, snippet=<0x1
[DEBUG] i=4328, char='F', depth=1, snippet=<0x1F
[DEBUG] i=4329, char=' ', depth=1, snippet=<0x1F 
[DEBUG] i=4330, char=' ', depth=1, snippet=<0x1F  
[DEBUG] i=4331, char='0', depth=1, snippet=<0x1F  0
[DEBUG] i=4332, char='x', depth=1, snippet=<0x1F  0x
[DEBUG] i=4333, char='2', depth=1, snippet=<0x1F  0x2
[DEBUG] i=4334, char='0', depth=1, snippet=<0x1F  0x20
[DEBUG] i=4335, char=' ', depth=1, snippet=<0x1F  0x20 
[DEBUG] i=4336, char='>', depth=1, snippet=<0x1F  0x20 >
[DEBUG] i=4363, char='&', depth=1, snippet=<&
[DEBUG] i=4364, char='k', depth=1, snippet=<&k
[DEBUG] i=4365, char='p', depth=1, snippet=<&kp
[DEBUG] i=4366, char=' ', depth=1, snippet=<&kp 
[DEBUG] i=4367, char='E', depth=1, snippet=<&kp E
[DEBUG] i=4368, char='N', depth=1, snippet=<&kp EN
[DEBUG] i=4369, char='T', depth=1, snippet=<&kp ENT
[DEBUG] i=4370, char='E', depth=1, snippet=<&kp ENTE
[DEBUG] i=4371, char='R', depth=1, snippet=<&kp ENTER
[DEBUG] i=4372, char='>', depth=1, snippet=<&kp ENTER>
[DEBUG] i=4512, char='0', depth=1, snippet=<0
[DEBUG] i=4513, char='x', depth=1, snippet=<0x
[DEBUG] i=4514, char='1', depth=1, snippet=<0x1
[DEBUG] i=4515, char='E', depth=1, snippet=<0x1E
[DEBUG] i=4516, char=' ', depth=1, snippet=<0x1E 
[DEBUG] i=4517, char=' ', depth=1, snippet=<0x1E  
[DEBUG] i=4518, char='0', depth=1, snippet=<0x1E  0
[DEBUG] i=4519, char='x', depth=1, snippet=<0x1E  0x
[DEBUG] i=4520, char='1', depth=1, snippet=<0x1E  0x1
[DEBUG] i=4521, char='F', depth=1, snippet=<0x1E  0x1F
[DEBUG] i=4522, char=' ', depth=1, snippet=<0x1E  0x1F 
[DEBUG] i=4523, char='>', depth=1, snippet=<0x1E  0x1F >
[DEBUG] i=4552, char='0', depth=1, snippet=<0
[DEBUG] i=4553, char='x', depth=1, snippet=<0x
[DEBUG] i=4554, char='2', depth=1, snippet=<0x2
[DEBUG] i=4555, char='0', depth=1, snippet=<0x20
[DEBUG] i=4556, char=' ', depth=1, snippet=<0x20 
[DEBUG] i=4557, char='>', depth=1, snippet=<0x20 >
Added combo combo_esc: Combo(name='combo_esc', timeout_ms=50, key_positions=[39, 30], binding=Binding(behavior=None, params=['ESC']))
Added combo combo_tab: Combo(name='combo_tab', timeout_ms=50, key_positions=[30, 31], binding=Binding(behavior=None, params=['TAB']))
Added combo combo_enter: Combo(name='combo_enter', timeout_ms=50, key_positions=[31, 32], binding=Binding(behavior=None, params=['ENTER']))
Added conditional layer tri_layer: ConditionalLayer(name='tri_layer', if_layers=[30, 31], then_layer=32)
Added layer default_layer: Layer(name='default_layer', bindings=[Binding(behavior=HoldTap(name='mt', type='hold-tap'), params=['LSHIFT', '4']), Binding(behavior=None, params=['5']), Binding(behavior=None, params=['*/']), Binding(behavior=MacroBehavior(name='macro_a', type='macro'), params=[]), Binding(behavior=None, params=['7']), Binding(behavior=None, params=['*/']), Binding(behavior=HoldTap(name='lt', type='hold-tap'), params=['30', '8']), Binding(behavior=None, params=['9']), Binding(behavior=None, params=['*/']), Binding(behavior=None, params=['10']), Binding(behavior=None, params=['*/']), Binding(behavior=None, params=['11']), Binding(behavior=None, params=['*/']), Binding(behavior=None, params=['12']), Binding(behavior=None, params=['*/']), Binding(behavior=None, params=['13']), Binding(behavior=None, params=['*/']), Binding(behavior=None, params=['14']), Binding(behavior=None, params=['*/']), Binding(behavior=None, params=['15']), Binding(behavior=None, params=['*/']), Binding(behavior=None, params=['16']), Binding(behavior=None, params=['*/']), Binding(behavior=None, params=['17']), Binding(behavior=None, params=['*/']), Binding(behavior=None, params=['18']), Binding(behavior=None, params=['*/']), Binding(behavior=None, params=['19']), Binding(behavior=None, params=['*/']), Binding(behavior=None, params=['20']), Binding(behavior=None, params=['*/']), Binding(behavior=None, params=['21']), Binding(behavior=None, params=['*/']), Binding(behavior=None, params=['22']), Binding(behavior=None, params=['*/']), Binding(behavior=None, params=['23']), Binding(behavior=None, params=['*/']), Binding(behavior=None, params=['24']), Binding(behavior=None, params=['*/']), Binding(behavior=None, params=['25']), Binding(behavior=None, params=['*/']), Binding(behavior=None, params=['26']), Binding(behavior=None, params=['*/']), Binding(behavior=None, params=['27']), Binding(behavior=None, params=['*/'])], index=0)
Added layer lower_layer: Layer(name='lower_layer', bindings=[Binding(behavior=None, params=['N1']), Binding(behavior=None, params=['N2']), Binding(behavior=None, params=['N3']), Binding(behavior=None, params=['N4']), Binding(behavior=None, params=['N5']), Binding(behavior=None, params=['N6']), Binding(behavior=None, params=['N7']), Binding(behavior=None, params=['N8']), Binding(behavior=None, params=['N9']), Binding(behavior=None, params=['N0']), Binding(behavior=None, params=['MINUS']), Binding(behavior=None, params=['EQUAL']), Binding(behavior=None, params=['F1']), Binding(behavior=None, params=['F2']), Binding(behavior=None, params=['F3']), Binding(behavior=None, params=['F4']), Binding(behavior=None, params=['F5']), Binding(behavior=None, params=['F6']), Binding(behavior=None, params=['F7']), Binding(behavior=None, params=['F8']), Binding(behavior=None, params=['F9']), Binding(behavior=None, params=['F10']), Binding(behavior=None, params=['F11']), Binding(behavior=None, params=['F12'])], index=1)
Added layer raise_layer: Layer(name='raise_layer', bindings=[Binding(behavior=None, params=['EXCLAMATION']), Binding(behavior=None, params=['AT']), Binding(behavior=None, params=['HASH']), Binding(behavior=None, params=['DOLLAR']), Binding(behavior=None, params=['PERCENT']), Binding(behavior=None, params=['CARET']), Binding(behavior=None, params=['AMPERSAND']), Binding(behavior=None, params=['STAR']), Binding(behavior=None, params=['LPAR']), Binding(behavior=None, params=['RPAR']), Binding(behavior=None, params=['UNDER']), Binding(behavior=None, params=['PLUS']), Binding(behavior=None, params=['F1']), Binding(behavior=None, params=['F2']), Binding(behavior=None, params=['F3']), Binding(behavior=None, params=['F4']), Binding(behavior=None, params=['F5']), Binding(behavior=None, params=['F6']), Binding(behavior=None, params=['F7']), Binding(behavior=None, params=['F8']), Binding(behavior=None, params=['F9']), Binding(behavior=None, params=['F10']), Binding(behavior=None, params=['F11']), Binding(behavior=None, params=['F12'])], index=2)
Added layer adjust_layer: Layer(name='adjust_layer', bindings=[Binding(behavior=None, params=['RESET']), Binding(behavior=None, params=['BOOTLOADER']), Binding(behavior=None, params=['NONE']), Binding(behavior=None, params=['NONE']), Binding(behavior=None, params=['NONE']), Binding(behavior=None, params=['NONE']), Binding(behavior=None, params=['NONE']), Binding(behavior=None, params=['NONE']), Binding(behavior=None, params=['NONE']), Binding(behavior=None, params=['NONE']), Binding(behavior=None, params=['NONE']), Binding(behavior=None, params=['NONE']), Binding(behavior=None, params=['NONE']), Binding(behavior=None, params=['NONE']), Binding(behavior=None, params=['NONE']), Binding(behavior=None, params=['NONE']), Binding(behavior=None, params=['NONE']), Binding(behavior=None, params=['NONE']), Binding(behavior=None, params=['NONE']), Binding(behavior=None, params=['NONE']), Binding(behavior=None, params=['NONE']), Binding(behavior=None, params=['NONE']), Binding(behavior=None, params=['NONE']), Binding(behavior=None, params=['NONE'])], index=3)
=========================== short test summary info ============================
FAILED tests/dts/test_integration.py::test_full_pipeline_error_handling - Fai...
FAILED tests/dts/test_performance.py::test_full_pipeline_performance - Attrib...
========================= 2 failed, 70 passed in 0.89s =========================
