============================= test session starts ==============================
platform darwin -- Python 3.10.16, pytest-8.3.4, pluggy-1.5.0
rootdir: /Volumes/Flash Gordon Storage/Dropbox/code/nicktokatana
configfile: pyproject.toml
testpaths: converter/tests
plugins: anyio-4.7.0
collected 348 items

converter/tests/e2e_tests/test_advanced_features.py FF                   [  0%]
converter/tests/e2e_tests/test_ben_vallack_config.py F                   [  0%]
converter/tests/e2e_tests/test_cli.py ..FFFF                             [  2%]
converter/tests/e2e_tests/test_file_operations.py .FF                    [  3%]
converter/tests/e2e_tests/test_homerow_mods.py FF                        [  4%]
converter/tests/e2e_tests/test_input_formats.py FFFF                     [  5%]
converter/tests/e2e_tests/test_macro.py FFF                              [  6%]
converter/tests/e2e_tests/test_output_validation.py FFFF                 [  7%]
converter/tests/e2e_tests/test_real_world_configs.py FFFFFFF             [  9%]
converter/tests/e2e_tests/test_sticky_keys.py FFF                        [ 10%]
converter/tests/integration/end_to_end/test_end_to_end.py FFFFFF         [ 11%]
converter/tests/integration/end_to_end/test_real_world_examples.py FF    [ 12%]
converter/tests/integration/test_binding_parser_integration.py FFFFFFF   [ 14%]
converter/tests/integration/test_error_recovery_integration.py FFFFFF    [ 16%]
converter/tests/integration/test_key_validation.py ...F.FF               [ 18%]
converter/tests/integration/test_zmk_to_kanata_conversion.py EFFFEE      [ 19%]
converter/tests/integration/test_zmk_to_kanata_conversion_edge_cases.py E [ 20%]
FEEEFE                                                                   [ 21%]
converter/tests/integration/test_zmk_to_kanata_error_handling.py EFFEFFE [ 23%]
E                                                                        [ 24%]
converter/tests/performance/test_performance.py FFFF.                    [ 25%]
converter/tests/test_basic_remap.py ..F.F...F                            [ 28%]
converter/tests/test_global_settings.py FFFFF                            [ 29%]
converter/tests/test_integration.py F                                    [ 29%]
converter/tests/test_key_sequence.py FFFFF.FF                            [ 32%]
converter/tests/test_layer_integration.py F                              [ 32%]
converter/tests/test_layer_parser.py ..                                  [ 33%]
converter/tests/test_layer_parsing.py FFF..F                             [ 34%]
converter/tests/test_layer_transformer.py FFFFF                          [ 36%]
converter/tests/test_macro.py FFFFFFF..FFFFFFFF                          [ 41%]
converter/tests/test_macro_integration.py F                              [ 41%]
converter/tests/test_macro_parser.py .FFFF                               [ 42%]
converter/tests/test_parser_debug.py F..F.F                              [ 44%]
converter/tests/test_unicode.py .....                                    [ 45%]
converter/tests/test_unicode_integration.py F                            [ 46%]
converter/tests/unit/parser/test_ben_vallack_config.py Fx.x.F            [ 47%]
converter/tests/unit/parser/test_binding_parser.py FFFFFFFFFF            [ 50%]
converter/tests/unit/parser/test_error_recovery_wrapper.py ...F.FFF      [ 53%]
converter/tests/unit/parser/test_layer_parser.py F.F.                    [ 54%]
converter/tests/unit/parser/test_macro_parser.py .s..........            [ 57%]
converter/tests/unit/parser/test_macro_parser_edge_cases.py ......       [ 59%]
converter/tests/unit/parser/test_zmk_lexer.py ..........                 [ 62%]
converter/tests/unit/parser/test_zmk_parser_new.py .FF..F.F.             [ 64%]
converter/tests/unit/test_complex_bindings.py FFFFFFFF...                [ 68%]
converter/tests/unit/test_error_handling.py .............                [ 71%]
converter/tests/unit/test_error_recovery.py FF....                       [ 73%]
converter/tests/unit/test_holdtap_transformer.py FFFFF                   [ 75%]
converter/tests/unit/test_holdtap_transformer_edge_cases.py FFFFFF       [ 76%]
converter/tests/unit/test_homerow_mods.py .....                          [ 78%]
converter/tests/unit/test_pipeline_validator.py ............             [ 81%]
converter/tests/unit/test_taphold_keymap.py F                            [ 81%]
converter/tests/unit/test_taphold_parser.py sssss                        [ 83%]
converter/tests/unit/test_taphold_parser_edge_cases.py ssssssssss        [ 86%]
converter/tests/unit/test_taphold_parsing.py ..........                  [ 89%]
converter/tests/unit/transformer/test_layer_transformer.py EEEEEE        [ 90%]
converter/tests/unit/transformer/test_layer_transformer_edge_cases.py EE [ 91%]
EEEEE                                                                    [ 92%]
converter/tests/unit/transformer/test_macro_transformer.py ...           [ 93%]
converter/tests/unit/transformer/test_sticky_key_transformer.py ......   [ 95%]
converter/tests/unit/transformer/test_sticky_key_transformer_edge_cases.py F [ 95%]
FFFFFF                                                                   [ 97%]
converter/tests/unit/validation/test_key_validator.py .........          [100%]

==================================== ERRORS ====================================
________________ ERROR at setup of test_basic_layer_conversion _________________

    @pytest.fixture
    def layer_transformer():
        """Create a LayerTransformer instance."""
>       return LayerTransformer()

converter/tests/integration/test_zmk_to_kanata_conversion.py:23: 
_ _ _ _ _ _ _ _ _ _ _ _ _ _ _ _ _ _ _ _ _ _ _ _ _ _ _ _ _ _ _ _ _ _ _ _ _ _ _ _ 

self = <converter.layer_transformer.LayerTransformer object at 0x1051a2b30>
is_mac = False

    def __init__(self, is_mac: bool = False):
        """Initialize the transformer.
    
        Args:
            is_mac: Whether to use Mac-specific modifiers
        """
        self.hold_tap_transformer = HoldTapTransformer()
        self.macro_transformer = MacroTransformer()
        self.sticky_key_transformer = StickyKeyTransformer()
        self.key_sequence_transformer = KeySequenceTransformer()
>       self.homerow_mod_transformer = HomeRowModTransformer(is_mac=is_mac)
E       TypeError: HomerowModTransformer.__init__() got an unexpected keyword argument 'is_mac'

converter/layer_transformer.py:50: TypeError
_______________ ERROR at setup of test_complex_layer_conversion ________________

    @pytest.fixture
    def layer_transformer():
        """Create a LayerTransformer instance."""
>       return LayerTransformer()

converter/tests/integration/test_zmk_to_kanata_conversion.py:23: 
_ _ _ _ _ _ _ _ _ _ _ _ _ _ _ _ _ _ _ _ _ _ _ _ _ _ _ _ _ _ _ _ _ _ _ _ _ _ _ _ 

self = <converter.layer_transformer.LayerTransformer object at 0x105145990>
is_mac = False

    def __init__(self, is_mac: bool = False):
        """Initialize the transformer.
    
        Args:
            is_mac: Whether to use Mac-specific modifiers
        """
        self.hold_tap_transformer = HoldTapTransformer()
        self.macro_transformer = MacroTransformer()
        self.sticky_key_transformer = StickyKeyTransformer()
        self.key_sequence_transformer = KeySequenceTransformer()
>       self.homerow_mod_transformer = HomeRowModTransformer(is_mac=is_mac)
E       TypeError: HomerowModTransformer.__init__() got an unexpected keyword argument 'is_mac'

converter/layer_transformer.py:50: TypeError
_______________ ERROR at setup of test_mixed_behavior_conversion _______________

    @pytest.fixture
    def layer_transformer():
        """Create a LayerTransformer instance."""
>       return LayerTransformer()

converter/tests/integration/test_zmk_to_kanata_conversion.py:23: 
_ _ _ _ _ _ _ _ _ _ _ _ _ _ _ _ _ _ _ _ _ _ _ _ _ _ _ _ _ _ _ _ _ _ _ _ _ _ _ _ 

self = <converter.layer_transformer.LayerTransformer object at 0x105224610>
is_mac = False

    def __init__(self, is_mac: bool = False):
        """Initialize the transformer.
    
        Args:
            is_mac: Whether to use Mac-specific modifiers
        """
        self.hold_tap_transformer = HoldTapTransformer()
        self.macro_transformer = MacroTransformer()
        self.sticky_key_transformer = StickyKeyTransformer()
        self.key_sequence_transformer = KeySequenceTransformer()
>       self.homerow_mod_transformer = HomeRowModTransformer(is_mac=is_mac)
E       TypeError: HomerowModTransformer.__init__() got an unexpected keyword argument 'is_mac'

converter/layer_transformer.py:50: TypeError
________________ ERROR at setup of test_empty_layer_conversion _________________

    @pytest.fixture
    def layer_transformer():
        """Create a LayerTransformer instance."""
>       return LayerTransformer()

converter/tests/integration/test_zmk_to_kanata_conversion_edge_cases.py:22: 
_ _ _ _ _ _ _ _ _ _ _ _ _ _ _ _ _ _ _ _ _ _ _ _ _ _ _ _ _ _ _ _ _ _ _ _ _ _ _ _ 

self = <converter.layer_transformer.LayerTransformer object at 0x10510f0d0>
is_mac = False

    def __init__(self, is_mac: bool = False):
        """Initialize the transformer.
    
        Args:
            is_mac: Whether to use Mac-specific modifiers
        """
        self.hold_tap_transformer = HoldTapTransformer()
        self.macro_transformer = MacroTransformer()
        self.sticky_key_transformer = StickyKeyTransformer()
        self.key_sequence_transformer = KeySequenceTransformer()
>       self.homerow_mod_transformer = HomeRowModTransformer(is_mac=is_mac)
E       TypeError: HomerowModTransformer.__init__() got an unexpected keyword argument 'is_mac'

converter/layer_transformer.py:50: TypeError
______________ ERROR at setup of test_nested_behavior_conversion _______________

    @pytest.fixture
    def layer_transformer():
        """Create a LayerTransformer instance."""
>       return LayerTransformer()

converter/tests/integration/test_zmk_to_kanata_conversion_edge_cases.py:22: 
_ _ _ _ _ _ _ _ _ _ _ _ _ _ _ _ _ _ _ _ _ _ _ _ _ _ _ _ _ _ _ _ _ _ _ _ _ _ _ _ 

self = <converter.layer_transformer.LayerTransformer object at 0x105113940>
is_mac = False

    def __init__(self, is_mac: bool = False):
        """Initialize the transformer.
    
        Args:
            is_mac: Whether to use Mac-specific modifiers
        """
        self.hold_tap_transformer = HoldTapTransformer()
        self.macro_transformer = MacroTransformer()
        self.sticky_key_transformer = StickyKeyTransformer()
        self.key_sequence_transformer = KeySequenceTransformer()
>       self.homerow_mod_transformer = HomeRowModTransformer(is_mac=is_mac)
E       TypeError: HomerowModTransformer.__init__() got an unexpected keyword argument 'is_mac'

converter/layer_transformer.py:50: TypeError
_______________ ERROR at setup of test_invalid_layer_references ________________

    @pytest.fixture
    def layer_transformer():
        """Create a LayerTransformer instance."""
>       return LayerTransformer()

converter/tests/integration/test_zmk_to_kanata_conversion_edge_cases.py:22: 
_ _ _ _ _ _ _ _ _ _ _ _ _ _ _ _ _ _ _ _ _ _ _ _ _ _ _ _ _ _ _ _ _ _ _ _ _ _ _ _ 

self = <converter.layer_transformer.LayerTransformer object at 0x105201600>
is_mac = False

    def __init__(self, is_mac: bool = False):
        """Initialize the transformer.
    
        Args:
            is_mac: Whether to use Mac-specific modifiers
        """
        self.hold_tap_transformer = HoldTapTransformer()
        self.macro_transformer = MacroTransformer()
        self.sticky_key_transformer = StickyKeyTransformer()
        self.key_sequence_transformer = KeySequenceTransformer()
>       self.homerow_mod_transformer = HomeRowModTransformer(is_mac=is_mac)
E       TypeError: HomerowModTransformer.__init__() got an unexpected keyword argument 'is_mac'

converter/layer_transformer.py:50: TypeError
_____________ ERROR at setup of test_special_character_conversion ______________

    @pytest.fixture
    def layer_transformer():
        """Create a LayerTransformer instance."""
>       return LayerTransformer()

converter/tests/integration/test_zmk_to_kanata_conversion_edge_cases.py:22: 
_ _ _ _ _ _ _ _ _ _ _ _ _ _ _ _ _ _ _ _ _ _ _ _ _ _ _ _ _ _ _ _ _ _ _ _ _ _ _ _ 

self = <converter.layer_transformer.LayerTransformer object at 0x1051758a0>
is_mac = False

    def __init__(self, is_mac: bool = False):
        """Initialize the transformer.
    
        Args:
            is_mac: Whether to use Mac-specific modifiers
        """
        self.hold_tap_transformer = HoldTapTransformer()
        self.macro_transformer = MacroTransformer()
        self.sticky_key_transformer = StickyKeyTransformer()
        self.key_sequence_transformer = KeySequenceTransformer()
>       self.homerow_mod_transformer = HomeRowModTransformer(is_mac=is_mac)
E       TypeError: HomerowModTransformer.__init__() got an unexpected keyword argument 'is_mac'

converter/layer_transformer.py:50: TypeError
_______________ ERROR at setup of test_malformed_input_recovery ________________

    @pytest.fixture
    def layer_transformer():
        """Create a LayerTransformer instance."""
>       return LayerTransformer()

converter/tests/integration/test_zmk_to_kanata_conversion_edge_cases.py:22: 
_ _ _ _ _ _ _ _ _ _ _ _ _ _ _ _ _ _ _ _ _ _ _ _ _ _ _ _ _ _ _ _ _ _ _ _ _ _ _ _ 

self = <converter.layer_transformer.LayerTransformer object at 0x105469d50>
is_mac = False

    def __init__(self, is_mac: bool = False):
        """Initialize the transformer.
    
        Args:
            is_mac: Whether to use Mac-specific modifiers
        """
        self.hold_tap_transformer = HoldTapTransformer()
        self.macro_transformer = MacroTransformer()
        self.sticky_key_transformer = StickyKeyTransformer()
        self.key_sequence_transformer = KeySequenceTransformer()
>       self.homerow_mod_transformer = HomeRowModTransformer(is_mac=is_mac)
E       TypeError: HomerowModTransformer.__init__() got an unexpected keyword argument 'is_mac'

converter/layer_transformer.py:50: TypeError
_________________ ERROR at setup of test_syntax_error_recovery _________________

    @pytest.fixture
    def layer_transformer():
        """Create a LayerTransformer instance."""
>       return LayerTransformer()

converter/tests/integration/test_zmk_to_kanata_error_handling.py:23: 
_ _ _ _ _ _ _ _ _ _ _ _ _ _ _ _ _ _ _ _ _ _ _ _ _ _ _ _ _ _ _ _ _ _ _ _ _ _ _ _ 

self = <converter.layer_transformer.LayerTransformer object at 0x105279e40>
is_mac = False

    def __init__(self, is_mac: bool = False):
        """Initialize the transformer.
    
        Args:
            is_mac: Whether to use Mac-specific modifiers
        """
        self.hold_tap_transformer = HoldTapTransformer()
        self.macro_transformer = MacroTransformer()
        self.sticky_key_transformer = StickyKeyTransformer()
        self.key_sequence_transformer = KeySequenceTransformer()
>       self.homerow_mod_transformer = HomeRowModTransformer(is_mac=is_mac)
E       TypeError: HomerowModTransformer.__init__() got an unexpected keyword argument 'is_mac'

converter/layer_transformer.py:50: TypeError
________________ ERROR at setup of test_layer_validation_errors ________________

    @pytest.fixture
    def layer_transformer():
        """Create a LayerTransformer instance."""
>       return LayerTransformer()

converter/tests/integration/test_zmk_to_kanata_error_handling.py:23: 
_ _ _ _ _ _ _ _ _ _ _ _ _ _ _ _ _ _ _ _ _ _ _ _ _ _ _ _ _ _ _ _ _ _ _ _ _ _ _ _ 

self = <converter.layer_transformer.LayerTransformer object at 0x10541f5e0>
is_mac = False

    def __init__(self, is_mac: bool = False):
        """Initialize the transformer.
    
        Args:
            is_mac: Whether to use Mac-specific modifiers
        """
        self.hold_tap_transformer = HoldTapTransformer()
        self.macro_transformer = MacroTransformer()
        self.sticky_key_transformer = StickyKeyTransformer()
        self.key_sequence_transformer = KeySequenceTransformer()
>       self.homerow_mod_transformer = HomeRowModTransformer(is_mac=is_mac)
E       TypeError: HomerowModTransformer.__init__() got an unexpected keyword argument 'is_mac'

converter/layer_transformer.py:50: TypeError
___________________ ERROR at setup of test_partial_recovery ____________________

    @pytest.fixture
    def layer_transformer():
        """Create a LayerTransformer instance."""
>       return LayerTransformer()

converter/tests/integration/test_zmk_to_kanata_error_handling.py:23: 
_ _ _ _ _ _ _ _ _ _ _ _ _ _ _ _ _ _ _ _ _ _ _ _ _ _ _ _ _ _ _ _ _ _ _ _ _ _ _ _ 

self = <converter.layer_transformer.LayerTransformer object at 0x105201a80>
is_mac = False

    def __init__(self, is_mac: bool = False):
        """Initialize the transformer.
    
        Args:
            is_mac: Whether to use Mac-specific modifiers
        """
        self.hold_tap_transformer = HoldTapTransformer()
        self.macro_transformer = MacroTransformer()
        self.sticky_key_transformer = StickyKeyTransformer()
        self.key_sequence_transformer = KeySequenceTransformer()
>       self.homerow_mod_transformer = HomeRowModTransformer(is_mac=is_mac)
E       TypeError: HomerowModTransformer.__init__() got an unexpected keyword argument 'is_mac'

converter/layer_transformer.py:50: TypeError
_______________ ERROR at setup of test_error_recovery_strategies _______________

    @pytest.fixture
    def layer_transformer():
        """Create a LayerTransformer instance."""
>       return LayerTransformer()

converter/tests/integration/test_zmk_to_kanata_error_handling.py:23: 
_ _ _ _ _ _ _ _ _ _ _ _ _ _ _ _ _ _ _ _ _ _ _ _ _ _ _ _ _ _ _ _ _ _ _ _ _ _ _ _ 

self = <converter.layer_transformer.LayerTransformer object at 0x1051a2b30>
is_mac = False

    def __init__(self, is_mac: bool = False):
        """Initialize the transformer.
    
        Args:
            is_mac: Whether to use Mac-specific modifiers
        """
        self.hold_tap_transformer = HoldTapTransformer()
        self.macro_transformer = MacroTransformer()
        self.sticky_key_transformer = StickyKeyTransformer()
        self.key_sequence_transformer = KeySequenceTransformer()
>       self.homerow_mod_transformer = HomeRowModTransformer(is_mac=is_mac)
E       TypeError: HomerowModTransformer.__init__() got an unexpected keyword argument 'is_mac'

converter/layer_transformer.py:50: TypeError
_______________ ERROR at setup of test_basic_key_transformations _______________

    @pytest.fixture
    def transformer():
        """Create a LayerTransformer instance."""
>       return LayerTransformer()

converter/tests/unit/transformer/test_layer_transformer.py:12: 
_ _ _ _ _ _ _ _ _ _ _ _ _ _ _ _ _ _ _ _ _ _ _ _ _ _ _ _ _ _ _ _ _ _ _ _ _ _ _ _ 

self = <converter.layer_transformer.LayerTransformer object at 0x10355add0>
is_mac = False

    def __init__(self, is_mac: bool = False):
        """Initialize the transformer.
    
        Args:
            is_mac: Whether to use Mac-specific modifiers
        """
        self.hold_tap_transformer = HoldTapTransformer()
        self.macro_transformer = MacroTransformer()
        self.sticky_key_transformer = StickyKeyTransformer()
        self.key_sequence_transformer = KeySequenceTransformer()
>       self.homerow_mod_transformer = HomeRowModTransformer(is_mac=is_mac)
E       TypeError: HomerowModTransformer.__init__() got an unexpected keyword argument 'is_mac'

converter/layer_transformer.py:50: TypeError
______________ ERROR at setup of test_special_key_transformations ______________

    @pytest.fixture
    def transformer():
        """Create a LayerTransformer instance."""
>       return LayerTransformer()

converter/tests/unit/transformer/test_layer_transformer.py:12: 
_ _ _ _ _ _ _ _ _ _ _ _ _ _ _ _ _ _ _ _ _ _ _ _ _ _ _ _ _ _ _ _ _ _ _ _ _ _ _ _ 

self = <converter.layer_transformer.LayerTransformer object at 0x102749300>
is_mac = False

    def __init__(self, is_mac: bool = False):
        """Initialize the transformer.
    
        Args:
            is_mac: Whether to use Mac-specific modifiers
        """
        self.hold_tap_transformer = HoldTapTransformer()
        self.macro_transformer = MacroTransformer()
        self.sticky_key_transformer = StickyKeyTransformer()
        self.key_sequence_transformer = KeySequenceTransformer()
>       self.homerow_mod_transformer = HomeRowModTransformer(is_mac=is_mac)
E       TypeError: HomerowModTransformer.__init__() got an unexpected keyword argument 'is_mac'

converter/layer_transformer.py:50: TypeError
_____________ ERROR at setup of test_layer_control_transformations _____________

    @pytest.fixture
    def transformer():
        """Create a LayerTransformer instance."""
>       return LayerTransformer()

converter/tests/unit/transformer/test_layer_transformer.py:12: 
_ _ _ _ _ _ _ _ _ _ _ _ _ _ _ _ _ _ _ _ _ _ _ _ _ _ _ _ _ _ _ _ _ _ _ _ _ _ _ _ 

self = <converter.layer_transformer.LayerTransformer object at 0x10515d510>
is_mac = False

    def __init__(self, is_mac: bool = False):
        """Initialize the transformer.
    
        Args:
            is_mac: Whether to use Mac-specific modifiers
        """
        self.hold_tap_transformer = HoldTapTransformer()
        self.macro_transformer = MacroTransformer()
        self.sticky_key_transformer = StickyKeyTransformer()
        self.key_sequence_transformer = KeySequenceTransformer()
>       self.homerow_mod_transformer = HomeRowModTransformer(is_mac=is_mac)
E       TypeError: HomerowModTransformer.__init__() got an unexpected keyword argument 'is_mac'

converter/layer_transformer.py:50: TypeError
_____________ ERROR at setup of test_key_sequence_transformations ______________

    @pytest.fixture
    def transformer():
        """Create a LayerTransformer instance."""
>       return LayerTransformer()

converter/tests/unit/transformer/test_layer_transformer.py:12: 
_ _ _ _ _ _ _ _ _ _ _ _ _ _ _ _ _ _ _ _ _ _ _ _ _ _ _ _ _ _ _ _ _ _ _ _ _ _ _ _ 

self = <converter.layer_transformer.LayerTransformer object at 0x10546bfa0>
is_mac = False

    def __init__(self, is_mac: bool = False):
        """Initialize the transformer.
    
        Args:
            is_mac: Whether to use Mac-specific modifiers
        """
        self.hold_tap_transformer = HoldTapTransformer()
        self.macro_transformer = MacroTransformer()
        self.sticky_key_transformer = StickyKeyTransformer()
        self.key_sequence_transformer = KeySequenceTransformer()
>       self.homerow_mod_transformer = HomeRowModTransformer(is_mac=is_mac)
E       TypeError: HomerowModTransformer.__init__() got an unexpected keyword argument 'is_mac'

converter/layer_transformer.py:50: TypeError
_________________ ERROR at setup of test_layer_transformations _________________

    @pytest.fixture
    def transformer():
        """Create a LayerTransformer instance."""
>       return LayerTransformer()

converter/tests/unit/transformer/test_layer_transformer.py:12: 
_ _ _ _ _ _ _ _ _ _ _ _ _ _ _ _ _ _ _ _ _ _ _ _ _ _ _ _ _ _ _ _ _ _ _ _ _ _ _ _ 

self = <converter.layer_transformer.LayerTransformer object at 0x10527a890>
is_mac = False

    def __init__(self, is_mac: bool = False):
        """Initialize the transformer.
    
        Args:
            is_mac: Whether to use Mac-specific modifiers
        """
        self.hold_tap_transformer = HoldTapTransformer()
        self.macro_transformer = MacroTransformer()
        self.sticky_key_transformer = StickyKeyTransformer()
        self.key_sequence_transformer = KeySequenceTransformer()
>       self.homerow_mod_transformer = HomeRowModTransformer(is_mac=is_mac)
E       TypeError: HomerowModTransformer.__init__() got an unexpected keyword argument 'is_mac'

converter/layer_transformer.py:50: TypeError
____________ ERROR at setup of test_binding_matrix_transformations _____________

    @pytest.fixture
    def transformer():
        """Create a LayerTransformer instance."""
>       return LayerTransformer()

converter/tests/unit/transformer/test_layer_transformer.py:12: 
_ _ _ _ _ _ _ _ _ _ _ _ _ _ _ _ _ _ _ _ _ _ _ _ _ _ _ _ _ _ _ _ _ _ _ _ _ _ _ _ 

self = <converter.layer_transformer.LayerTransformer object at 0x10515d510>
is_mac = False

    def __init__(self, is_mac: bool = False):
        """Initialize the transformer.
    
        Args:
            is_mac: Whether to use Mac-specific modifiers
        """
        self.hold_tap_transformer = HoldTapTransformer()
        self.macro_transformer = MacroTransformer()
        self.sticky_key_transformer = StickyKeyTransformer()
        self.key_sequence_transformer = KeySequenceTransformer()
>       self.homerow_mod_transformer = HomeRowModTransformer(is_mac=is_mac)
E       TypeError: HomerowModTransformer.__init__() got an unexpected keyword argument 'is_mac'

converter/layer_transformer.py:50: TypeError
______________ ERROR at setup of test_empty_layer_transformation _______________

    @pytest.fixture
    def transformer():
        """Create a LayerTransformer instance."""
>       return LayerTransformer()

converter/tests/unit/transformer/test_layer_transformer_edge_cases.py:12: 
_ _ _ _ _ _ _ _ _ _ _ _ _ _ _ _ _ _ _ _ _ _ _ _ _ _ _ _ _ _ _ _ _ _ _ _ _ _ _ _ 

self = <converter.layer_transformer.LayerTransformer object at 0x102797070>
is_mac = False

    def __init__(self, is_mac: bool = False):
        """Initialize the transformer.
    
        Args:
            is_mac: Whether to use Mac-specific modifiers
        """
        self.hold_tap_transformer = HoldTapTransformer()
        self.macro_transformer = MacroTransformer()
        self.sticky_key_transformer = StickyKeyTransformer()
        self.key_sequence_transformer = KeySequenceTransformer()
>       self.homerow_mod_transformer = HomeRowModTransformer(is_mac=is_mac)
E       TypeError: HomerowModTransformer.__init__() got an unexpected keyword argument 'is_mac'

converter/layer_transformer.py:50: TypeError
_______________ ERROR at setup of test_layer_with_empty_bindings _______________

    @pytest.fixture
    def transformer():
        """Create a LayerTransformer instance."""
>       return LayerTransformer()

converter/tests/unit/transformer/test_layer_transformer_edge_cases.py:12: 
_ _ _ _ _ _ _ _ _ _ _ _ _ _ _ _ _ _ _ _ _ _ _ _ _ _ _ _ _ _ _ _ _ _ _ _ _ _ _ _ 

self = <converter.layer_transformer.LayerTransformer object at 0x1057283d0>
is_mac = False

    def __init__(self, is_mac: bool = False):
        """Initialize the transformer.
    
        Args:
            is_mac: Whether to use Mac-specific modifiers
        """
        self.hold_tap_transformer = HoldTapTransformer()
        self.macro_transformer = MacroTransformer()
        self.sticky_key_transformer = StickyKeyTransformer()
        self.key_sequence_transformer = KeySequenceTransformer()
>       self.homerow_mod_transformer = HomeRowModTransformer(is_mac=is_mac)
E       TypeError: HomerowModTransformer.__init__() got an unexpected keyword argument 'is_mac'

converter/layer_transformer.py:50: TypeError
_________________ ERROR at setup of test_complex_key_sequences _________________

    @pytest.fixture
    def transformer():
        """Create a LayerTransformer instance."""
>       return LayerTransformer()

converter/tests/unit/transformer/test_layer_transformer_edge_cases.py:12: 
_ _ _ _ _ _ _ _ _ _ _ _ _ _ _ _ _ _ _ _ _ _ _ _ _ _ _ _ _ _ _ _ _ _ _ _ _ _ _ _ 

self = <converter.layer_transformer.LayerTransformer object at 0x103516680>
is_mac = False

    def __init__(self, is_mac: bool = False):
        """Initialize the transformer.
    
        Args:
            is_mac: Whether to use Mac-specific modifiers
        """
        self.hold_tap_transformer = HoldTapTransformer()
        self.macro_transformer = MacroTransformer()
        self.sticky_key_transformer = StickyKeyTransformer()
        self.key_sequence_transformer = KeySequenceTransformer()
>       self.homerow_mod_transformer = HomeRowModTransformer(is_mac=is_mac)
E       TypeError: HomerowModTransformer.__init__() got an unexpected keyword argument 'is_mac'

converter/layer_transformer.py:50: TypeError
_________________ ERROR at setup of test_invalid_key_mappings __________________

    @pytest.fixture
    def transformer():
        """Create a LayerTransformer instance."""
>       return LayerTransformer()

converter/tests/unit/transformer/test_layer_transformer_edge_cases.py:12: 
_ _ _ _ _ _ _ _ _ _ _ _ _ _ _ _ _ _ _ _ _ _ _ _ _ _ _ _ _ _ _ _ _ _ _ _ _ _ _ _ 

self = <converter.layer_transformer.LayerTransformer object at 0x105470d30>
is_mac = False

    def __init__(self, is_mac: bool = False):
        """Initialize the transformer.
    
        Args:
            is_mac: Whether to use Mac-specific modifiers
        """
        self.hold_tap_transformer = HoldTapTransformer()
        self.macro_transformer = MacroTransformer()
        self.sticky_key_transformer = StickyKeyTransformer()
        self.key_sequence_transformer = KeySequenceTransformer()
>       self.homerow_mod_transformer = HomeRowModTransformer(is_mac=is_mac)
E       TypeError: HomerowModTransformer.__init__() got an unexpected keyword argument 'is_mac'

converter/layer_transformer.py:50: TypeError
_________________ ERROR at setup of test_layer_name_edge_cases _________________

    @pytest.fixture
    def transformer():
        """Create a LayerTransformer instance."""
>       return LayerTransformer()

converter/tests/unit/transformer/test_layer_transformer_edge_cases.py:12: 
_ _ _ _ _ _ _ _ _ _ _ _ _ _ _ _ _ _ _ _ _ _ _ _ _ _ _ _ _ _ _ _ _ _ _ _ _ _ _ _ 

self = <converter.layer_transformer.LayerTransformer object at 0x10510f400>
is_mac = False

    def __init__(self, is_mac: bool = False):
        """Initialize the transformer.
    
        Args:
            is_mac: Whether to use Mac-specific modifiers
        """
        self.hold_tap_transformer = HoldTapTransformer()
        self.macro_transformer = MacroTransformer()
        self.sticky_key_transformer = StickyKeyTransformer()
        self.key_sequence_transformer = KeySequenceTransformer()
>       self.homerow_mod_transformer = HomeRowModTransformer(is_mac=is_mac)
E       TypeError: HomerowModTransformer.__init__() got an unexpected keyword argument 'is_mac'

converter/layer_transformer.py:50: TypeError
_____________ ERROR at setup of test_nested_matrix_transformations _____________

    @pytest.fixture
    def transformer():
        """Create a LayerTransformer instance."""
>       return LayerTransformer()

converter/tests/unit/transformer/test_layer_transformer_edge_cases.py:12: 
_ _ _ _ _ _ _ _ _ _ _ _ _ _ _ _ _ _ _ _ _ _ _ _ _ _ _ _ _ _ _ _ _ _ _ _ _ _ _ _ 

self = <converter.layer_transformer.LayerTransformer object at 0x1035806a0>
is_mac = False

    def __init__(self, is_mac: bool = False):
        """Initialize the transformer.
    
        Args:
            is_mac: Whether to use Mac-specific modifiers
        """
        self.hold_tap_transformer = HoldTapTransformer()
        self.macro_transformer = MacroTransformer()
        self.sticky_key_transformer = StickyKeyTransformer()
        self.key_sequence_transformer = KeySequenceTransformer()
>       self.homerow_mod_transformer = HomeRowModTransformer(is_mac=is_mac)
E       TypeError: HomerowModTransformer.__init__() got an unexpected keyword argument 'is_mac'

converter/layer_transformer.py:50: TypeError
___________ ERROR at setup of test_special_character_transformations ___________

    @pytest.fixture
    def transformer():
        """Create a LayerTransformer instance."""
>       return LayerTransformer()

converter/tests/unit/transformer/test_layer_transformer_edge_cases.py:12: 
_ _ _ _ _ _ _ _ _ _ _ _ _ _ _ _ _ _ _ _ _ _ _ _ _ _ _ _ _ _ _ _ _ _ _ _ _ _ _ _ 

self = <converter.layer_transformer.LayerTransformer object at 0x10546b5e0>
is_mac = False

    def __init__(self, is_mac: bool = False):
        """Initialize the transformer.
    
        Args:
            is_mac: Whether to use Mac-specific modifiers
        """
        self.hold_tap_transformer = HoldTapTransformer()
        self.macro_transformer = MacroTransformer()
        self.sticky_key_transformer = StickyKeyTransformer()
        self.key_sequence_transformer = KeySequenceTransformer()
>       self.homerow_mod_transformer = HomeRowModTransformer(is_mac=is_mac)
E       TypeError: HomerowModTransformer.__init__() got an unexpected keyword argument 'is_mac'

converter/layer_transformer.py:50: TypeError
=================================== FAILURES ===================================
________________________ test_multi_layer_with_hold_tap ________________________

temp_test_dir = PosixPath('/var/folders/0s/42v7yl697hn0l1cdnx0vrvyr0000gn/T/tmpho8bxmdl')

    def test_multi_layer_with_hold_tap(temp_test_dir):
        """Test conversion of a multi-layer keymap with hold-tap behaviors."""
        zmk_content = """#include <behaviors.dtsi>
    #include <dt-bindings/zmk/keys.h>
    
    / {
        behaviors {
            ht: hold_tap {
                compatible = "zmk,behavior-hold-tap";
                #binding-cells = <2>;
                tapping-term-ms = <200>;
                quick-tap-ms = <150>;
                flavor = "tap-preferred";
                bindings = <&kp>, <&kp>;
            };
        };
        keymap {
            compatible = "zmk,keymap";
            default_layer {
                bindings = <
                    &ht LSHIFT A &ht LCTRL B  &mo 1
                    &ht LALT C   &ht LGUI D   &mo 2
                >;
            };
            nav_layer {
                bindings = <
                    &kp LEFT  &kp RIGHT  &trans
                    &kp UP    &kp DOWN   &mo 3
                >;
            };
            num_layer {
                bindings = <
                    &kp N1    &kp N2     &trans
                    &kp N3    &kp N4     &trans
                >;
            };
            fn_layer {
                bindings = <
                    &kp F1    &kp F2     &trans
                    &kp F3    &kp F4     &trans
                >;
            };
        };
    }; """
    
        zmk_file = temp_test_dir / "multi_layer_advanced.dtsi"
        zmk_file.write_text(zmk_content)
    
        kanata_file = temp_test_dir / "multi_layer_advanced.kbd"
    
        exit_code = main([str(zmk_file), str(kanata_file)])
>       assert exit_code == 0
E       assert None == 0

converter/tests/e2e_tests/test_advanced_features.py:57: AssertionError
------------------------------ Captured log call -------------------------------
WARNING  root:keymap_model.py:77 Key validation failed for 'ht LSHIFT A': Invalid key: ht LSHIFT A
WARNING  root:keymap_model.py:77 Key validation failed for 'ht LCTRL B': Invalid key: ht LCTRL B
WARNING  root:keymap_model.py:77 Key validation failed for 'ht LALT C': Invalid key: ht LALT C
WARNING  root:keymap_model.py:77 Key validation failed for 'ht LGUI D': Invalid key: ht LGUI D
WARNING  root:keymap_model.py:77 Key validation failed for '}': Invalid key: }
WARNING  root:keymap_model.py:77 Key validation failed for '}': Invalid key: }
WARNING  root:keymap_model.py:77 Key validation failed for '}': Invalid key: }
WARNING  root:keymap_model.py:77 Key validation failed for '}': Invalid key: }
WARNING  root:keymap_model.py:77 Key validation failed for '}': Invalid key: }
WARNING  root:keymap_model.py:77 Key validation failed for '}': Invalid key: }
____________________ test_multi_layer_with_custom_behaviors ____________________

zmk_content = '#include <behaviors.dtsi>\n#include <dt-bindings/zmk/keys.h>\n\n/ {\n    behaviors {\n        mt: mod_tap {\n        ...     &kp F1    &kp F2     &trans\n                &kp F3    &kp F4     &trans\n            >;\n        };\n    };\n}; '
output_path = '/var/folders/0s/42v7yl697hn0l1cdnx0vrvyr0000gn/T/tmprhplgpbs/multi_layer_behaviors.kbd'
error_manager = <converter.error_handling.error_manager.ErrorManager object at 0x1035a6320>
is_mac = False

    def convert_zmk_to_kanata(
        zmk_content: str,
        output_path: Optional[str] = None,
        error_manager: Optional[ErrorManager] = None,
        is_mac: bool = False,
    ) -> Tuple[str, Dict[str, Any]]:
        """Convert ZMK keymap to Kanata format.
    
        Args:
            zmk_content: Content of the ZMK keymap file
            output_path: Optional path to write the Kanata config to
            error_manager: Optional error manager for reporting issues
            is_mac: Whether to use Mac-specific modifiers
    
        Returns:
            Tuple of (Kanata config string, metadata dict)
    
        Raises:
            Exception: If there's an error during conversion
        """
        # Set up error manager
        if error_manager:
            set_error_manager(error_manager)
        else:
            set_error_manager(ErrorManager())
    
        error_mgr = get_error_manager()
    
        try:
            # Parse ZMK keymap
            parser = ZMKParser()
            keymap_config = parser.parse(
                zmk_content
            )  # Now directly passes the content string
    
            # Transform to Kanata format
            transformer = KanataTransformer(is_mac=is_mac)
    
            # Convert directly using the transformer
>           kanata_config = transformer.transform(keymap_config)

converter/zmk_to_kanata.py:56: 
_ _ _ _ _ _ _ _ _ _ _ _ _ _ _ _ _ _ _ _ _ _ _ _ _ _ _ _ _ _ _ _ _ _ _ _ _ _ _ _ 
converter/transformer/kanata_transformer.py:59: in transform
    aliases = self._generate_hold_tap_aliases(config)
_ _ _ _ _ _ _ _ _ _ _ _ _ _ _ _ _ _ _ _ _ _ _ _ _ _ _ _ _ _ _ _ _ _ _ _ _ _ _ _ 

self = <converter.transformer.kanata_transformer.KanataTransformer object at 0x1035a63b0>
config = KeymapConfig(global_settings=GlobalSettings(tap_time=200, hold_time=250), layers=[Layer(name='default', bindings=[KeyM...key='}', sticky=False, hold_tap=None, layer=None, macro=None, sticky_key=None, key_sequence=None, homerow_mod=None)])])

    def _generate_hold_tap_aliases(self, config: KeymapConfig) -> List[str]:
        """Generate aliases for all hold-tap bindings in the config.
    
        Args:
            config: The keymap configuration.
    
        Returns:
            A list of hold-tap alias definitions.
        """
        aliases = []
        # Collect unique hold-tap bindings
        seen_bindings = set()
    
        # Scan all layers and keys for hold-tap bindings
        for layer in config.layers:
            # Skip if layer is a string (already transformed)
            if isinstance(layer, str):
                continue
    
            for row in layer.keys:
                for key in row:
                    # Skip sticky key bindings
                    if isinstance(key, StickyKeyBinding):
                        continue
    
                    if key.hold_tap:
                        ht = key.hold_tap
                        alias_name = self._generate_hold_tap_alias_name(
>                           ht.behavior_name, ht.hold_key, ht.tap_key
                        )
E                       AttributeError: 'dict' object has no attribute 'behavior_name'

converter/transformer/kanata_transformer.py:275: AttributeError

During handling of the above exception, another exception occurred:

args = ['/var/folders/0s/42v7yl697hn0l1cdnx0vrvyr0000gn/T/tmprhplgpbs/multi_layer_behaviors.dtsi', '/var/folders/0s/42v7yl697hn0l1cdnx0vrvyr0000gn/T/tmprhplgpbs/multi_layer_behaviors.kbd']

    def main(args=None):
        """Main entry point for the CLI and programmatic use."""
        parser = argparse.ArgumentParser(description="Convert ZMK keymap to Kanata format")
        parser.add_argument("input_file", help="Path to the input ZMK keymap file")
        parser.add_argument("output_file", help="Path to the output Kanata file")
        parser.add_argument(
            "-v", "--verbose", help="Enable verbose output", action="store_true"
        )
        parser.add_argument(
            "--mac",
            help="Use Mac-specific modifiers (GUI becomes CMD)",
            action="store_true",
        )
        parser.add_argument(
            "--version", help="Show version information", action="store_true"
        )
        args_parsed = parser.parse_args(args)
    
        if args_parsed.version:
            print("ZMK to Kanata Converter v1.0.0")
            sys.exit(0)
    
        # Set up error manager
        error_manager = ErrorManager(verbose=args_parsed.verbose)
    
        try:
            # Read input file
            with open(args_parsed.input_file, "r") as f:
                zmk_content = f.read()
    
            # Convert ZMK to Kanata
>           kanata_config, metadata = convert_zmk_to_kanata(
                zmk_content=zmk_content,
                output_path=args_parsed.output_file,
                error_manager=error_manager,
                is_mac=args_parsed.mac,
            )

converter/main.py:92: 
_ _ _ _ _ _ _ _ _ _ _ _ _ _ _ _ _ _ _ _ _ _ _ _ _ _ _ _ _ _ _ _ _ _ _ _ _ _ _ _ 
converter/zmk_to_kanata.py:72: in convert_zmk_to_kanata
    error_mgr.add_error(
_ _ _ _ _ _ _ _ _ _ _ _ _ _ _ _ _ _ _ _ _ _ _ _ _ _ _ _ _ _ _ _ _ _ _ _ _ _ _ _ 

self = <converter.error_handling.error_manager.ErrorManager object at 0x1035a6320>
message = "Error during conversion: 'dict' object has no attribute 'behavior_name'"
source = 'converter', severity = <ErrorSeverity.ERROR: 3>, line_number = None
column = None, context = None
exception = AttributeError("'dict' object has no attribute 'behavior_name'")
raise_immediately = True

    def add_error(
        self,
        message: str,
        source: str,
        severity: ErrorSeverity,
        line_number: Optional[int] = None,
        column: Optional[int] = None,
        context: Optional[Dict[str, Any]] = None,
        exception: Optional[Exception] = None,
        raise_immediately: bool = False,
    ) -> None:
        """Add an error to the error manager.
    
        Args:
            message: The error message
            source: The source of the error (e.g., module name)
            severity: The severity of the error
            line_number: Optional line number where the error occurred
            column: Optional column where the error occurred
            context: Optional context dictionary with additional information
            exception: Optional exception object that caused the error
            raise_immediately: Whether to raise the error immediately
    
        Raises:
            Exception: If severity >= raise_threshold and raise_immediately
                is True
        """
        # Get traceback if exception is provided
        traceback_info = None
        if exception and self.verbose:
            traceback_info = "".join(
                traceback.format_exception(
                    type(exception), exception, exception.__traceback__
                )
            )
    
        # Create error object
        error = ConversionError(
            message=message,
            source=source,
            severity=severity,
            line_number=line_number,
            column=column,
            context=context,
            traceback_info=traceback_info,
        )
    
        # Add to the list of errors
        self.errors.append(error)
    
        # Log the error based on severity
        self._log_error(error)
    
        # Raise immediately if requested and severity is high enough
        if raise_immediately and severity.value >= self.raise_threshold.value:
>           raise Exception(str(error))
E           Exception: ERROR: [converter] - Error during conversion: 'dict' object has no attribute 'behavior_name'

converter/error_handling/error_manager.py:130: Exception

During handling of the above exception, another exception occurred:

temp_test_dir = PosixPath('/var/folders/0s/42v7yl697hn0l1cdnx0vrvyr0000gn/T/tmprhplgpbs')

    def test_multi_layer_with_custom_behaviors(temp_test_dir):
        """Test conversion of a multi-layer keymap with custom behaviors."""
        zmk_content = """#include <behaviors.dtsi>
    #include <dt-bindings/zmk/keys.h>
    
    / {
        behaviors {
            mt: mod_tap {
                compatible = "zmk,behavior-hold-tap";
                #binding-cells = <2>;
                tapping-term-ms = <200>;
                flavor = "hold-preferred";
                bindings = <&kp>, <&kp>;
            };
            td: tap_dance {
                compatible = "zmk,behavior-tap-dance";
                #binding-cells = <0>;
                tapping-term-ms = <200>;
                bindings = <&kp A>, <&kp B>, <&kp C>;
            };
        };
        keymap {
            compatible = "zmk,keymap";
            default_layer {
                bindings = <
                    &mt LSHIFT A &mt LCTRL B  &mo 1
                    &mt LALT C   &mt LGUI D   &mo 2
                >;
            };
            nav_layer {
                bindings = <
                    &kp LEFT  &kp RIGHT  &trans
                    &kp UP    &kp DOWN   &mo 3
                >;
            };
            num_layer {
                bindings = <
                    &kp N1    &kp N2     &trans
                    &kp N3    &kp N4     &trans
                >;
            };
            fn_layer {
                bindings = <
                    &kp F1    &kp F2     &trans
                    &kp F3    &kp F4     &trans
                >;
            };
        };
    }; """
    
        zmk_file = temp_test_dir / "multi_layer_behaviors.dtsi"
        zmk_file.write_text(zmk_content)
    
        kanata_file = temp_test_dir / "multi_layer_behaviors.kbd"
    
>       exit_code = main([str(zmk_file), str(kanata_file)])

converter/tests/e2e_tests/test_advanced_features.py:152: 
_ _ _ _ _ _ _ _ _ _ _ _ _ _ _ _ _ _ _ _ _ _ _ _ _ _ _ _ _ _ _ _ _ _ _ _ _ _ _ _ 
converter/cli.py:56: in main
    return convert_main(main_args)
_ _ _ _ _ _ _ _ _ _ _ _ _ _ _ _ _ _ _ _ _ _ _ _ _ _ _ _ _ _ _ _ _ _ _ _ _ _ _ _ 

args = ['/var/folders/0s/42v7yl697hn0l1cdnx0vrvyr0000gn/T/tmprhplgpbs/multi_layer_behaviors.dtsi', '/var/folders/0s/42v7yl697hn0l1cdnx0vrvyr0000gn/T/tmprhplgpbs/multi_layer_behaviors.kbd']

    def main(args=None):
        """Main entry point for the CLI and programmatic use."""
        parser = argparse.ArgumentParser(description="Convert ZMK keymap to Kanata format")
        parser.add_argument("input_file", help="Path to the input ZMK keymap file")
        parser.add_argument("output_file", help="Path to the output Kanata file")
        parser.add_argument(
            "-v", "--verbose", help="Enable verbose output", action="store_true"
        )
        parser.add_argument(
            "--mac",
            help="Use Mac-specific modifiers (GUI becomes CMD)",
            action="store_true",
        )
        parser.add_argument(
            "--version", help="Show version information", action="store_true"
        )
        args_parsed = parser.parse_args(args)
    
        if args_parsed.version:
            print("ZMK to Kanata Converter v1.0.0")
            sys.exit(0)
    
        # Set up error manager
        error_manager = ErrorManager(verbose=args_parsed.verbose)
    
        try:
            # Read input file
            with open(args_parsed.input_file, "r") as f:
                zmk_content = f.read()
    
            # Convert ZMK to Kanata
            kanata_config, metadata = convert_zmk_to_kanata(
                zmk_content=zmk_content,
                output_path=args_parsed.output_file,
                error_manager=error_manager,
                is_mac=args_parsed.mac,
            )
    
            # Write to output file
            with open(args_parsed.output_file, "w") as f:
                f.write(kanata_config)
    
            # Print any errors or warnings
            if error_manager.has_errors(ErrorSeverity.WARNING):
                for error in error_manager.get_errors(ErrorSeverity.WARNING):
                    print(f"WARNING: {error}", file=sys.stderr)
    
            if error_manager.has_errors(ErrorSeverity.ERROR):
                for error in error_manager.get_errors(ErrorSeverity.ERROR):
                    print(f"ERROR: {error}", file=sys.stderr)
                sys.exit(1)
    
        except Exception as e:
            print(f"ERROR: {str(e)}", file=sys.stderr)
            if args_parsed.verbose:
                import traceback
    
                traceback.print_exc()
>           sys.exit(1)
E           SystemExit: 1

converter/main.py:119: SystemExit
----------------------------- Captured stderr call -----------------------------
ERROR: ERROR: [converter] - Error during conversion: 'dict' object has no attribute 'behavior_name'
------------------------------ Captured log call -------------------------------
WARNING  root:keymap_model.py:77 Key validation failed for '}': Invalid key: }
WARNING  root:keymap_model.py:77 Key validation failed for '}': Invalid key: }
WARNING  root:keymap_model.py:77 Key validation failed for '}': Invalid key: }
WARNING  root:keymap_model.py:77 Key validation failed for '}': Invalid key: }
WARNING  root:keymap_model.py:77 Key validation failed for '}': Invalid key: }
WARNING  root:keymap_model.py:77 Key validation failed for '}': Invalid key: }
ERROR    converter.error_handling.error_manager:error_manager.py:147 ERROR: [converter] - Error during conversion: 'dict' object has no attribute 'behavior_name'
______________________ test_ben_vallack_config_conversion ______________________

zmk_content = '/ {\n    global {\n        tap-time = <200>;\n        hold-time = <250>;\n    };\n\n    behaviors {\n        hm: home...                 &to 0 &trans\n                                &trans &trans\n            >;\n        };\n    };\n};\n'
output_path = None, error_manager = None, is_mac = True

    def convert_zmk_to_kanata(
        zmk_content: str,
        output_path: Optional[str] = None,
        error_manager: Optional[ErrorManager] = None,
        is_mac: bool = False,
    ) -> Tuple[str, Dict[str, Any]]:
        """Convert ZMK keymap to Kanata format.
    
        Args:
            zmk_content: Content of the ZMK keymap file
            output_path: Optional path to write the Kanata config to
            error_manager: Optional error manager for reporting issues
            is_mac: Whether to use Mac-specific modifiers
    
        Returns:
            Tuple of (Kanata config string, metadata dict)
    
        Raises:
            Exception: If there's an error during conversion
        """
        # Set up error manager
        if error_manager:
            set_error_manager(error_manager)
        else:
            set_error_manager(ErrorManager())
    
        error_mgr = get_error_manager()
    
        try:
            # Parse ZMK keymap
            parser = ZMKParser()
            keymap_config = parser.parse(
                zmk_content
            )  # Now directly passes the content string
    
            # Transform to Kanata format
            transformer = KanataTransformer(is_mac=is_mac)
    
            # Convert directly using the transformer
>           kanata_config = transformer.transform(keymap_config)

converter/zmk_to_kanata.py:56: 
_ _ _ _ _ _ _ _ _ _ _ _ _ _ _ _ _ _ _ _ _ _ _ _ _ _ _ _ _ _ _ _ _ _ _ _ _ _ _ _ 
converter/transformer/kanata_transformer.py:59: in transform
    aliases = self._generate_hold_tap_aliases(config)
_ _ _ _ _ _ _ _ _ _ _ _ _ _ _ _ _ _ _ _ _ _ _ _ _ _ _ _ _ _ _ _ _ _ _ _ _ _ _ _ 

self = <converter.transformer.kanata_transformer.KanataTransformer object at 0x102498790>
config = KeymapConfig(global_settings=GlobalSettings(tap_time=200, hold_time=250), layers=[Layer(name='default', bindings=[KeyM...key='}', sticky=False, hold_tap=None, layer=None, macro=None, sticky_key=None, key_sequence=None, homerow_mod=None)])])

    def _generate_hold_tap_aliases(self, config: KeymapConfig) -> List[str]:
        """Generate aliases for all hold-tap bindings in the config.
    
        Args:
            config: The keymap configuration.
    
        Returns:
            A list of hold-tap alias definitions.
        """
        aliases = []
        # Collect unique hold-tap bindings
        seen_bindings = set()
    
        # Scan all layers and keys for hold-tap bindings
        for layer in config.layers:
            # Skip if layer is a string (already transformed)
            if isinstance(layer, str):
                continue
    
            for row in layer.keys:
                for key in row:
                    # Skip sticky key bindings
                    if isinstance(key, StickyKeyBinding):
                        continue
    
                    if key.hold_tap:
                        ht = key.hold_tap
                        alias_name = self._generate_hold_tap_alias_name(
>                           ht.behavior_name, ht.hold_key, ht.tap_key
                        )
E                       AttributeError: 'dict' object has no attribute 'behavior_name'

converter/transformer/kanata_transformer.py:275: AttributeError

During handling of the above exception, another exception occurred:

    def test_ben_vallack_config_conversion():
        """Test converting Ben Vallack's ZMK configuration."""
        # Load Ben's config from file
        ben_config_path = Path("ben_vallack_config.dtsi")
    
        # If the file doesn't exist in the current directory, try to find it in the test data
        if not ben_config_path.exists():
            try:
                ben_config_path = get_test_file_path("ben_vallack_config.dtsi")
            except (FileNotFoundError, OSError):
                # If still not found, create a sample for testing
                ben_config = """
    / {
        global {
            tap-time = <200>;
            hold-time = <250>;
        };
    
        behaviors {
            hm: homerow_mods {
                compatible = "zmk,behavior-hold-tap";
                label = "HOMEROW_MODS";
                #binding-cells = <2>;
                tapping-term-ms = <200>;
                quick_tap_ms = <0>;
                flavor = "tap-preferred";
                bindings = <&kp>, <&kp>;
            };
            hs: homerow_shifts {
                compatible = "zmk,behavior-hold-tap";
                label = "HOMEROW_SHIFTS";
                #binding-cells = <2>;
                tapping-term-ms = <150>;
                quick_tap_ms = <0>;
                flavor = "balanced";
                bindings = <&kp>, <&kp>;
            };
            td: tapdance {
                compatible = "zmk,behavior-hold-tap";
                label = "TAPDANCE";
                #binding-cells = <2>;
                tapping-term-ms = <150>;
                quick_tap_ms = <0>;
                flavor = "tap-preferred";
                bindings = <&kp>, <&kp>;
            };
        };
    
        keymap {
            compatible = "zmk,keymap";
    
            default_layer {
                bindings = <
                    &kp TAB &kp C &kp L &kp M &trans
                    &trans &kp F  &kp U    &kp Z  &kp BSPC
                    &kp I &hm LCTL S &hm LALT R &hm LGUI T &trans
                    &trans  &hm RGUI N &hm RALT K &hm RCTL A &kp O
                    &hs LSHIFT Q &kp V &kp W &kp D &mt LC(LS(LALT)) SPC
                    &kp E &kp H  &kp Y &td EXCL DOT &hs RSHIFT X
                                    &mt LC(LS(LALT)) SPC &trans
                                    &trans &kp E
                >;
            };
    
            left_layer {
                bindings = <
                    &trans  &kp ATSN   &td LC(LG(LS(N4))) LS(N3) &kp DLLR &trans
                    &trans &kp LS(COMMA) &kp LS(DOT) &kp CARET &trans
                    &kp TAB &hm LCTL EQUAL &hm LALT LA(RBKT) &hm LGUI LA(LS(RBKT)) &trans
                    &trans &hm RGUI LBRC &hm RALT RBRC &hm RCTL PIPE &kp AMPS
                    &hs LSHIFT TILDE &kp GRAVE &kp LA(LBKT) &kp LA(LS(LBKT)) &to 0
                    &to 2 &kp LPRN &kp RPRN &kp RBKT &kp RSHIFT
                                    &to 0 &trans
                                    &trans &to 2
                >;
            };
    
            right_layer {
                bindings = <
                    &trans &kp C_PP &kp C_PREV &kp C_NEXT &trans
                    &trans &kp N7 &kp N8 &kp N9 &trans
                    &kp TAB &trans &hm LALT C_VOL_DN &hm LGUI C_VOL_UP &trans
                    &trans &hm RGUI N4 &kp N5 &kp N6 &kp EQUAL
                    &hs LSHIFT PRCNT &kp PRCNT &kp SLASH &kp STAR &to 0
                    &trans &kp N1 &kp N2 &td DOT N3 &kp MINUS
                                    &to 0 &trans
                                    &trans &trans
                >;
            };
        };
    };
                """
            else:
                with open(ben_config_path, "r") as f:
                    ben_config = f.read()
        else:
            with open(ben_config_path, "r") as f:
                ben_config = f.read()
    
        # Convert to Kanata format
>       kanata_config, metadata = convert_zmk_to_kanata(zmk_content=ben_config, is_mac=True)

converter/tests/e2e_tests/test_ben_vallack_config.py:117: 
_ _ _ _ _ _ _ _ _ _ _ _ _ _ _ _ _ _ _ _ _ _ _ _ _ _ _ _ _ _ _ _ _ _ _ _ _ _ _ _ 
converter/zmk_to_kanata.py:72: in convert_zmk_to_kanata
    error_mgr.add_error(
_ _ _ _ _ _ _ _ _ _ _ _ _ _ _ _ _ _ _ _ _ _ _ _ _ _ _ _ _ _ _ _ _ _ _ _ _ _ _ _ 

self = <converter.error_handling.error_manager.ErrorManager object at 0x1035838b0>
message = "Error during conversion: 'dict' object has no attribute 'behavior_name'"
source = 'converter', severity = <ErrorSeverity.ERROR: 3>, line_number = None
column = None, context = None
exception = AttributeError("'dict' object has no attribute 'behavior_name'")
raise_immediately = True

    def add_error(
        self,
        message: str,
        source: str,
        severity: ErrorSeverity,
        line_number: Optional[int] = None,
        column: Optional[int] = None,
        context: Optional[Dict[str, Any]] = None,
        exception: Optional[Exception] = None,
        raise_immediately: bool = False,
    ) -> None:
        """Add an error to the error manager.
    
        Args:
            message: The error message
            source: The source of the error (e.g., module name)
            severity: The severity of the error
            line_number: Optional line number where the error occurred
            column: Optional column where the error occurred
            context: Optional context dictionary with additional information
            exception: Optional exception object that caused the error
            raise_immediately: Whether to raise the error immediately
    
        Raises:
            Exception: If severity >= raise_threshold and raise_immediately
                is True
        """
        # Get traceback if exception is provided
        traceback_info = None
        if exception and self.verbose:
            traceback_info = "".join(
                traceback.format_exception(
                    type(exception), exception, exception.__traceback__
                )
            )
    
        # Create error object
        error = ConversionError(
            message=message,
            source=source,
            severity=severity,
            line_number=line_number,
            column=column,
            context=context,
            traceback_info=traceback_info,
        )
    
        # Add to the list of errors
        self.errors.append(error)
    
        # Log the error based on severity
        self._log_error(error)
    
        # Raise immediately if requested and severity is high enough
        if raise_immediately and severity.value >= self.raise_threshold.value:
>           raise Exception(str(error))
E           Exception: ERROR: [converter] - Error during conversion: 'dict' object has no attribute 'behavior_name'

converter/error_handling/error_manager.py:130: Exception
------------------------------ Captured log call -------------------------------
WARNING  root:keymap_model.py:77 Key validation failed for '}': Invalid key: }
WARNING  root:keymap_model.py:77 Key validation failed for 'ATSN': Invalid key: ATSN
WARNING  root:keymap_model.py:77 Key validation failed for 'LS(N3)': Invalid key: LS(N3)
WARNING  root:keymap_model.py:77 Key validation failed for 'LS(COMMA)': Invalid key: LS(COMMA)
WARNING  root:keymap_model.py:77 Key validation failed for 'LS(DOT)': Invalid key: LS(DOT)
WARNING  root:keymap_model.py:77 Key validation failed for 'LA(RBKT)': Invalid key: LA(RBKT)
WARNING  root:keymap_model.py:77 Key validation failed for 'LA(LS(RBKT))': Invalid key: LA(LS(RBKT))
WARNING  root:keymap_model.py:77 Key validation failed for 'LBRC': Invalid key: LBRC
WARNING  root:keymap_model.py:77 Key validation failed for 'RBRC': Invalid key: RBRC
WARNING  root:keymap_model.py:77 Key validation failed for 'LA(LBKT)': Invalid key: LA(LBKT)
WARNING  root:keymap_model.py:77 Key validation failed for 'LA(LS(LBKT))': Invalid key: LA(LS(LBKT))
WARNING  root:keymap_model.py:77 Key validation failed for 'LPRN': Invalid key: LPRN
WARNING  root:keymap_model.py:77 Key validation failed for 'RPRN': Invalid key: RPRN
WARNING  root:keymap_model.py:77 Key validation failed for '}': Invalid key: }
WARNING  root:keymap_model.py:77 Key validation failed for 'SLASH': Invalid key: SLASH
WARNING  root:keymap_model.py:77 Key validation failed for '}': Invalid key: }
WARNING  root:keymap_model.py:77 Key validation failed for '}': Invalid key: }
WARNING  root:keymap_model.py:77 Key validation failed for '}': Invalid key: }
ERROR    converter.error_handling.error_manager:error_manager.py:147 ERROR: [converter] - Error during conversion: 'dict' object has no attribute 'behavior_name'
__________________________ test_basic_file_conversion __________________________

self = <converter.parser.zmk_parser.ZMKParser object at 0x101e6fa60>
file_path_or_content = '\n#include <behaviors.dtsi>\n#include <dt-bindings/zmk/keys.h>\n\n/ {\n    keymap {\n        compatible = "zmk,keymap...      bindings = <\n                &kp A &kp B\n                &kp C &kp D\n            >;\n        };\n    };\n};\n'

    def parse(self, file_path_or_content: Union[Path, str]) -> KeymapConfig:
        """Parse a ZMK keymap file or content string.
    
        Args:
            file_path_or_content: Either a Path object to the keymap file or the content as a string.
    
        Returns:
            A KeymapConfig object containing the parsed keymap.
    
        Raises:
            ParserError: If there are any parsing errors.
        """
        try:
            # Determine if input is a Path or content string
            if isinstance(file_path_or_content, Path):
                # Input is a Path - read the file
                content = file_path_or_content.read_text()
                logger.debug("Parsing ZMK file: %s", file_path_or_content)
            else:
                # Input is a string - use directly
                content = file_path_or_content
                logger.debug("Parsing ZMK content from string")
    
            # Process file line by line
            lines = content.split('\n')
            idx = 0
            while idx < len(lines):
                self.logger.debug(f"[DEBUG] Main loop before line {idx+1}: state={self.state}")
                line = lines[idx].strip()
    
                if not line or line.startswith('//'):
                    self.current_line += 1
                    idx += 1
                    continue
    
                reparsed = False
                while True:
                    result = self._parse_line_with_reparse(line)
                    if result == 'REPARSE':
                        if reparsed:
                            self.logger.error(f"[ERROR] Infinite reparsing detected at line {self.current_line}: {line}")
                            break
                        reparsed = True
                        continue
                    break
                self.current_line += 1
                idx += 1
    
            if not self.layers:
>               raise ValueError("No layers found in ZMK file")
E               ValueError: No layers found in ZMK file

converter/parser/zmk_parser.py:173: ValueError

The above exception was the direct cause of the following exception:

zmk_content = '\n#include <behaviors.dtsi>\n#include <dt-bindings/zmk/keys.h>\n\n/ {\n    keymap {\n        compatible = "zmk,keymap...      bindings = <\n                &kp A &kp B\n                &kp C &kp D\n            >;\n        };\n    };\n};\n'
output_path = '/var/folders/0s/42v7yl697hn0l1cdnx0vrvyr0000gn/T/tmp3yde3hou/test_config.kbd'
error_manager = <converter.error_handling.error_manager.ErrorManager object at 0x101e6fbb0>
is_mac = False

    def convert_zmk_to_kanata(
        zmk_content: str,
        output_path: Optional[str] = None,
        error_manager: Optional[ErrorManager] = None,
        is_mac: bool = False,
    ) -> Tuple[str, Dict[str, Any]]:
        """Convert ZMK keymap to Kanata format.
    
        Args:
            zmk_content: Content of the ZMK keymap file
            output_path: Optional path to write the Kanata config to
            error_manager: Optional error manager for reporting issues
            is_mac: Whether to use Mac-specific modifiers
    
        Returns:
            Tuple of (Kanata config string, metadata dict)
    
        Raises:
            Exception: If there's an error during conversion
        """
        # Set up error manager
        if error_manager:
            set_error_manager(error_manager)
        else:
            set_error_manager(ErrorManager())
    
        error_mgr = get_error_manager()
    
        try:
            # Parse ZMK keymap
            parser = ZMKParser()
>           keymap_config = parser.parse(
                zmk_content
            )  # Now directly passes the content string

converter/zmk_to_kanata.py:48: 
_ _ _ _ _ _ _ _ _ _ _ _ _ _ _ _ _ _ _ _ _ _ _ _ _ _ _ _ _ _ _ _ _ _ _ _ _ _ _ _ 

self = <converter.parser.zmk_parser.ZMKParser object at 0x101e6fa60>
file_path_or_content = '\n#include <behaviors.dtsi>\n#include <dt-bindings/zmk/keys.h>\n\n/ {\n    keymap {\n        compatible = "zmk,keymap...      bindings = <\n                &kp A &kp B\n                &kp C &kp D\n            >;\n        };\n    };\n};\n'

    def parse(self, file_path_or_content: Union[Path, str]) -> KeymapConfig:
        """Parse a ZMK keymap file or content string.
    
        Args:
            file_path_or_content: Either a Path object to the keymap file or the content as a string.
    
        Returns:
            A KeymapConfig object containing the parsed keymap.
    
        Raises:
            ParserError: If there are any parsing errors.
        """
        try:
            # Determine if input is a Path or content string
            if isinstance(file_path_or_content, Path):
                # Input is a Path - read the file
                content = file_path_or_content.read_text()
                logger.debug("Parsing ZMK file: %s", file_path_or_content)
            else:
                # Input is a string - use directly
                content = file_path_or_content
                logger.debug("Parsing ZMK content from string")
    
            # Process file line by line
            lines = content.split('\n')
            idx = 0
            while idx < len(lines):
                self.logger.debug(f"[DEBUG] Main loop before line {idx+1}: state={self.state}")
                line = lines[idx].strip()
    
                if not line or line.startswith('//'):
                    self.current_line += 1
                    idx += 1
                    continue
    
                reparsed = False
                while True:
                    result = self._parse_line_with_reparse(line)
                    if result == 'REPARSE':
                        if reparsed:
                            self.logger.error(f"[ERROR] Infinite reparsing detected at line {self.current_line}: {line}")
                            break
                        reparsed = True
                        continue
                    break
                self.current_line += 1
                idx += 1
    
            if not self.layers:
                raise ValueError("No layers found in ZMK file")
    
            return KeymapConfig(
                global_settings=self.global_settings_parser.finish(),
                layers=self.layers
            )
        except ParserError as e:
            raise e
        except Exception as e:
>           raise ParserError(f"Failed to parse ZMK file: {e}") from e
E           converter.parser.parser_error.ParserError: Failed to parse ZMK file: No layers found in ZMK file

converter/parser/zmk_parser.py:182: ParserError

During handling of the above exception, another exception occurred:

args = ['/var/folders/0s/42v7yl697hn0l1cdnx0vrvyr0000gn/T/tmp3yde3hou/test_keymap.dtsi', '/var/folders/0s/42v7yl697hn0l1cdnx0vrvyr0000gn/T/tmp3yde3hou/test_config.kbd']

    def main(args=None):
        """Main entry point for the CLI and programmatic use."""
        parser = argparse.ArgumentParser(description="Convert ZMK keymap to Kanata format")
        parser.add_argument("input_file", help="Path to the input ZMK keymap file")
        parser.add_argument("output_file", help="Path to the output Kanata file")
        parser.add_argument(
            "-v", "--verbose", help="Enable verbose output", action="store_true"
        )
        parser.add_argument(
            "--mac",
            help="Use Mac-specific modifiers (GUI becomes CMD)",
            action="store_true",
        )
        parser.add_argument(
            "--version", help="Show version information", action="store_true"
        )
        args_parsed = parser.parse_args(args)
    
        if args_parsed.version:
            print("ZMK to Kanata Converter v1.0.0")
            sys.exit(0)
    
        # Set up error manager
        error_manager = ErrorManager(verbose=args_parsed.verbose)
    
        try:
            # Read input file
            with open(args_parsed.input_file, "r") as f:
                zmk_content = f.read()
    
            # Convert ZMK to Kanata
>           kanata_config, metadata = convert_zmk_to_kanata(
                zmk_content=zmk_content,
                output_path=args_parsed.output_file,
                error_manager=error_manager,
                is_mac=args_parsed.mac,
            )

converter/main.py:92: 
_ _ _ _ _ _ _ _ _ _ _ _ _ _ _ _ _ _ _ _ _ _ _ _ _ _ _ _ _ _ _ _ _ _ _ _ _ _ _ _ 
converter/zmk_to_kanata.py:72: in convert_zmk_to_kanata
    error_mgr.add_error(
_ _ _ _ _ _ _ _ _ _ _ _ _ _ _ _ _ _ _ _ _ _ _ _ _ _ _ _ _ _ _ _ _ _ _ _ _ _ _ _ 

self = <converter.error_handling.error_manager.ErrorManager object at 0x101e6fbb0>
message = 'Error during conversion: Failed to parse ZMK file: No layers found in ZMK file'
source = 'converter', severity = <ErrorSeverity.ERROR: 3>, line_number = None
column = None, context = None
exception = ParserError('Failed to parse ZMK file: No layers found in ZMK file')
raise_immediately = True

    def add_error(
        self,
        message: str,
        source: str,
        severity: ErrorSeverity,
        line_number: Optional[int] = None,
        column: Optional[int] = None,
        context: Optional[Dict[str, Any]] = None,
        exception: Optional[Exception] = None,
        raise_immediately: bool = False,
    ) -> None:
        """Add an error to the error manager.
    
        Args:
            message: The error message
            source: The source of the error (e.g., module name)
            severity: The severity of the error
            line_number: Optional line number where the error occurred
            column: Optional column where the error occurred
            context: Optional context dictionary with additional information
            exception: Optional exception object that caused the error
            raise_immediately: Whether to raise the error immediately
    
        Raises:
            Exception: If severity >= raise_threshold and raise_immediately
                is True
        """
        # Get traceback if exception is provided
        traceback_info = None
        if exception and self.verbose:
            traceback_info = "".join(
                traceback.format_exception(
                    type(exception), exception, exception.__traceback__
                )
            )
    
        # Create error object
        error = ConversionError(
            message=message,
            source=source,
            severity=severity,
            line_number=line_number,
            column=column,
            context=context,
            traceback_info=traceback_info,
        )
    
        # Add to the list of errors
        self.errors.append(error)
    
        # Log the error based on severity
        self._log_error(error)
    
        # Raise immediately if requested and severity is high enough
        if raise_immediately and severity.value >= self.raise_threshold.value:
>           raise Exception(str(error))
E           Exception: ERROR: [converter] - Error during conversion: Failed to parse ZMK file: No layers found in ZMK file

converter/error_handling/error_manager.py:130: Exception

During handling of the above exception, another exception occurred:

temp_test_dir = PosixPath('/var/folders/0s/42v7yl697hn0l1cdnx0vrvyr0000gn/T/tmp3yde3hou')

    def test_basic_file_conversion(temp_test_dir):
        """Test basic file conversion through the CLI."""
        # Create a sample ZMK keymap file
        zmk_content = """
    #include <behaviors.dtsi>
    #include <dt-bindings/zmk/keys.h>
    
    / {
        keymap {
            compatible = "zmk,keymap";
            default_layer {
                bindings = <
                    &kp A &kp B
                    &kp C &kp D
                >;
            };
        };
    };
    """
        zmk_file = temp_test_dir / "test_keymap.dtsi"
        zmk_file.write_text(zmk_content)
    
        # Create output path for Kanata config
        kanata_file = temp_test_dir / "test_config.kbd"
    
        # Run the conversion
>       exit_code = main([str(zmk_file), str(kanata_file)])

converter/tests/e2e_tests/test_cli.py:56: 
_ _ _ _ _ _ _ _ _ _ _ _ _ _ _ _ _ _ _ _ _ _ _ _ _ _ _ _ _ _ _ _ _ _ _ _ _ _ _ _ 
converter/cli.py:56: in main
    return convert_main(main_args)
_ _ _ _ _ _ _ _ _ _ _ _ _ _ _ _ _ _ _ _ _ _ _ _ _ _ _ _ _ _ _ _ _ _ _ _ _ _ _ _ 

args = ['/var/folders/0s/42v7yl697hn0l1cdnx0vrvyr0000gn/T/tmp3yde3hou/test_keymap.dtsi', '/var/folders/0s/42v7yl697hn0l1cdnx0vrvyr0000gn/T/tmp3yde3hou/test_config.kbd']

    def main(args=None):
        """Main entry point for the CLI and programmatic use."""
        parser = argparse.ArgumentParser(description="Convert ZMK keymap to Kanata format")
        parser.add_argument("input_file", help="Path to the input ZMK keymap file")
        parser.add_argument("output_file", help="Path to the output Kanata file")
        parser.add_argument(
            "-v", "--verbose", help="Enable verbose output", action="store_true"
        )
        parser.add_argument(
            "--mac",
            help="Use Mac-specific modifiers (GUI becomes CMD)",
            action="store_true",
        )
        parser.add_argument(
            "--version", help="Show version information", action="store_true"
        )
        args_parsed = parser.parse_args(args)
    
        if args_parsed.version:
            print("ZMK to Kanata Converter v1.0.0")
            sys.exit(0)
    
        # Set up error manager
        error_manager = ErrorManager(verbose=args_parsed.verbose)
    
        try:
            # Read input file
            with open(args_parsed.input_file, "r") as f:
                zmk_content = f.read()
    
            # Convert ZMK to Kanata
            kanata_config, metadata = convert_zmk_to_kanata(
                zmk_content=zmk_content,
                output_path=args_parsed.output_file,
                error_manager=error_manager,
                is_mac=args_parsed.mac,
            )
    
            # Write to output file
            with open(args_parsed.output_file, "w") as f:
                f.write(kanata_config)
    
            # Print any errors or warnings
            if error_manager.has_errors(ErrorSeverity.WARNING):
                for error in error_manager.get_errors(ErrorSeverity.WARNING):
                    print(f"WARNING: {error}", file=sys.stderr)
    
            if error_manager.has_errors(ErrorSeverity.ERROR):
                for error in error_manager.get_errors(ErrorSeverity.ERROR):
                    print(f"ERROR: {error}", file=sys.stderr)
                sys.exit(1)
    
        except Exception as e:
            print(f"ERROR: {str(e)}", file=sys.stderr)
            if args_parsed.verbose:
                import traceback
    
                traceback.print_exc()
>           sys.exit(1)
E           SystemExit: 1

converter/main.py:119: SystemExit
----------------------------- Captured stderr call -----------------------------
ERROR: ERROR: [converter] - Error during conversion: Failed to parse ZMK file: No layers found in ZMK file
------------------------------ Captured log call -------------------------------
WARNING  root:keymap_model.py:77 Key validation failed for '}': Invalid key: }
WARNING  root:keymap_model.py:77 Key validation failed for '}': Invalid key: }
WARNING  root:keymap_model.py:77 Key validation failed for '}': Invalid key: }
ERROR    converter.error_handling.error_manager:error_manager.py:147 ERROR: [converter] - Error during conversion: Failed to parse ZMK file: No layers found in ZMK file
___________________________ test_missing_input_file ____________________________

args = ['/var/folders/0s/42v7yl697hn0l1cdnx0vrvyr0000gn/T/tmpzvotjpii/nonexistent.dtsi', '/var/folders/0s/42v7yl697hn0l1cdnx0vrvyr0000gn/T/tmpzvotjpii/output.kbd']

    def main(args=None):
        """Main entry point for the CLI and programmatic use."""
        parser = argparse.ArgumentParser(description="Convert ZMK keymap to Kanata format")
        parser.add_argument("input_file", help="Path to the input ZMK keymap file")
        parser.add_argument("output_file", help="Path to the output Kanata file")
        parser.add_argument(
            "-v", "--verbose", help="Enable verbose output", action="store_true"
        )
        parser.add_argument(
            "--mac",
            help="Use Mac-specific modifiers (GUI becomes CMD)",
            action="store_true",
        )
        parser.add_argument(
            "--version", help="Show version information", action="store_true"
        )
        args_parsed = parser.parse_args(args)
    
        if args_parsed.version:
            print("ZMK to Kanata Converter v1.0.0")
            sys.exit(0)
    
        # Set up error manager
        error_manager = ErrorManager(verbose=args_parsed.verbose)
    
        try:
            # Read input file
>           with open(args_parsed.input_file, "r") as f:
E           FileNotFoundError: [Errno 2] No such file or directory: '/var/folders/0s/42v7yl697hn0l1cdnx0vrvyr0000gn/T/tmpzvotjpii/nonexistent.dtsi'

converter/main.py:88: FileNotFoundError

During handling of the above exception, another exception occurred:

temp_test_dir = PosixPath('/var/folders/0s/42v7yl697hn0l1cdnx0vrvyr0000gn/T/tmpzvotjpii')
capsys = <_pytest.capture.CaptureFixture object at 0x10510eaa0>

    def test_missing_input_file(temp_test_dir, capsys):
        """Test error handling for missing input file."""
        input_file = temp_test_dir / "nonexistent.dtsi"
        output_file = temp_test_dir / "output.kbd"
    
>       exit_code = main([str(input_file), str(output_file)])

converter/tests/e2e_tests/test_cli.py:74: 
[...]

transformer = <converter.transformer.sticky_key_transformer.StickyKeyTransformer object at 0x105221e70>

    def test_invalid_key_combinations(transformer):
        """Test invalid key combinations for sticky keys."""
        # Test with invalid modifier names
        behavior = StickyKeyBehavior(key=KeyMapping(key="INVALID_MOD"))
>       result = transformer.transform_binding(behavior)

converter/tests/unit/transformer/test_sticky_key_transformer_edge_cases.py:131: 
_ _ _ _ _ _ _ _ _ _ _ _ _ _ _ _ _ _ _ _ _ _ _ _ _ _ _ _ _ _ _ _ _ _ _ _ _ _ _ _ 

self = <converter.transformer.sticky_key_transformer.StickyKeyTransformer object at 0x105221e70>
binding = StickyKeyBehavior(key=KeyMapping(key='INVALID_MOD', sticky=False, hold_tap=None, layer=None, macro=None, sticky_key=None, key_sequence=None, homerow_mod=None), release_after_ms=1000)

    def transform_binding(self, binding) -> str:
        """
        Transform a sticky-key binding to Kanata format.
    
        Args:
            binding: The sticky-key binding to transform.
    
        Returns:
            The Kanata sticky-key expression.
        """
        # Validate binding
        if not hasattr(binding, "key") or not binding.key:
            msg = "Invalid sticky-key binding: missing key"
            self.logger.error(msg)
            get_error_manager().add_error(
                message=msg,
                source="sticky_key_transformer",
                severity=ErrorSeverity.ERROR,
            )
            return "(sticky-key <invalid>)"
    
        # Transform key to lowercase
>       key = binding.key.lower()
E       AttributeError: 'KeyMapping' object has no attribute 'lower'. Did you mean: 'layer'?

converter/transformer/sticky_key_transformer.py:46: AttributeError
------------------------------ Captured log call -------------------------------
WARNING  root:keymap_model.py:77 Key validation failed for 'INVALID_MOD': Invalid key: INVALID_MOD
=========================== short test summary info ============================
FAILED converter/tests/e2e_tests/test_advanced_features.py::test_multi_layer_with_hold_tap
FAILED converter/tests/e2e_tests/test_advanced_features.py::test_multi_layer_with_custom_behaviors
FAILED converter/tests/e2e_tests/test_ben_vallack_config.py::test_ben_vallack_config_conversion
FAILED converter/tests/e2e_tests/test_cli.py::test_basic_file_conversion - Sy...
FAILED converter/tests/e2e_tests/test_cli.py::test_missing_input_file - Syste...
FAILED converter/tests/e2e_tests/test_cli.py::test_invalid_input_format - Sys...
FAILED converter/tests/e2e_tests/test_cli.py::test_invalid_output_path - Syst...
FAILED converter/tests/e2e_tests/test_file_operations.py::test_basic_file_conversion
FAILED converter/tests/e2e_tests/test_file_operations.py::test_output_file_format
FAILED converter/tests/e2e_tests/test_homerow_mods.py::test_homerow_mods_conversion
FAILED converter/tests/e2e_tests/test_homerow_mods.py::test_homerow_mods_mac_conversion
FAILED converter/tests/e2e_tests/test_input_formats.py::test_single_layer_keymap
FAILED converter/tests/e2e_tests/test_input_formats.py::test_multiple_layer_keymap
FAILED converter/tests/e2e_tests/test_input_formats.py::test_empty_layer_keymap
FAILED converter/tests/e2e_tests/test_input_formats.py::test_comments_and_whitespace
FAILED converter/tests/e2e_tests/test_macro.py::test_basic_macro_conversion
FAILED converter/tests/e2e_tests/test_macro.py::test_complex_macro_conversion
FAILED converter/tests/e2e_tests/test_macro.py::test_parameterized_macro_conversion
FAILED converter/tests/e2e_tests/test_output_validation.py::test_output_file_permissions
FAILED converter/tests/e2e_tests/test_output_validation.py::test_output_file_encoding
FAILED converter/tests/e2e_tests/test_output_validation.py::test_output_file_format
FAILED converter/tests/e2e_tests/test_output_validation.py::test_kanata_s_expression_conformity
FAILED converter/tests/e2e_tests/test_real_world_configs.py::test_qwerty_standard_layout
FAILED converter/tests/e2e_tests/test_real_world_configs.py::test_colemak_layout
FAILED converter/tests/e2e_tests/test_real_world_configs.py::test_split_keyboard_layout
FAILED converter/tests/e2e_tests/test_real_world_configs.py::test_ergonomic_layout_with_homerow_mods
FAILED converter/tests/e2e_tests/test_real_world_configs.py::test_ben_vallack_cradio_layout
FAILED converter/tests/e2e_tests/test_real_world_configs.py::test_dvorak_layout
FAILED converter/tests/e2e_tests/test_real_world_configs.py::test_ergonomic_kyria_layout
FAILED converter/tests/e2e_tests/test_sticky_keys.py::test_sticky_key_basic
FAILED converter/tests/e2e_tests/test_sticky_keys.py::test_sticky_key_advanced
FAILED converter/tests/e2e_tests/test_sticky_keys.py::test_sticky_key_errors
FAILED converter/tests/integration/end_to_end/test_end_to_end.py::test_basic_conversion_pipeline
FAILED converter/tests/integration/end_to_end/test_end_to_end.py::test_complex_binding_conversion
FAILED converter/tests/integration/end_to_end/test_end_to_end.py::test_macro_conversion
FAILED converter/tests/integration/end_to_end/test_end_to_end.py::test_error_recovery
FAILED converter/tests/integration/end_to_end/test_end_to_end.py::test_multiple_layer_conversion
FAILED converter/tests/integration/end_to_end/test_end_to_end.py::test_global_settings
FAILED converter/tests/integration/end_to_end/test_real_world_examples.py::test_corne_keymap_conversion
FAILED converter/tests/integration/end_to_end/test_real_world_examples.py::test_ferris_sweep_keymap
FAILED converter/tests/integration/test_binding_parser_integration.py::test_basic_binding_integration
FAILED converter/tests/integration/test_binding_parser_integration.py::test_complex_binding_integration
FAILED converter/tests/integration/test_binding_parser_integration.py::test_nested_binding_integration
FAILED converter/tests/integration/test_binding_parser_integration.py::test_error_recovery_integration
FAILED converter/tests/integration/test_binding_parser_integration.py::test_multiline_binding_integration
FAILED converter/tests/integration/test_binding_parser_integration.py::test_inline_binding_integration
FAILED converter/tests/integration/test_binding_parser_integration.py::test_multiple_layers_integration
FAILED converter/tests/integration/test_error_recovery_integration.py::test_invalid_binding_recovery
FAILED converter/tests/integration/test_error_recovery_integration.py::test_invalid_layer_recovery
FAILED converter/tests/integration/test_error_recovery_integration.py::test_multiple_error_recovery
FAILED converter/tests/integration/test_error_recovery_integration.py::test_nested_behavior_recovery
FAILED converter/tests/integration/test_error_recovery_integration.py::test_error_recovery_with_comments
FAILED converter/tests/integration/test_error_recovery_integration.py::test_error_recovery_preserves_valid_content
FAILED converter/tests/integration/test_key_validation.py::test_key_validation_invalid
FAILED converter/tests/integration/test_key_validation.py::test_key_validation_with_hold_tap
FAILED converter/tests/integration/test_key_validation.py::test_key_validation_with_sticky
FAILED converter/tests/integration/test_zmk_to_kanata_conversion.py::test_holdtap_conversion
FAILED converter/tests/integration/test_zmk_to_kanata_conversion.py::test_macro_conversion
FAILED converter/tests/integration/test_zmk_to_kanata_conversion.py::test_sticky_key_conversion
FAILED converter/tests/integration/test_zmk_to_kanata_conversion_edge_cases.py::test_invalid_macro_conversion
FAILED converter/tests/integration/test_zmk_to_kanata_conversion_edge_cases.py::test_mixed_timing_parameters
FAILED converter/tests/integration/test_zmk_to_kanata_error_handling.py::test_missing_required_fields
FAILED converter/tests/integration/test_zmk_to_kanata_error_handling.py::test_invalid_macro_definition_recovery
FAILED converter/tests/integration/test_zmk_to_kanata_error_handling.py::test_binding_validation_errors
FAILED converter/tests/integration/test_zmk_to_kanata_error_handling.py::test_error_context_information
FAILED converter/tests/performance/test_performance.py::test_parser_performance_small
FAILED converter/tests/performance/test_performance.py::test_parser_performance_large
FAILED converter/tests/performance/test_performance.py::test_transformer_performance
FAILED converter/tests/performance/test_performance.py::test_end_to_end_performance
FAILED converter/tests/test_basic_remap.py::test_parse_default_layer - Assert...
FAILED converter/tests/test_basic_remap.py::test_transform_default_layer - As...
FAILED converter/tests/test_basic_remap.py::test_parse_malformed_file - conve...
FAILED converter/tests/test_global_settings.py::test_default_global_settings
FAILED converter/tests/test_global_settings.py::test_custom_global_settings
FAILED converter/tests/test_global_settings.py::test_partial_global_settings
FAILED converter/tests/test_global_settings.py::test_invalid_global_settings
FAILED converter/tests/test_global_settings.py::test_malformed_global_settings
FAILED converter/tests/test_integration.py::test_basic_conversion - converter...
FAILED converter/tests/test_key_sequence.py::test_key_sequence_creation - Typ...
FAILED converter/tests/test_key_sequence.py::test_key_sequence_validation - T...
FAILED converter/tests/test_key_sequence.py::test_key_sequence_binding_creation
FAILED converter/tests/test_key_sequence.py::test_key_sequence_binding_to_kanata
FAILED converter/tests/test_key_sequence.py::test_key_sequence_binding_from_zmk
FAILED converter/tests/test_key_sequence.py::test_parse_key_sequence_behavior
FAILED converter/tests/test_key_sequence.py::test_parse_key_sequence_behavior_defaults
FAILED converter/tests/test_layer_integration.py::TestLayerIntegration::test_parse_and_transform
FAILED converter/tests/test_layer_parsing.py::test_empty_layer - converter.pa...
FAILED converter/tests/test_layer_parsing.py::test_multiple_layers - Assertio...
FAILED converter/tests/test_layer_parsing.py::test_multiline_bindings - conve...
FAILED converter/tests/test_layer_parsing.py::test_nested_layers - Failed: DI...
FAILED converter/tests/test_layer_transformer.py::test_transform_binding - Ty...
FAILED converter/tests/test_layer_transformer.py::test_parse_binding_matrix
FAILED converter/tests/test_layer_transformer.py::test_transform_layer - Type...
FAILED converter/tests/test_layer_transformer.py::test_transform_layers - Typ...
FAILED converter/tests/test_layer_transformer.py::test_transform_key_sequence
FAILED converter/tests/test_macro.py::TestMacroBehavior::test_macro_behavior_custom_values
FAILED converter/tests/test_macro.py::TestMacroBehavior::test_macro_behavior_defaults
FAILED converter/tests/test_macro.py::TestMacroBinding::test_macro_binding_creation
FAILED converter/tests/test_macro.py::TestMacroBinding::test_macro_binding_from_zmk
FAILED converter/tests/test_macro.py::TestMacroBinding::test_macro_binding_from_zmk_unknown_behavior
FAILED converter/tests/test_macro.py::TestMacroBinding::test_macro_binding_from_zmk_with_param
FAILED converter/tests/test_macro.py::TestMacroBinding::test_macro_binding_to_kanata
FAILED converter/tests/test_macro.py::TestMacroParser::test_extract_behaviors_after_control
FAILED converter/tests/test_macro.py::TestMacroParser::test_parse_behavior - ...
FAILED converter/tests/test_macro.py::TestMacroParser::test_parse_behavior_not_macro
FAILED converter/tests/test_macro.py::TestMacroParser::test_parse_behavior_one_param
FAILED converter/tests/test_macro.py::TestMacroParser::test_parse_behavior_two_param
FAILED converter/tests/test_macro.py::TestMacroParser::test_parse_binding - T...
FAILED converter/tests/test_macro.py::TestMacroParser::test_parse_binding_not_macro
FAILED converter/tests/test_macro.py::TestMacroParser::test_parse_bindings - ...
FAILED converter/tests/test_macro_integration.py::TestMacroIntegration::test_macro_conversion
FAILED converter/tests/test_macro_parser.py::test_complex_macro - converter.p...
FAILED converter/tests/test_macro_parser.py::test_invalid_macro_settings - As...
FAILED converter/tests/test_macro_parser.py::test_nested_macros - Failed: DID...
FAILED converter/tests/test_macro_parser.py::test_parameterized_macro - conve...
FAILED converter/tests/test_parser_debug.py::test_layer_pattern_matching - At...
FAILED converter/tests/test_parser_debug.py::test_row_splitting - AttributeEr...
FAILED converter/tests/test_parser_debug.py::test_global_pattern_matching - A...
FAILED converter/tests/test_unicode_integration.py::TestUnicodeIntegration::test_unicode_conversion
FAILED converter/tests/unit/parser/test_ben_vallack_config.py::TestBenVallackConfig::test_parse_custom_behaviors
FAILED converter/tests/unit/parser/test_ben_vallack_config.py::TestBenVallackConfig::test_parse_full_config
FAILED converter/tests/unit/parser/test_binding_parser.py::test_simple_key_press
FAILED converter/tests/unit/parser/test_binding_parser.py::test_layer_tap - E...
FAILED converter/tests/unit/parser/test_binding_parser.py::test_mod_tap - Exc...
FAILED converter/tests/unit/parser/test_binding_parser.py::test_layer_behaviors
FAILED converter/tests/unit/parser/test_binding_parser.py::test_transparent
FAILED converter/tests/unit/parser/test_binding_parser.py::test_nested_bindings
FAILED converter/tests/unit/parser/test_binding_parser.py::test_invalid_bindings
FAILED converter/tests/unit/parser/test_binding_parser.py::test_invalid_nested_bindings
FAILED converter/tests/unit/parser/test_binding_parser.py::test_invalid_parameters
FAILED converter/tests/unit/parser/test_binding_parser.py::test_whitespace_handling
FAILED converter/tests/unit/parser/test_error_recovery_wrapper.py::test_parse_binding_value_error
FAILED converter/tests/unit/parser/test_error_recovery_wrapper.py::test_parse_layer_value_error
FAILED converter/tests/unit/parser/test_error_recovery_wrapper.py::test_error_summary
FAILED converter/tests/unit/parser/test_error_recovery_wrapper.py::test_has_errors
FAILED converter/tests/unit/parser/test_layer_parser.py::test_parse_single_layer
FAILED converter/tests/unit/parser/test_layer_parser.py::test_invalid_binding_syntax
FAILED converter/tests/unit/parser/test_zmk_parser_new.py::TestZMKParserNew::test_parse_minimal_behaviors_block
FAILED converter/tests/unit/parser/test_zmk_parser_new.py::TestZMKParserNew::test_parse_full_behaviors_block
FAILED converter/tests/unit/parser/test_zmk_parser_new.py::TestZMKParserNew::test_parse_macros_block
FAILED converter/tests/unit/parser/test_zmk_parser_new.py::TestZMKParserNew::test_error_recovery
FAILED converter/tests/unit/test_complex_bindings.py::test_nested_hold_tap_with_layer
FAILED converter/tests/unit/test_complex_bindings.py::test_hold_tap_with_sticky
FAILED converter/tests/unit/test_complex_bindings.py::test_multi_layer_sequence
FAILED converter/tests/unit/test_complex_bindings.py::test_complex_modifier_chain
FAILED converter/tests/unit/test_complex_bindings.py::test_mixed_case_handling
FAILED converter/tests/unit/test_complex_bindings.py::test_special_key_combinations
FAILED converter/tests/unit/test_complex_bindings.py::test_complex_macro_binding
FAILED converter/tests/unit/test_complex_bindings.py::test_layer_with_empty_slots
FAILED converter/tests/unit/test_error_recovery.py::test_handle_invalid_binding
FAILED converter/tests/unit/test_error_recovery.py::test_handle_invalid_layer
FAILED converter/tests/unit/test_holdtap_transformer.py::test_basic_holdtap_transformation
FAILED converter/tests/unit/test_holdtap_transformer.py::test_holdtap_with_release
FAILED converter/tests/unit/test_holdtap_transformer.py::test_holdtap_with_key_positions
FAILED converter/tests/unit/test_holdtap_transformer.py::test_holdtap_with_retro_tap
FAILED converter/tests/unit/test_holdtap_transformer.py::test_full_keymap_transformation
FAILED converter/tests/unit/test_holdtap_transformer_edge_cases.py::test_empty_holdtap_transformations
FAILED converter/tests/unit/test_holdtap_transformer_edge_cases.py::test_invalid_timing_parameters
FAILED converter/tests/unit/test_holdtap_transformer_edge_cases.py::test_special_character_holdtap
FAILED converter/tests/unit/test_holdtap_transformer_edge_cases.py::test_mixed_case_transformations
FAILED converter/tests/unit/test_holdtap_transformer_edge_cases.py::test_nested_holdtap_behaviors
FAILED converter/tests/unit/test_holdtap_transformer_edge_cases.py::test_boundary_timing_values
FAILED converter/tests/unit/test_taphold_keymap.py::TestTapHoldKeymap::test_parse_hold_tap_binding
FAILED converter/tests/unit/transformer/test_sticky_key_transformer_edge_cases.py::test_empty_sticky_key_transformations
FAILED converter/tests/unit/transformer/test_sticky_key_transformer_edge_cases.py::test_invalid_timing_parameters
FAILED converter/tests/unit/transformer/test_sticky_key_transformer_edge_cases.py::test_special_character_sticky_keys
FAILED converter/tests/unit/transformer/test_sticky_key_transformer_edge_cases.py::test_mixed_case_transformations
FAILED converter/tests/unit/transformer/test_sticky_key_transformer_edge_cases.py::test_boundary_timing_values
FAILED converter/tests/unit/transformer/test_sticky_key_transformer_edge_cases.py::test_nested_sticky_behaviors
FAILED converter/tests/unit/transformer/test_sticky_key_transformer_edge_cases.py::test_invalid_key_combinations
ERROR converter/tests/integration/test_zmk_to_kanata_conversion.py::test_basic_layer_conversion
ERROR converter/tests/integration/test_zmk_to_kanata_conversion.py::test_complex_layer_conversion
ERROR converter/tests/integration/test_zmk_to_kanata_conversion.py::test_mixed_behavior_conversion
ERROR converter/tests/integration/test_zmk_to_kanata_conversion_edge_cases.py::test_empty_layer_conversion
ERROR converter/tests/integration/test_zmk_to_kanata_conversion_edge_cases.py::test_nested_behavior_conversion
ERROR converter/tests/integration/test_zmk_to_kanata_conversion_edge_cases.py::test_invalid_layer_references
ERROR converter/tests/integration/test_zmk_to_kanata_conversion_edge_cases.py::test_special_character_conversion
ERROR converter/tests/integration/test_zmk_to_kanata_conversion_edge_cases.py::test_malformed_input_recovery
ERROR converter/tests/integration/test_zmk_to_kanata_error_handling.py::test_syntax_error_recovery
ERROR converter/tests/integration/test_zmk_to_kanata_error_handling.py::test_layer_validation_errors
ERROR converter/tests/integration/test_zmk_to_kanata_error_handling.py::test_partial_recovery
ERROR converter/tests/integration/test_zmk_to_kanata_error_handling.py::test_error_recovery_strategies
ERROR converter/tests/unit/transformer/test_layer_transformer.py::test_basic_key_transformations
ERROR converter/tests/unit/transformer/test_layer_transformer.py::test_special_key_transformations
ERROR converter/tests/unit/transformer/test_layer_transformer.py::test_layer_control_transformations
ERROR converter/tests/unit/transformer/test_layer_transformer.py::test_key_sequence_transformations
ERROR converter/tests/unit/transformer/test_layer_transformer.py::test_layer_transformations
ERROR converter/tests/unit/transformer/test_layer_transformer.py::test_binding_matrix_transformations
ERROR converter/tests/unit/transformer/test_layer_transformer_edge_cases.py::test_empty_layer_transformation
ERROR converter/tests/unit/transformer/test_layer_transformer_edge_cases.py::test_layer_with_empty_bindings
ERROR converter/tests/unit/transformer/test_layer_transformer_edge_cases.py::test_complex_key_sequences
ERROR converter/tests/unit/transformer/test_layer_transformer_edge_cases.py::test_invalid_key_mappings
ERROR converter/tests/unit/transformer/test_layer_transformer_edge_cases.py::test_layer_name_edge_cases
ERROR converter/tests/unit/transformer/test_layer_transformer_edge_cases.py::test_nested_matrix_transformations
ERROR converter/tests/unit/transformer/test_layer_transformer_edge_cases.py::test_special_character_transformations
====== 170 failed, 135 passed, 16 skipped, 2 xfailed, 25 errors in 1.92s =======
